-------------------------------------------------------------------------------
Test set: com.thigas.quack.QuackApplicationTests
-------------------------------------------------------------------------------
Tests run: 1, Failures: 0, Errors: 1, Skipped: 0, Time elapsed: 12.77 s <<< FAILURE! -- in com.thigas.quack.QuackApplicationTests
com.thigas.quack.QuackApplicationTests.contextLoads -- Time elapsed: 0.015 s <<< ERROR!
java.lang.IllegalStateException: Failed to load ApplicationContext for [WebMergedContextConfiguration@76a0910c testClass = com.thigas.quack.QuackApplicationTests, locations = [], classes = [com.thigas.quack.QuackApplication], contextInitializerClasses = [], activeProfiles = [], propertySourceDescriptors = [], propertySourceProperties = ["org.springframework.boot.test.context.SpringBootTestContextBootstrapper=true"], contextCustomizers = [org.springframework.boot.test.context.filter.ExcludeFilterContextCustomizer@461ad730, org.springframework.boot.test.json.DuplicateJsonObjectContextCustomizerFactory$DuplicateJsonObjectContextCustomizer@3e78b6a5, org.springframework.boot.test.mock.mockito.MockitoContextCustomizer@0, org.springframework.boot.test.web.client.TestRestTemplateContextCustomizer@7d7758be, org.springframework.boot.test.web.reactor.netty.DisableReactorResourceFactoryGlobalResourcesContextCustomizerFactory$DisableReactorResourceFactoryGlobalResourcesContextCustomizerCustomizer@9cb8225, org.springframework.boot.test.autoconfigure.actuate.observability.ObservabilityContextCustomizerFactory$DisableObservabilityContextCustomizer@1f, org.springframework.boot.test.autoconfigure.properties.PropertyMappingContextCustomizer@0, org.springframework.boot.test.autoconfigure.web.servlet.WebDriverContextCustomizer@35a3d49f, org.springframework.boot.test.context.SpringBootTestAnnotation@a45f9ddd], resourceBasePath = "src/main/webapp", contextLoader = org.springframework.boot.test.context.SpringBootContextLoader, parent = null]
	at org.springframework.test.context.cache.DefaultCacheAwareContextLoaderDelegate.loadContext(DefaultCacheAwareContextLoaderDelegate.java:180)
	at org.springframework.test.context.support.DefaultTestContext.getApplicationContext(DefaultTestContext.java:130)
	at org.springframework.test.context.web.ServletTestExecutionListener.setUpRequestContextIfNecessary(ServletTestExecutionListener.java:191)
	at org.springframework.test.context.web.ServletTestExecutionListener.prepareTestInstance(ServletTestExecutionListener.java:130)
	at org.springframework.test.context.TestContextManager.prepareTestInstance(TestContextManager.java:260)
	at org.springframework.test.context.junit.jupiter.SpringExtension.postProcessTestInstance(SpringExtension.java:163)
	at java.base/java.util.stream.ReferencePipeline$3$1.accept(ReferencePipeline.java:197)
	at java.base/java.util.stream.ReferencePipeline$2$1.accept(ReferencePipeline.java:179)
	at java.base/java.util.ArrayList$ArrayListSpliterator.forEachRemaining(ArrayList.java:1708)
	at java.base/java.util.stream.AbstractPipeline.copyInto(AbstractPipeline.java:509)
	at java.base/java.util.stream.AbstractPipeline.wrapAndCopyInto(AbstractPipeline.java:499)
	at java.base/java.util.stream.StreamSpliterators$WrappingSpliterator.forEachRemaining(StreamSpliterators.java:310)
	at java.base/java.util.stream.Streams$ConcatSpliterator.forEachRemaining(Streams.java:735)
	at java.base/java.util.stream.Streams$ConcatSpliterator.forEachRemaining(Streams.java:734)
	at java.base/java.util.stream.ReferencePipeline$Head.forEach(ReferencePipeline.java:762)
	at java.base/java.util.Optional.orElseGet(Optional.java:364)
	at java.base/java.util.ArrayList.forEach(ArrayList.java:1596)
	at java.base/java.util.ArrayList.forEach(ArrayList.java:1596)
Caused by: java.lang.IllegalStateException: java.lang.StackOverflowError
	at org.springframework.boot.SpringApplication.handleRunFailure(SpringApplication.java:825)
	at org.springframework.boot.SpringApplication.run(SpringApplication.java:345)
	at org.springframework.boot.test.context.SpringBootContextLoader.lambda$loadContext$3(SpringBootContextLoader.java:137)
	at org.springframework.util.function.ThrowingSupplier.get(ThrowingSupplier.java:58)
	at org.springframework.util.function.ThrowingSupplier.get(ThrowingSupplier.java:46)
	at org.springframework.boot.SpringApplication.withHook(SpringApplication.java:1463)
	at org.springframework.boot.test.context.SpringBootContextLoader$ContextLoaderHook.run(SpringBootContextLoader.java:553)
	at org.springframework.boot.test.context.SpringBootContextLoader.loadContext(SpringBootContextLoader.java:137)
	at org.springframework.boot.test.context.SpringBootContextLoader.loadContext(SpringBootContextLoader.java:108)
	at org.springframework.test.context.cache.DefaultCacheAwareContextLoaderDelegate.loadContextInternal(DefaultCacheAwareContextLoaderDelegate.java:225)
	at org.springframework.test.context.cache.DefaultCacheAwareContextLoaderDelegate.loadContext(DefaultCacheAwareContextLoaderDelegate.java:152)
	... 17 more
Caused by: java.lang.StackOverflowError
	at org.hibernate.collection.spi.PersistentSet.iterator(PersistentSet.java:166)
	at com.thigas.quack.adapter.mapper.StepMapperImpl.taskModelSetToTaskEntitySet(StepMapperImpl.java:166)
	at com.thigas.quack.adapter.mapper.StepMapperImpl.modelToEntity(StepMapperImpl.java:83)
	at com.thigas.quack.adapter.mapper.StepMapperImpl.stepModelSetToStepEntitySet(StepMapperImpl.java:139)
	at com.thigas.quack.adapter.mapper.StepMapperImpl.taskModelToTaskEntity(StepMapperImpl.java:153)
	at com.thigas.quack.adapter.mapper.StepMapperImpl.taskModelSetToTaskEntitySet(StepMapperImpl.java:167)
	at com.thigas.quack.adapter.mapper.StepMapperImpl.modelToEntity(StepMapperImpl.java:83)
	at com.thigas.quack.adapter.mapper.StepMapperImpl.stepModelSetToStepEntitySet(StepMapperImpl.java:139)
	at com.thigas.quack.adapter.mapper.StepMapperImpl.taskModelToTaskEntity(StepMapperImpl.java:153)
	at com.thigas.quack.adapter.mapper.StepMapperImpl.taskModelSetToTaskEntitySet(StepMapperImpl.java:167)
	at com.thigas.quack.adapter.mapper.StepMapperImpl.modelToEntity(StepMapperImpl.java:83)
	at com.thigas.quack.adapter.mapper.StepMapperImpl.stepModelSetToStepEntitySet(StepMapperImpl.java:139)
	at com.thigas.quack.adapter.mapper.StepMapperImpl.taskModelToTaskEntity(StepMapperImpl.java:153)
	at com.thigas.quack.adapter.mapper.StepMapperImpl.taskModelSetToTaskEntitySet(StepMapperImpl.java:167)
	at com.thigas.quack.adapter.mapper.StepMapperImpl.modelToEntity(StepMapperImpl.java:83)
	at com.thigas.quack.adapter.mapper.StepMapperImpl.stepModelSetToStepEntitySet(StepMapperImpl.java:139)
	at com.thigas.quack.adapter.mapper.StepMapperImpl.taskModelToTaskEntity(StepMapperImpl.java:153)
	at com.thigas.quack.adapter.mapper.StepMapperImpl.taskModelSetToTaskEntitySet(StepMapperImpl.java:167)
	at com.thigas.quack.adapter.mapper.StepMapperImpl.modelToEntity(StepMapperImpl.java:83)
	at com.thigas.quack.adapter.mapper.StepMapperImpl.stepModelSetToStepEntitySet(StepMapperImpl.java:139)
	at com.thigas.quack.adapter.mapper.StepMapperImpl.taskModelToTaskEntity(StepMapperImpl.java:153)
	at com.thigas.quack.adapter.mapper.StepMapperImpl.taskModelSetToTaskEntitySet(StepMapperImpl.java:167)
	at com.thigas.quack.adapter.mapper.StepMapperImpl.modelToEntity(StepMapperImpl.java:83)
	at com.thigas.quack.adapter.mapper.StepMapperImpl.stepModelSetToStepEntitySet(StepMapperImpl.java:139)
	at com.thigas.quack.adapter.mapper.StepMapperImpl.taskModelToTaskEntity(StepMapperImpl.java:153)
	at com.thigas.quack.adapter.mapper.StepMapperImpl.taskModelSetToTaskEntitySet(StepMapperImpl.java:167)
	at com.thigas.quack.adapter.mapper.StepMapperImpl.modelToEntity(StepMapperImpl.java:83)
	at com.thigas.quack.adapter.mapper.StepMapperImpl.stepModelSetToStepEntitySet(StepMapperImpl.java:139)
	at com.thigas.quack.adapter.mapper.StepMapperImpl.taskModelToTaskEntity(StepMapperImpl.java:153)
	at com.thigas.quack.adapter.mapper.StepMapperImpl.taskModelSetToTaskEntitySet(StepMapperImpl.java:167)
	at com.thigas.quack.adapter.mapper.StepMapperImpl.modelToEntity(StepMapperImpl.java:83)
	at com.thigas.quack.adapter.mapper.StepMapperImpl.stepModelSetToStepEntitySet(StepMapperImpl.java:139)
	at com.thigas.quack.adapter.mapper.StepMapperImpl.taskModelToTaskEntity(StepMapperImpl.java:153)
	at com.thigas.quack.adapter.mapper.StepMapperImpl.taskModelSetToTaskEntitySet(StepMapperImpl.java:167)
	at com.thigas.quack.adapter.mapper.StepMapperImpl.modelToEntity(StepMapperImpl.java:83)
	at com.thigas.quack.adapter.mapper.StepMapperImpl.stepModelSetToStepEntitySet(StepMapperImpl.java:139)
	at com.thigas.quack.adapter.mapper.StepMapperImpl.taskModelToTaskEntity(StepMapperImpl.java:153)
	at com.thigas.quack.adapter.mapper.StepMapperImpl.taskModelSetToTaskEntitySet(StepMapperImpl.java:167)
	at com.thigas.quack.adapter.mapper.StepMapperImpl.modelToEntity(StepMapperImpl.java:83)
	at com.thigas.quack.adapter.mapper.StepMapperImpl.stepModelSetToStepEntitySet(StepMapperImpl.java:139)
	at com.thigas.quack.adapter.mapper.StepMapperImpl.taskModelToTaskEntity(StepMapperImpl.java:153)
	at com.thigas.quack.adapter.mapper.StepMapperImpl.taskModelSetToTaskEntitySet(StepMapperImpl.java:167)
	at com.thigas.quack.adapter.mapper.StepMapperImpl.modelToEntity(StepMapperImpl.java:83)
	at com.thigas.quack.adapter.mapper.StepMapperImpl.stepModelSetToStepEntitySet(StepMapperImpl.java:139)
	at com.thigas.quack.adapter.mapper.StepMapperImpl.taskModelToTaskEntity(StepMapperImpl.java:153)
	at com.thigas.quack.adapter.mapper.StepMapperImpl.taskModelSetToTaskEntitySet(StepMapperImpl.java:167)
	at com.thigas.quack.adapter.mapper.StepMapperImpl.modelToEntity(StepMapperImpl.java:83)
	at com.thigas.quack.adapter.mapper.StepMapperImpl.stepModelSetToStepEntitySet(StepMapperImpl.java:139)
	at com.thigas.quack.adapter.mapper.StepMapperImpl.taskModelToTaskEntity(StepMapperImpl.java:153)
	at com.thigas.quack.adapter.mapper.StepMapperImpl.taskModelSetToTaskEntitySet(StepMapperImpl.java:167)
	at com.thigas.quack.adapter.mapper.StepMapperImpl.modelToEntity(StepMapperImpl.java:83)
	at com.thigas.quack.adapter.mapper.StepMapperImpl.stepModelSetToStepEntitySet(StepMapperImpl.java:139)
	at com.thigas.quack.adapter.mapper.StepMapperImpl.taskModelToTaskEntity(StepMapperImpl.java:153)
	at com.thigas.quack.adapter.mapper.StepMapperImpl.taskModelSetToTaskEntitySet(StepMapperImpl.java:167)
	at com.thigas.quack.adapter.mapper.StepMapperImpl.modelToEntity(StepMapperImpl.java:83)
	at com.thigas.quack.adapter.mapper.StepMapperImpl.stepModelSetToStepEntitySet(StepMapperImpl.java:139)
	at com.thigas.quack.adapter.mapper.StepMapperImpl.taskModelToTaskEntity(StepMapperImpl.java:153)
	at com.thigas.quack.adapter.mapper.StepMapperImpl.taskModelSetToTaskEntitySet(StepMapperImpl.java:167)
	at com.thigas.quack.adapter.mapper.StepMapperImpl.modelToEntity(StepMapperImpl.java:83)
	at com.thigas.quack.adapter.mapper.StepMapperImpl.stepModelSetToStepEntitySet(StepMapperImpl.java:139)
	at com.thigas.quack.adapter.mapper.StepMapperImpl.taskModelToTaskEntity(StepMapperImpl.java:153)
	at com.thigas.quack.adapter.mapper.StepMapperImpl.taskModelSetToTaskEntitySet(StepMapperImpl.java:167)
	at com.thigas.quack.adapter.mapper.StepMapperImpl.modelToEntity(StepMapperImpl.java:83)
	at com.thigas.quack.adapter.mapper.StepMapperImpl.stepModelSetToStepEntitySet(StepMapperImpl.java:139)
	at com.thigas.quack.adapter.mapper.StepMapperImpl.taskModelToTaskEntity(StepMapperImpl.java:153)
	at com.thigas.quack.adapter.mapper.StepMapperImpl.taskModelSetToTaskEntitySet(StepMapperImpl.java:167)
	at com.thigas.quack.adapter.mapper.StepMapperImpl.modelToEntity(StepMapperImpl.java:83)
	at com.thigas.quack.adapter.mapper.StepMapperImpl.stepModelSetToStepEntitySet(StepMapperImpl.java:139)
	at com.thigas.quack.adapter.mapper.StepMapperImpl.taskModelToTaskEntity(StepMapperImpl.java:153)
	at com.thigas.quack.adapter.mapper.StepMapperImpl.taskModelSetToTaskEntitySet(StepMapperImpl.java:167)
	at com.thigas.quack.adapter.mapper.StepMapperImpl.modelToEntity(StepMapperImpl.java:83)
	at com.thigas.quack.adapter.mapper.StepMapperImpl.stepModelSetToStepEntitySet(StepMapperImpl.java:139)
	at com.thigas.quack.adapter.mapper.StepMapperImpl.taskModelToTaskEntity(StepMapperImpl.java:153)
	at com.thigas.quack.adapter.mapper.StepMapperImpl.taskModelSetToTaskEntitySet(StepMapperImpl.java:167)
	at com.thigas.quack.adapter.mapper.StepMapperImpl.modelToEntity(StepMapperImpl.java:83)
	at com.thigas.quack.adapter.mapper.StepMapperImpl.stepModelSetToStepEntitySet(StepMapperImpl.java:139)
	at com.thigas.quack.adapter.mapper.StepMapperImpl.taskModelToTaskEntity(StepMapperImpl.java:153)
	at com.thigas.quack.adapter.mapper.StepMapperImpl.taskModelSetToTaskEntitySet(StepMapperImpl.java:167)
	at com.thigas.quack.adapter.mapper.StepMapperImpl.modelToEntity(StepMapperImpl.java:83)
	at com.thigas.quack.adapter.mapper.StepMapperImpl.stepModelSetToStepEntitySet(StepMapperImpl.java:139)
	at com.thigas.quack.adapter.mapper.StepMapperImpl.taskModelToTaskEntity(StepMapperImpl.java:153)
	at com.thigas.quack.adapter.mapper.StepMapperImpl.taskModelSetToTaskEntitySet(StepMapperImpl.java:167)
	at com.thigas.quack.adapter.mapper.StepMapperImpl.modelToEntity(StepMapperImpl.java:83)
	at com.thigas.quack.adapter.mapper.StepMapperImpl.stepModelSetToStepEntitySet(StepMapperImpl.java:139)
	at com.thigas.quack.adapter.mapper.StepMapperImpl.taskModelToTaskEntity(StepMapperImpl.java:153)
	at com.thigas.quack.adapter.mapper.StepMapperImpl.taskModelSetToTaskEntitySet(StepMapperImpl.java:167)
	at com.thigas.quack.adapter.mapper.StepMapperImpl.modelToEntity(StepMapperImpl.java:83)
	at com.thigas.quack.adapter.mapper.StepMapperImpl.stepModelSetToStepEntitySet(StepMapperImpl.java:139)
	at com.thigas.quack.adapter.mapper.StepMapperImpl.taskModelToTaskEntity(StepMapperImpl.java:153)
	at com.thigas.quack.adapter.mapper.StepMapperImpl.taskModelSetToTaskEntitySet(StepMapperImpl.java:167)
	at com.thigas.quack.adapter.mapper.StepMapperImpl.modelToEntity(StepMapperImpl.java:83)
	at com.thigas.quack.adapter.mapper.StepMapperImpl.stepModelSetToStepEntitySet(StepMapperImpl.java:139)
	at com.thigas.quack.adapter.mapper.StepMapperImpl.taskModelToTaskEntity(StepMapperImpl.java:153)
	at com.thigas.quack.adapter.mapper.StepMapperImpl.taskModelSetToTaskEntitySet(StepMapperImpl.java:167)
	at com.thigas.quack.adapter.mapper.StepMapperImpl.modelToEntity(StepMapperImpl.java:83)
	at com.thigas.quack.adapter.mapper.StepMapperImpl.stepModelSetToStepEntitySet(StepMapperImpl.java:139)
	at com.thigas.quack.adapter.mapper.StepMapperImpl.taskModelToTaskEntity(StepMapperImpl.java:153)
	at com.thigas.quack.adapter.mapper.StepMapperImpl.taskModelSetToTaskEntitySet(StepMapperImpl.java:167)
	at com.thigas.quack.adapter.mapper.StepMapperImpl.modelToEntity(StepMapperImpl.java:83)
	at com.thigas.quack.adapter.mapper.StepMapperImpl.stepModelSetToStepEntitySet(StepMapperImpl.java:139)
	at com.thigas.quack.adapter.mapper.StepMapperImpl.taskModelToTaskEntity(StepMapperImpl.java:153)
	at com.thigas.quack.adapter.mapper.StepMapperImpl.taskModelSetToTaskEntitySet(StepMapperImpl.java:167)
	at com.thigas.quack.adapter.mapper.StepMapperImpl.modelToEntity(StepMapperImpl.java:83)
	at com.thigas.quack.adapter.mapper.StepMapperImpl.stepModelSetToStepEntitySet(StepMapperImpl.java:139)
	at com.thigas.quack.adapter.mapper.StepMapperImpl.taskModelToTaskEntity(StepMapperImpl.java:153)
	at com.thigas.quack.adapter.mapper.StepMapperImpl.taskModelSetToTaskEntitySet(StepMapperImpl.java:167)
	at com.thigas.quack.adapter.mapper.StepMapperImpl.modelToEntity(StepMapperImpl.java:83)
	at com.thigas.quack.adapter.mapper.StepMapperImpl.stepModelSetToStepEntitySet(StepMapperImpl.java:139)
	at com.thigas.quack.adapter.mapper.StepMapperImpl.taskModelToTaskEntity(StepMapperImpl.java:153)
	at com.thigas.quack.adapter.mapper.StepMapperImpl.taskModelSetToTaskEntitySet(StepMapperImpl.java:167)
	at com.thigas.quack.adapter.mapper.StepMapperImpl.modelToEntity(StepMapperImpl.java:83)
	at com.thigas.quack.adapter.mapper.StepMapperImpl.stepModelSetToStepEntitySet(StepMapperImpl.java:139)
	at com.thigas.quack.adapter.mapper.StepMapperImpl.taskModelToTaskEntity(StepMapperImpl.java:153)
	at com.thigas.quack.adapter.mapper.StepMapperImpl.taskModelSetToTaskEntitySet(StepMapperImpl.java:167)
	at com.thigas.quack.adapter.mapper.StepMapperImpl.modelToEntity(StepMapperImpl.java:83)
	at com.thigas.quack.adapter.mapper.StepMapperImpl.stepModelSetToStepEntitySet(StepMapperImpl.java:139)
	at com.thigas.quack.adapter.mapper.StepMapperImpl.taskModelToTaskEntity(StepMapperImpl.java:153)
	at com.thigas.quack.adapter.mapper.StepMapperImpl.taskModelSetToTaskEntitySet(StepMapperImpl.java:167)
	at com.thigas.quack.adapter.mapper.StepMapperImpl.modelToEntity(StepMapperImpl.java:83)
	at com.thigas.quack.adapter.mapper.StepMapperImpl.stepModelSetToStepEntitySet(StepMapperImpl.java:139)
	at com.thigas.quack.adapter.mapper.StepMapperImpl.taskModelToTaskEntity(StepMapperImpl.java:153)
	at com.thigas.quack.adapter.mapper.StepMapperImpl.taskModelSetToTaskEntitySet(StepMapperImpl.java:167)
	at com.thigas.quack.adapter.mapper.StepMapperImpl.modelToEntity(StepMapperImpl.java:83)
	at com.thigas.quack.adapter.mapper.StepMapperImpl.stepModelSetToStepEntitySet(StepMapperImpl.java:139)
	at com.thigas.quack.adapter.mapper.StepMapperImpl.taskModelToTaskEntity(StepMapperImpl.java:153)
	at com.thigas.quack.adapter.mapper.StepMapperImpl.taskModelSetToTaskEntitySet(StepMapperImpl.java:167)
	at com.thigas.quack.adapter.mapper.StepMapperImpl.modelToEntity(StepMapperImpl.java:83)
	at com.thigas.quack.adapter.mapper.StepMapperImpl.stepModelSetToStepEntitySet(StepMapperImpl.java:139)
	at com.thigas.quack.adapter.mapper.StepMapperImpl.taskModelToTaskEntity(StepMapperImpl.java:153)
	at com.thigas.quack.adapter.mapper.StepMapperImpl.taskModelSetToTaskEntitySet(StepMapperImpl.java:167)
	at com.thigas.quack.adapter.mapper.StepMapperImpl.modelToEntity(StepMapperImpl.java:83)
	at com.thigas.quack.adapter.mapper.StepMapperImpl.stepModelSetToStepEntitySet(StepMapperImpl.java:139)
	at com.thigas.quack.adapter.mapper.StepMapperImpl.taskModelToTaskEntity(StepMapperImpl.java:153)
	at com.thigas.quack.adapter.mapper.StepMapperImpl.taskModelSetToTaskEntitySet(StepMapperImpl.java:167)
	at com.thigas.quack.adapter.mapper.StepMapperImpl.modelToEntity(StepMapperImpl.java:83)
	at com.thigas.quack.adapter.mapper.StepMapperImpl.stepModelSetToStepEntitySet(StepMapperImpl.java:139)
	at com.thigas.quack.adapter.mapper.StepMapperImpl.taskModelToTaskEntity(StepMapperImpl.java:153)
	at com.thigas.quack.adapter.mapper.StepMapperImpl.taskModelSetToTaskEntitySet(StepMapperImpl.java:167)
	at com.thigas.quack.adapter.mapper.StepMapperImpl.modelToEntity(StepMapperImpl.java:83)
	at com.thigas.quack.adapter.mapper.StepMapperImpl.stepModelSetToStepEntitySet(StepMapperImpl.java:139)
	at com.thigas.quack.adapter.mapper.StepMapperImpl.taskModelToTaskEntity(StepMapperImpl.java:153)
	at com.thigas.quack.adapter.mapper.StepMapperImpl.taskModelSetToTaskEntitySet(StepMapperImpl.java:167)
	at com.thigas.quack.adapter.mapper.StepMapperImpl.modelToEntity(StepMapperImpl.java:83)
	at com.thigas.quack.adapter.mapper.StepMapperImpl.stepModelSetToStepEntitySet(StepMapperImpl.java:139)
	at com.thigas.quack.adapter.mapper.StepMapperImpl.taskModelToTaskEntity(StepMapperImpl.java:153)
	at com.thigas.quack.adapter.mapper.StepMapperImpl.taskModelSetToTaskEntitySet(StepMapperImpl.java:167)
	at com.thigas.quack.adapter.mapper.StepMapperImpl.modelToEntity(StepMapperImpl.java:83)
	at com.thigas.quack.adapter.mapper.StepMapperImpl.stepModelSetToStepEntitySet(StepMapperImpl.java:139)
	at com.thigas.quack.adapter.mapper.StepMapperImpl.taskModelToTaskEntity(StepMapperImpl.java:153)
	at com.thigas.quack.adapter.mapper.StepMapperImpl.taskModelSetToTaskEntitySet(StepMapperImpl.java:167)
	at com.thigas.quack.adapter.mapper.StepMapperImpl.modelToEntity(StepMapperImpl.java:83)
	at com.thigas.quack.adapter.mapper.StepMapperImpl.stepModelSetToStepEntitySet(StepMapperImpl.java:139)
	at com.thigas.quack.adapter.mapper.StepMapperImpl.taskModelToTaskEntity(StepMapperImpl.java:153)
	at com.thigas.quack.adapter.mapper.StepMapperImpl.taskModelSetToTaskEntitySet(StepMapperImpl.java:167)
	at com.thigas.quack.adapter.mapper.StepMapperImpl.modelToEntity(StepMapperImpl.java:83)
	at com.thigas.quack.adapter.mapper.StepMapperImpl.stepModelSetToStepEntitySet(StepMapperImpl.java:139)
	at com.thigas.quack.adapter.mapper.StepMapperImpl.taskModelToTaskEntity(StepMapperImpl.java:153)
	at com.thigas.quack.adapter.mapper.StepMapperImpl.taskModelSetToTaskEntitySet(StepMapperImpl.java:167)
	at com.thigas.quack.adapter.mapper.StepMapperImpl.modelToEntity(StepMapperImpl.java:83)
	at com.thigas.quack.adapter.mapper.StepMapperImpl.stepModelSetToStepEntitySet(StepMapperImpl.java:139)
	at com.thigas.quack.adapter.mapper.StepMapperImpl.taskModelToTaskEntity(StepMapperImpl.java:153)
	at com.thigas.quack.adapter.mapper.StepMapperImpl.taskModelSetToTaskEntitySet(StepMapperImpl.java:167)
	at com.thigas.quack.adapter.mapper.StepMapperImpl.modelToEntity(StepMapperImpl.java:83)
	at com.thigas.quack.adapter.mapper.StepMapperImpl.stepModelSetToStepEntitySet(StepMapperImpl.java:139)
	at com.thigas.quack.adapter.mapper.StepMapperImpl.taskModelToTaskEntity(StepMapperImpl.java:153)
	at com.thigas.quack.adapter.mapper.StepMapperImpl.taskModelSetToTaskEntitySet(StepMapperImpl.java:167)
	at com.thigas.quack.adapter.mapper.StepMapperImpl.modelToEntity(StepMapperImpl.java:83)
	at com.thigas.quack.adapter.mapper.StepMapperImpl.stepModelSetToStepEntitySet(StepMapperImpl.java:139)
	at com.thigas.quack.adapter.mapper.StepMapperImpl.taskModelToTaskEntity(StepMapperImpl.java:153)
	at com.thigas.quack.adapter.mapper.StepMapperImpl.taskModelSetToTaskEntitySet(StepMapperImpl.java:167)
	at com.thigas.quack.adapter.mapper.StepMapperImpl.modelToEntity(StepMapperImpl.java:83)
	at com.thigas.quack.adapter.mapper.StepMapperImpl.stepModelSetToStepEntitySet(StepMapperImpl.java:139)
	at com.thigas.quack.adapter.mapper.StepMapperImpl.taskModelToTaskEntity(StepMapperImpl.java:153)
	at com.thigas.quack.adapter.mapper.StepMapperImpl.taskModelSetToTaskEntitySet(StepMapperImpl.java:167)
	at com.thigas.quack.adapter.mapper.StepMapperImpl.modelToEntity(StepMapperImpl.java:83)
	at com.thigas.quack.adapter.mapper.StepMapperImpl.stepModelSetToStepEntitySet(StepMapperImpl.java:139)
	at com.thigas.quack.adapter.mapper.StepMapperImpl.taskModelToTaskEntity(StepMapperImpl.java:153)
	at com.thigas.quack.adapter.mapper.StepMapperImpl.taskModelSetToTaskEntitySet(StepMapperImpl.java:167)
	at com.thigas.quack.adapter.mapper.StepMapperImpl.modelToEntity(StepMapperImpl.java:83)
	at com.thigas.quack.adapter.mapper.StepMapperImpl.stepModelSetToStepEntitySet(StepMapperImpl.java:139)
	at com.thigas.quack.adapter.mapper.StepMapperImpl.taskModelToTaskEntity(StepMapperImpl.java:153)
	at com.thigas.quack.adapter.mapper.StepMapperImpl.taskModelSetToTaskEntitySet(StepMapperImpl.java:167)
	at com.thigas.quack.adapter.mapper.StepMapperImpl.modelToEntity(StepMapperImpl.java:83)
	at com.thigas.quack.adapter.mapper.StepMapperImpl.stepModelSetToStepEntitySet(StepMapperImpl.java:139)
	at com.thigas.quack.adapter.mapper.StepMapperImpl.taskModelToTaskEntity(StepMapperImpl.java:153)
	at com.thigas.quack.adapter.mapper.StepMapperImpl.taskModelSetToTaskEntitySet(StepMapperImpl.java:167)
	at com.thigas.quack.adapter.mapper.StepMapperImpl.modelToEntity(StepMapperImpl.java:83)
	at com.thigas.quack.adapter.mapper.StepMapperImpl.stepModelSetToStepEntitySet(StepMapperImpl.java:139)
	at com.thigas.quack.adapter.mapper.StepMapperImpl.taskModelToTaskEntity(StepMapperImpl.java:153)
	at com.thigas.quack.adapter.mapper.StepMapperImpl.taskModelSetToTaskEntitySet(StepMapperImpl.java:167)
	at com.thigas.quack.adapter.mapper.StepMapperImpl.modelToEntity(StepMapperImpl.java:83)
	at com.thigas.quack.adapter.mapper.StepMapperImpl.stepModelSetToStepEntitySet(StepMapperImpl.java:139)
	at com.thigas.quack.adapter.mapper.StepMapperImpl.taskModelToTaskEntity(StepMapperImpl.java:153)
	at com.thigas.quack.adapter.mapper.StepMapperImpl.taskModelSetToTaskEntitySet(StepMapperImpl.java:167)
	at com.thigas.quack.adapter.mapper.StepMapperImpl.modelToEntity(StepMapperImpl.java:83)
	at com.thigas.quack.adapter.mapper.StepMapperImpl.stepModelSetToStepEntitySet(StepMapperImpl.java:139)
	at com.thigas.quack.adapter.mapper.StepMapperImpl.taskModelToTaskEntity(StepMapperImpl.java:153)
	at com.thigas.quack.adapter.mapper.StepMapperImpl.taskModelSetToTaskEntitySet(StepMapperImpl.java:167)
	at com.thigas.quack.adapter.mapper.StepMapperImpl.modelToEntity(StepMapperImpl.java:83)
	at com.thigas.quack.adapter.mapper.StepMapperImpl.stepModelSetToStepEntitySet(StepMapperImpl.java:139)
	at com.thigas.quack.adapter.mapper.StepMapperImpl.taskModelToTaskEntity(StepMapperImpl.java:153)
	at com.thigas.quack.adapter.mapper.StepMapperImpl.taskModelSetToTaskEntitySet(StepMapperImpl.java:167)
	at com.thigas.quack.adapter.mapper.StepMapperImpl.modelToEntity(StepMapperImpl.java:83)
	at com.thigas.quack.adapter.mapper.StepMapperImpl.stepModelSetToStepEntitySet(StepMapperImpl.java:139)
	at com.thigas.quack.adapter.mapper.StepMapperImpl.taskModelToTaskEntity(StepMapperImpl.java:153)
	at com.thigas.quack.adapter.mapper.StepMapperImpl.taskModelSetToTaskEntitySet(StepMapperImpl.java:167)
	at com.thigas.quack.adapter.mapper.StepMapperImpl.modelToEntity(StepMapperImpl.java:83)
	at com.thigas.quack.adapter.mapper.StepMapperImpl.stepModelSetToStepEntitySet(StepMapperImpl.java:139)
	at com.thigas.quack.adapter.mapper.StepMapperImpl.taskModelToTaskEntity(StepMapperImpl.java:153)
	at com.thigas.quack.adapter.mapper.StepMapperImpl.taskModelSetToTaskEntitySet(StepMapperImpl.java:167)
	at com.thigas.quack.adapter.mapper.StepMapperImpl.modelToEntity(StepMapperImpl.java:83)
	at com.thigas.quack.adapter.mapper.StepMapperImpl.stepModelSetToStepEntitySet(StepMapperImpl.java:139)
	at com.thigas.quack.adapter.mapper.StepMapperImpl.taskModelToTaskEntity(StepMapperImpl.java:153)
	at com.thigas.quack.adapter.mapper.StepMapperImpl.taskModelSetToTaskEntitySet(StepMapperImpl.java:167)
	at com.thigas.quack.adapter.mapper.StepMapperImpl.modelToEntity(StepMapperImpl.java:83)
	at com.thigas.quack.adapter.mapper.StepMapperImpl.stepModelSetToStepEntitySet(StepMapperImpl.java:139)
	at com.thigas.quack.adapter.mapper.StepMapperImpl.taskModelToTaskEntity(StepMapperImpl.java:153)
	at com.thigas.quack.adapter.mapper.StepMapperImpl.taskModelSetToTaskEntitySet(StepMapperImpl.java:167)
	at com.thigas.quack.adapter.mapper.StepMapperImpl.modelToEntity(StepMapperImpl.java:83)
	at com.thigas.quack.adapter.mapper.StepMapperImpl.stepModelSetToStepEntitySet(StepMapperImpl.java:139)
	at com.thigas.quack.adapter.mapper.StepMapperImpl.taskModelToTaskEntity(StepMapperImpl.java:153)
	at com.thigas.quack.adapter.mapper.StepMapperImpl.taskModelSetToTaskEntitySet(StepMapperImpl.java:167)
	at com.thigas.quack.adapter.mapper.StepMapperImpl.modelToEntity(StepMapperImpl.java:83)
	at com.thigas.quack.adapter.mapper.StepMapperImpl.stepModelSetToStepEntitySet(StepMapperImpl.java:139)
	at com.thigas.quack.adapter.mapper.StepMapperImpl.taskModelToTaskEntity(StepMapperImpl.java:153)
	at com.thigas.quack.adapter.mapper.StepMapperImpl.taskModelSetToTaskEntitySet(StepMapperImpl.java:167)
	at com.thigas.quack.adapter.mapper.StepMapperImpl.modelToEntity(StepMapperImpl.java:83)
	at com.thigas.quack.adapter.mapper.StepMapperImpl.stepModelSetToStepEntitySet(StepMapperImpl.java:139)
	at com.thigas.quack.adapter.mapper.StepMapperImpl.taskModelToTaskEntity(StepMapperImpl.java:153)
	at com.thigas.quack.adapter.mapper.StepMapperImpl.taskModelSetToTaskEntitySet(StepMapperImpl.java:167)
	at com.thigas.quack.adapter.mapper.StepMapperImpl.modelToEntity(StepMapperImpl.java:83)
	at com.thigas.quack.adapter.mapper.StepMapperImpl.stepModelSetToStepEntitySet(StepMapperImpl.java:139)
	at com.thigas.quack.adapter.mapper.StepMapperImpl.taskModelToTaskEntity(StepMapperImpl.java:153)
	at com.thigas.quack.adapter.mapper.StepMapperImpl.taskModelSetToTaskEntitySet(StepMapperImpl.java:167)
	at com.thigas.quack.adapter.mapper.StepMapperImpl.modelToEntity(StepMapperImpl.java:83)
	at com.thigas.quack.adapter.mapper.StepMapperImpl.stepModelSetToStepEntitySet(StepMapperImpl.java:139)
	at com.thigas.quack.adapter.mapper.StepMapperImpl.taskModelToTaskEntity(StepMapperImpl.java:153)
	at com.thigas.quack.adapter.mapper.StepMapperImpl.taskModelSetToTaskEntitySet(StepMapperImpl.java:167)
	at com.thigas.quack.adapter.mapper.StepMapperImpl.modelToEntity(StepMapperImpl.java:83)
	at com.thigas.quack.adapter.mapper.StepMapperImpl.stepModelSetToStepEntitySet(StepMapperImpl.java:139)
	at com.thigas.quack.adapter.mapper.StepMapperImpl.taskModelToTaskEntity(StepMapperImpl.java:153)
	at com.thigas.quack.adapter.mapper.StepMapperImpl.taskModelSetToTaskEntitySet(StepMapperImpl.java:167)
	at com.thigas.quack.adapter.mapper.StepMapperImpl.modelToEntity(StepMapperImpl.java:83)
	at com.thigas.quack.adapter.mapper.StepMapperImpl.stepModelSetToStepEntitySet(StepMapperImpl.java:139)
	at com.thigas.quack.adapter.mapper.StepMapperImpl.taskModelToTaskEntity(StepMapperImpl.java:153)
	at com.thigas.quack.adapter.mapper.StepMapperImpl.taskModelSetToTaskEntitySet(StepMapperImpl.java:167)
	at com.thigas.quack.adapter.mapper.StepMapperImpl.modelToEntity(StepMapperImpl.java:83)
	at com.thigas.quack.adapter.mapper.StepMapperImpl.stepModelSetToStepEntitySet(StepMapperImpl.java:139)
	at com.thigas.quack.adapter.mapper.StepMapperImpl.taskModelToTaskEntity(StepMapperImpl.java:153)
	at com.thigas.quack.adapter.mapper.StepMapperImpl.taskModelSetToTaskEntitySet(StepMapperImpl.java:167)
	at com.thigas.quack.adapter.mapper.StepMapperImpl.modelToEntity(StepMapperImpl.java:83)
	at com.thigas.quack.adapter.mapper.StepMapperImpl.stepModelSetToStepEntitySet(StepMapperImpl.java:139)
	at com.thigas.quack.adapter.mapper.StepMapperImpl.taskModelToTaskEntity(StepMapperImpl.java:153)
	at com.thigas.quack.adapter.mapper.StepMapperImpl.taskModelSetToTaskEntitySet(StepMapperImpl.java:167)
	at com.thigas.quack.adapter.mapper.StepMapperImpl.modelToEntity(StepMapperImpl.java:83)
	at com.thigas.quack.adapter.mapper.StepMapperImpl.stepModelSetToStepEntitySet(StepMapperImpl.java:139)
	at com.thigas.quack.adapter.mapper.StepMapperImpl.taskModelToTaskEntity(StepMapperImpl.java:153)
	at com.thigas.quack.adapter.mapper.StepMapperImpl.taskModelSetToTaskEntitySet(StepMapperImpl.java:167)
	at com.thigas.quack.adapter.mapper.StepMapperImpl.modelToEntity(StepMapperImpl.java:83)
	at com.thigas.quack.adapter.mapper.StepMapperImpl.stepModelSetToStepEntitySet(StepMapperImpl.java:139)
	at com.thigas.quack.adapter.mapper.StepMapperImpl.taskModelToTaskEntity(StepMapperImpl.java:153)
	at com.thigas.quack.adapter.mapper.StepMapperImpl.taskModelSetToTaskEntitySet(StepMapperImpl.java:167)
	at com.thigas.quack.adapter.mapper.StepMapperImpl.modelToEntity(StepMapperImpl.java:83)
	at com.thigas.quack.adapter.mapper.StepMapperImpl.stepModelSetToStepEntitySet(StepMapperImpl.java:139)
	at com.thigas.quack.adapter.mapper.StepMapperImpl.taskModelToTaskEntity(StepMapperImpl.java:153)
	at com.thigas.quack.adapter.mapper.StepMapperImpl.taskModelSetToTaskEntitySet(StepMapperImpl.java:167)
	at com.thigas.quack.adapter.mapper.StepMapperImpl.modelToEntity(StepMapperImpl.java:83)
	at com.thigas.quack.adapter.mapper.StepMapperImpl.stepModelSetToStepEntitySet(StepMapperImpl.java:139)
	at com.thigas.quack.adapter.mapper.StepMapperImpl.taskModelToTaskEntity(StepMapperImpl.java:153)
	at com.thigas.quack.adapter.mapper.StepMapperImpl.taskModelSetToTaskEntitySet(StepMapperImpl.java:167)
	at com.thigas.quack.adapter.mapper.StepMapperImpl.modelToEntity(StepMapperImpl.java:83)
	at com.thigas.quack.adapter.mapper.StepMapperImpl.stepModelSetToStepEntitySet(StepMapperImpl.java:139)
	at com.thigas.quack.adapter.mapper.StepMapperImpl.taskModelToTaskEntity(StepMapperImpl.java:153)
	at com.thigas.quack.adapter.mapper.StepMapperImpl.taskModelSetToTaskEntitySet(StepMapperImpl.java:167)
	at com.thigas.quack.adapter.mapper.StepMapperImpl.modelToEntity(StepMapperImpl.java:83)
	at com.thigas.quack.adapter.mapper.StepMapperImpl.stepModelSetToStepEntitySet(StepMapperImpl.java:139)
	at com.thigas.quack.adapter.mapper.StepMapperImpl.taskModelToTaskEntity(StepMapperImpl.java:153)
	at com.thigas.quack.adapter.mapper.StepMapperImpl.taskModelSetToTaskEntitySet(StepMapperImpl.java:167)
	at com.thigas.quack.adapter.mapper.StepMapperImpl.modelToEntity(StepMapperImpl.java:83)
	at com.thigas.quack.adapter.mapper.StepMapperImpl.stepModelSetToStepEntitySet(StepMapperImpl.java:139)
	at com.thigas.quack.adapter.mapper.StepMapperImpl.taskModelToTaskEntity(StepMapperImpl.java:153)
	at com.thigas.quack.adapter.mapper.StepMapperImpl.taskModelSetToTaskEntitySet(StepMapperImpl.java:167)
	at com.thigas.quack.adapter.mapper.StepMapperImpl.modelToEntity(StepMapperImpl.java:83)
	at com.thigas.quack.adapter.mapper.StepMapperImpl.stepModelSetToStepEntitySet(StepMapperImpl.java:139)
	at com.thigas.quack.adapter.mapper.StepMapperImpl.taskModelToTaskEntity(StepMapperImpl.java:153)
	at com.thigas.quack.adapter.mapper.StepMapperImpl.taskModelSetToTaskEntitySet(StepMapperImpl.java:167)
	at com.thigas.quack.adapter.mapper.StepMapperImpl.modelToEntity(StepMapperImpl.java:83)
	at com.thigas.quack.adapter.mapper.StepMapperImpl.stepModelSetToStepEntitySet(StepMapperImpl.java:139)
	at com.thigas.quack.adapter.mapper.StepMapperImpl.taskModelToTaskEntity(StepMapperImpl.java:153)
	at com.thigas.quack.adapter.mapper.StepMapperImpl.taskModelSetToTaskEntitySet(StepMapperImpl.java:167)
	at com.thigas.quack.adapter.mapper.StepMapperImpl.modelToEntity(StepMapperImpl.java:83)
	at com.thigas.quack.adapter.mapper.StepMapperImpl.stepModelSetToStepEntitySet(StepMapperImpl.java:139)
	at com.thigas.quack.adapter.mapper.StepMapperImpl.taskModelToTaskEntity(StepMapperImpl.java:153)
	at com.thigas.quack.adapter.mapper.StepMapperImpl.taskModelSetToTaskEntitySet(StepMapperImpl.java:167)
	at com.thigas.quack.adapter.mapper.StepMapperImpl.modelToEntity(StepMapperImpl.java:83)
	at com.thigas.quack.adapter.mapper.StepMapperImpl.stepModelSetToStepEntitySet(StepMapperImpl.java:139)
	at com.thigas.quack.adapter.mapper.StepMapperImpl.taskModelToTaskEntity(StepMapperImpl.java:153)
	at com.thigas.quack.adapter.mapper.StepMapperImpl.taskModelSetToTaskEntitySet(StepMapperImpl.java:167)
	at com.thigas.quack.adapter.mapper.StepMapperImpl.modelToEntity(StepMapperImpl.java:83)
	at com.thigas.quack.adapter.mapper.StepMapperImpl.stepModelSetToStepEntitySet(StepMapperImpl.java:139)
	at com.thigas.quack.adapter.mapper.StepMapperImpl.taskModelToTaskEntity(StepMapperImpl.java:153)
	at com.thigas.quack.adapter.mapper.StepMapperImpl.taskModelSetToTaskEntitySet(StepMapperImpl.java:167)
	at com.thigas.quack.adapter.mapper.StepMapperImpl.modelToEntity(StepMapperImpl.java:83)
	at com.thigas.quack.adapter.mapper.StepMapperImpl.stepModelSetToStepEntitySet(StepMapperImpl.java:139)
	at com.thigas.quack.adapter.mapper.StepMapperImpl.taskModelToTaskEntity(StepMapperImpl.java:153)
	at com.thigas.quack.adapter.mapper.StepMapperImpl.taskModelSetToTaskEntitySet(StepMapperImpl.java:167)
	at com.thigas.quack.adapter.mapper.StepMapperImpl.modelToEntity(StepMapperImpl.java:83)
	at com.thigas.quack.adapter.mapper.StepMapperImpl.stepModelSetToStepEntitySet(StepMapperImpl.java:139)
	at com.thigas.quack.adapter.mapper.StepMapperImpl.taskModelToTaskEntity(StepMapperImpl.java:153)
	at com.thigas.quack.adapter.mapper.StepMapperImpl.taskModelSetToTaskEntitySet(StepMapperImpl.java:167)
	at com.thigas.quack.adapter.mapper.StepMapperImpl.modelToEntity(StepMapperImpl.java:83)
	at com.thigas.quack.adapter.mapper.StepMapperImpl.stepModelSetToStepEntitySet(StepMapperImpl.java:139)
	at com.thigas.quack.adapter.mapper.StepMapperImpl.taskModelToTaskEntity(StepMapperImpl.java:153)
	at com.thigas.quack.adapter.mapper.StepMapperImpl.taskModelSetToTaskEntitySet(StepMapperImpl.java:167)
	at com.thigas.quack.adapter.mapper.StepMapperImpl.modelToEntity(StepMapperImpl.java:83)
	at com.thigas.quack.adapter.mapper.StepMapperImpl.stepModelSetToStepEntitySet(StepMapperImpl.java:139)
	at com.thigas.quack.adapter.mapper.StepMapperImpl.taskModelToTaskEntity(StepMapperImpl.java:153)
	at com.thigas.quack.adapter.mapper.StepMapperImpl.taskModelSetToTaskEntitySet(StepMapperImpl.java:167)
	at com.thigas.quack.adapter.mapper.StepMapperImpl.modelToEntity(StepMapperImpl.java:83)
	at com.thigas.quack.adapter.mapper.StepMapperImpl.stepModelSetToStepEntitySet(StepMapperImpl.java:139)
	at com.thigas.quack.adapter.mapper.StepMapperImpl.taskModelToTaskEntity(StepMapperImpl.java:153)
	at com.thigas.quack.adapter.mapper.StepMapperImpl.taskModelSetToTaskEntitySet(StepMapperImpl.java:167)
	at com.thigas.quack.adapter.mapper.StepMapperImpl.modelToEntity(StepMapperImpl.java:83)
	at com.thigas.quack.adapter.mapper.StepMapperImpl.stepModelSetToStepEntitySet(StepMapperImpl.java:139)
	at com.thigas.quack.adapter.mapper.StepMapperImpl.taskModelToTaskEntity(StepMapperImpl.java:153)
	at com.thigas.quack.adapter.mapper.StepMapperImpl.taskModelSetToTaskEntitySet(StepMapperImpl.java:167)
	at com.thigas.quack.adapter.mapper.StepMapperImpl.modelToEntity(StepMapperImpl.java:83)
	at com.thigas.quack.adapter.mapper.StepMapperImpl.stepModelSetToStepEntitySet(StepMapperImpl.java:139)
	at com.thigas.quack.adapter.mapper.StepMapperImpl.taskModelToTaskEntity(StepMapperImpl.java:153)
	at com.thigas.quack.adapter.mapper.StepMapperImpl.taskModelSetToTaskEntitySet(StepMapperImpl.java:167)
	at com.thigas.quack.adapter.mapper.StepMapperImpl.modelToEntity(StepMapperImpl.java:83)
	at com.thigas.quack.adapter.mapper.StepMapperImpl.stepModelSetToStepEntitySet(StepMapperImpl.java:139)
	at com.thigas.quack.adapter.mapper.StepMapperImpl.taskModelToTaskEntity(StepMapperImpl.java:153)
	at com.thigas.quack.adapter.mapper.StepMapperImpl.taskModelSetToTaskEntitySet(StepMapperImpl.java:167)
	at com.thigas.quack.adapter.mapper.StepMapperImpl.modelToEntity(StepMapperImpl.java:83)
	at com.thigas.quack.adapter.mapper.StepMapperImpl.stepModelSetToStepEntitySet(StepMapperImpl.java:139)
	at com.thigas.quack.adapter.mapper.StepMapperImpl.taskModelToTaskEntity(StepMapperImpl.java:153)
	at com.thigas.quack.adapter.mapper.StepMapperImpl.taskModelSetToTaskEntitySet(StepMapperImpl.java:167)
	at com.thigas.quack.adapter.mapper.StepMapperImpl.modelToEntity(StepMapperImpl.java:83)
	at com.thigas.quack.adapter.mapper.StepMapperImpl.stepModelSetToStepEntitySet(StepMapperImpl.java:139)
	at com.thigas.quack.adapter.mapper.StepMapperImpl.taskModelToTaskEntity(StepMapperImpl.java:153)
	at com.thigas.quack.adapter.mapper.StepMapperImpl.taskModelSetToTaskEntitySet(StepMapperImpl.java:167)
	at com.thigas.quack.adapter.mapper.StepMapperImpl.modelToEntity(StepMapperImpl.java:83)
	at com.thigas.quack.adapter.mapper.StepMapperImpl.stepModelSetToStepEntitySet(StepMapperImpl.java:139)
	at com.thigas.quack.adapter.mapper.StepMapperImpl.taskModelToTaskEntity(StepMapperImpl.java:153)
	at com.thigas.quack.adapter.mapper.StepMapperImpl.taskModelSetToTaskEntitySet(StepMapperImpl.java:167)
	at com.thigas.quack.adapter.mapper.StepMapperImpl.modelToEntity(StepMapperImpl.java:83)
	at com.thigas.quack.adapter.mapper.StepMapperImpl.stepModelSetToStepEntitySet(StepMapperImpl.java:139)
	at com.thigas.quack.adapter.mapper.StepMapperImpl.taskModelToTaskEntity(StepMapperImpl.java:153)
	at com.thigas.quack.adapter.mapper.StepMapperImpl.taskModelSetToTaskEntitySet(StepMapperImpl.java:167)
	at com.thigas.quack.adapter.mapper.StepMapperImpl.modelToEntity(StepMapperImpl.java:83)
	at com.thigas.quack.adapter.mapper.StepMapperImpl.stepModelSetToStepEntitySet(StepMapperImpl.java:139)
	at com.thigas.quack.adapter.mapper.StepMapperImpl.taskModelToTaskEntity(StepMapperImpl.java:153)
	at com.thigas.quack.adapter.mapper.StepMapperImpl.taskModelSetToTaskEntitySet(StepMapperImpl.java:167)
	at com.thigas.quack.adapter.mapper.StepMapperImpl.modelToEntity(StepMapperImpl.java:83)
	at com.thigas.quack.adapter.mapper.StepMapperImpl.stepModelSetToStepEntitySet(StepMapperImpl.java:139)
	at com.thigas.quack.adapter.mapper.StepMapperImpl.taskModelToTaskEntity(StepMapperImpl.java:153)
	at com.thigas.quack.adapter.mapper.StepMapperImpl.taskModelSetToTaskEntitySet(StepMapperImpl.java:167)
	at com.thigas.quack.adapter.mapper.StepMapperImpl.modelToEntity(StepMapperImpl.java:83)
	at com.thigas.quack.adapter.mapper.StepMapperImpl.stepModelSetToStepEntitySet(StepMapperImpl.java:139)
	at com.thigas.quack.adapter.mapper.StepMapperImpl.taskModelToTaskEntity(StepMapperImpl.java:153)
	at com.thigas.quack.adapter.mapper.StepMapperImpl.taskModelSetToTaskEntitySet(StepMapperImpl.java:167)
	at com.thigas.quack.adapter.mapper.StepMapperImpl.modelToEntity(StepMapperImpl.java:83)
	at com.thigas.quack.adapter.mapper.StepMapperImpl.stepModelSetToStepEntitySet(StepMapperImpl.java:139)
	at com.thigas.quack.adapter.mapper.StepMapperImpl.taskModelToTaskEntity(StepMapperImpl.java:153)
	at com.thigas.quack.adapter.mapper.StepMapperImpl.taskModelSetToTaskEntitySet(StepMapperImpl.java:167)
	at com.thigas.quack.adapter.mapper.StepMapperImpl.modelToEntity(StepMapperImpl.java:83)
	at com.thigas.quack.adapter.mapper.StepMapperImpl.stepModelSetToStepEntitySet(StepMapperImpl.java:139)
	at com.thigas.quack.adapter.mapper.StepMapperImpl.taskModelToTaskEntity(StepMapperImpl.java:153)
	at com.thigas.quack.adapter.mapper.StepMapperImpl.taskModelSetToTaskEntitySet(StepMapperImpl.java:167)
	at com.thigas.quack.adapter.mapper.StepMapperImpl.modelToEntity(StepMapperImpl.java:83)
	at com.thigas.quack.adapter.mapper.StepMapperImpl.stepModelSetToStepEntitySet(StepMapperImpl.java:139)
	at com.thigas.quack.adapter.mapper.StepMapperImpl.taskModelToTaskEntity(StepMapperImpl.java:153)
	at com.thigas.quack.adapter.mapper.StepMapperImpl.taskModelSetToTaskEntitySet(StepMapperImpl.java:167)
	at com.thigas.quack.adapter.mapper.StepMapperImpl.modelToEntity(StepMapperImpl.java:83)
	at com.thigas.quack.adapter.mapper.StepMapperImpl.stepModelSetToStepEntitySet(StepMapperImpl.java:139)
	at com.thigas.quack.adapter.mapper.StepMapperImpl.taskModelToTaskEntity(StepMapperImpl.java:153)
	at com.thigas.quack.adapter.mapper.StepMapperImpl.taskModelSetToTaskEntitySet(StepMapperImpl.java:167)
	at com.thigas.quack.adapter.mapper.StepMapperImpl.modelToEntity(StepMapperImpl.java:83)
	at com.thigas.quack.adapter.mapper.StepMapperImpl.stepModelSetToStepEntitySet(StepMapperImpl.java:139)
	at com.thigas.quack.adapter.mapper.StepMapperImpl.taskModelToTaskEntity(StepMapperImpl.java:153)
	at com.thigas.quack.adapter.mapper.StepMapperImpl.taskModelSetToTaskEntitySet(StepMapperImpl.java:167)
	at com.thigas.quack.adapter.mapper.StepMapperImpl.modelToEntity(StepMapperImpl.java:83)
	at com.thigas.quack.adapter.mapper.StepMapperImpl.stepModelSetToStepEntitySet(StepMapperImpl.java:139)
	at com.thigas.quack.adapter.mapper.StepMapperImpl.taskModelToTaskEntity(StepMapperImpl.java:153)
	at com.thigas.quack.adapter.mapper.StepMapperImpl.taskModelSetToTaskEntitySet(StepMapperImpl.java:167)
	at com.thigas.quack.adapter.mapper.StepMapperImpl.modelToEntity(StepMapperImpl.java:83)
	at com.thigas.quack.adapter.mapper.StepMapperImpl.stepModelSetToStepEntitySet(StepMapperImpl.java:139)
	at com.thigas.quack.adapter.mapper.StepMapperImpl.taskModelToTaskEntity(StepMapperImpl.java:153)
	at com.thigas.quack.adapter.mapper.StepMapperImpl.taskModelSetToTaskEntitySet(StepMapperImpl.java:167)
	at com.thigas.quack.adapter.mapper.StepMapperImpl.modelToEntity(StepMapperImpl.java:83)
	at com.thigas.quack.adapter.mapper.StepMapperImpl.stepModelSetToStepEntitySet(StepMapperImpl.java:139)
	at com.thigas.quack.adapter.mapper.StepMapperImpl.taskModelToTaskEntity(StepMapperImpl.java:153)
	at com.thigas.quack.adapter.mapper.StepMapperImpl.taskModelSetToTaskEntitySet(StepMapperImpl.java:167)
	at com.thigas.quack.adapter.mapper.StepMapperImpl.modelToEntity(StepMapperImpl.java:83)
	at com.thigas.quack.adapter.mapper.StepMapperImpl.stepModelSetToStepEntitySet(StepMapperImpl.java:139)
	at com.thigas.quack.adapter.mapper.StepMapperImpl.taskModelToTaskEntity(StepMapperImpl.java:153)
	at com.thigas.quack.adapter.mapper.StepMapperImpl.taskModelSetToTaskEntitySet(StepMapperImpl.java:167)
	at com.thigas.quack.adapter.mapper.StepMapperImpl.modelToEntity(StepMapperImpl.java:83)
	at com.thigas.quack.adapter.mapper.StepMapperImpl.stepModelSetToStepEntitySet(StepMapperImpl.java:139)
	at com.thigas.quack.adapter.mapper.StepMapperImpl.taskModelToTaskEntity(StepMapperImpl.java:153)
	at com.thigas.quack.adapter.mapper.StepMapperImpl.taskModelSetToTaskEntitySet(StepMapperImpl.java:167)
	at com.thigas.quack.adapter.mapper.StepMapperImpl.modelToEntity(StepMapperImpl.java:83)
	at com.thigas.quack.adapter.mapper.StepMapperImpl.stepModelSetToStepEntitySet(StepMapperImpl.java:139)
	at com.thigas.quack.adapter.mapper.StepMapperImpl.taskModelToTaskEntity(StepMapperImpl.java:153)
	at com.thigas.quack.adapter.mapper.StepMapperImpl.taskModelSetToTaskEntitySet(StepMapperImpl.java:167)
	at com.thigas.quack.adapter.mapper.StepMapperImpl.modelToEntity(StepMapperImpl.java:83)
	at com.thigas.quack.adapter.mapper.StepMapperImpl.stepModelSetToStepEntitySet(StepMapperImpl.java:139)
	at com.thigas.quack.adapter.mapper.StepMapperImpl.taskModelToTaskEntity(StepMapperImpl.java:153)
	at com.thigas.quack.adapter.mapper.StepMapperImpl.taskModelSetToTaskEntitySet(StepMapperImpl.java:167)
	at com.thigas.quack.adapter.mapper.StepMapperImpl.modelToEntity(StepMapperImpl.java:83)
	at com.thigas.quack.adapter.mapper.StepMapperImpl.stepModelSetToStepEntitySet(StepMapperImpl.java:139)
	at com.thigas.quack.adapter.mapper.StepMapperImpl.taskModelToTaskEntity(StepMapperImpl.java:153)
	at com.thigas.quack.adapter.mapper.StepMapperImpl.taskModelSetToTaskEntitySet(StepMapperImpl.java:167)
	at com.thigas.quack.adapter.mapper.StepMapperImpl.modelToEntity(StepMapperImpl.java:83)
	at com.thigas.quack.adapter.mapper.StepMapperImpl.stepModelSetToStepEntitySet(StepMapperImpl.java:139)
	at com.thigas.quack.adapter.mapper.StepMapperImpl.taskModelToTaskEntity(StepMapperImpl.java:153)
	at com.thigas.quack.adapter.mapper.StepMapperImpl.taskModelSetToTaskEntitySet(StepMapperImpl.java:167)
	at com.thigas.quack.adapter.mapper.StepMapperImpl.modelToEntity(StepMapperImpl.java:83)
	at com.thigas.quack.adapter.mapper.StepMapperImpl.stepModelSetToStepEntitySet(StepMapperImpl.java:139)
	at com.thigas.quack.adapter.mapper.StepMapperImpl.taskModelToTaskEntity(StepMapperImpl.java:153)
	at com.thigas.quack.adapter.mapper.StepMapperImpl.taskModelSetToTaskEntitySet(StepMapperImpl.java:167)
	at com.thigas.quack.adapter.mapper.StepMapperImpl.modelToEntity(StepMapperImpl.java:83)
	at com.thigas.quack.adapter.mapper.StepMapperImpl.stepModelSetToStepEntitySet(StepMapperImpl.java:139)
	at com.thigas.quack.adapter.mapper.StepMapperImpl.taskModelToTaskEntity(StepMapperImpl.java:153)
	at com.thigas.quack.adapter.mapper.StepMapperImpl.taskModelSetToTaskEntitySet(StepMapperImpl.java:167)
	at com.thigas.quack.adapter.mapper.StepMapperImpl.modelToEntity(StepMapperImpl.java:83)
	at com.thigas.quack.adapter.mapper.StepMapperImpl.stepModelSetToStepEntitySet(StepMapperImpl.java:139)
	at com.thigas.quack.adapter.mapper.StepMapperImpl.taskModelToTaskEntity(StepMapperImpl.java:153)
	at com.thigas.quack.adapter.mapper.StepMapperImpl.taskModelSetToTaskEntitySet(StepMapperImpl.java:167)
	at com.thigas.quack.adapter.mapper.StepMapperImpl.modelToEntity(StepMapperImpl.java:83)
	at com.thigas.quack.adapter.mapper.StepMapperImpl.stepModelSetToStepEntitySet(StepMapperImpl.java:139)
	at com.thigas.quack.adapter.mapper.StepMapperImpl.taskModelToTaskEntity(StepMapperImpl.java:153)
	at com.thigas.quack.adapter.mapper.StepMapperImpl.taskModelSetToTaskEntitySet(StepMapperImpl.java:167)
	at com.thigas.quack.adapter.mapper.StepMapperImpl.modelToEntity(StepMapperImpl.java:83)
	at com.thigas.quack.adapter.mapper.StepMapperImpl.stepModelSetToStepEntitySet(StepMapperImpl.java:139)
	at com.thigas.quack.adapter.mapper.StepMapperImpl.taskModelToTaskEntity(StepMapperImpl.java:153)
	at com.thigas.quack.adapter.mapper.StepMapperImpl.taskModelSetToTaskEntitySet(StepMapperImpl.java:167)
	at com.thigas.quack.adapter.mapper.StepMapperImpl.modelToEntity(StepMapperImpl.java:83)
	at com.thigas.quack.adapter.mapper.StepMapperImpl.stepModelSetToStepEntitySet(StepMapperImpl.java:139)
	at com.thigas.quack.adapter.mapper.StepMapperImpl.taskModelToTaskEntity(StepMapperImpl.java:153)
	at com.thigas.quack.adapter.mapper.StepMapperImpl.taskModelSetToTaskEntitySet(StepMapperImpl.java:167)
	at com.thigas.quack.adapter.mapper.StepMapperImpl.modelToEntity(StepMapperImpl.java:83)
	at com.thigas.quack.adapter.mapper.StepMapperImpl.stepModelSetToStepEntitySet(StepMapperImpl.java:139)
	at com.thigas.quack.adapter.mapper.StepMapperImpl.taskModelToTaskEntity(StepMapperImpl.java:153)
	at com.thigas.quack.adapter.mapper.StepMapperImpl.taskModelSetToTaskEntitySet(StepMapperImpl.java:167)
	at com.thigas.quack.adapter.mapper.StepMapperImpl.modelToEntity(StepMapperImpl.java:83)
	at com.thigas.quack.adapter.mapper.StepMapperImpl.stepModelSetToStepEntitySet(StepMapperImpl.java:139)
	at com.thigas.quack.adapter.mapper.StepMapperImpl.taskModelToTaskEntity(StepMapperImpl.java:153)
	at com.thigas.quack.adapter.mapper.StepMapperImpl.taskModelSetToTaskEntitySet(StepMapperImpl.java:167)
	at com.thigas.quack.adapter.mapper.StepMapperImpl.modelToEntity(StepMapperImpl.java:83)
	at com.thigas.quack.adapter.mapper.StepMapperImpl.stepModelSetToStepEntitySet(StepMapperImpl.java:139)
	at com.thigas.quack.adapter.mapper.StepMapperImpl.taskModelToTaskEntity(StepMapperImpl.java:153)
	at com.thigas.quack.adapter.mapper.StepMapperImpl.taskModelSetToTaskEntitySet(StepMapperImpl.java:167)
	at com.thigas.quack.adapter.mapper.StepMapperImpl.modelToEntity(StepMapperImpl.java:83)
	at com.thigas.quack.adapter.mapper.StepMapperImpl.stepModelSetToStepEntitySet(StepMapperImpl.java:139)
	at com.thigas.quack.adapter.mapper.StepMapperImpl.taskModelToTaskEntity(StepMapperImpl.java:153)
	at com.thigas.quack.adapter.mapper.StepMapperImpl.taskModelSetToTaskEntitySet(StepMapperImpl.java:167)
	at com.thigas.quack.adapter.mapper.StepMapperImpl.modelToEntity(StepMapperImpl.java:83)
	at com.thigas.quack.adapter.mapper.StepMapperImpl.stepModelSetToStepEntitySet(StepMapperImpl.java:139)
	at com.thigas.quack.adapter.mapper.StepMapperImpl.taskModelToTaskEntity(StepMapperImpl.java:153)
	at com.thigas.quack.adapter.mapper.StepMapperImpl.taskModelSetToTaskEntitySet(StepMapperImpl.java:167)
	at com.thigas.quack.adapter.mapper.StepMapperImpl.modelToEntity(StepMapperImpl.java:83)
	at com.thigas.quack.adapter.mapper.StepMapperImpl.stepModelSetToStepEntitySet(StepMapperImpl.java:139)
	at com.thigas.quack.adapter.mapper.StepMapperImpl.taskModelToTaskEntity(StepMapperImpl.java:153)
	at com.thigas.quack.adapter.mapper.StepMapperImpl.taskModelSetToTaskEntitySet(StepMapperImpl.java:167)
	at com.thigas.quack.adapter.mapper.StepMapperImpl.modelToEntity(StepMapperImpl.java:83)
	at com.thigas.quack.adapter.mapper.StepMapperImpl.stepModelSetToStepEntitySet(StepMapperImpl.java:139)
	at com.thigas.quack.adapter.mapper.StepMapperImpl.taskModelToTaskEntity(StepMapperImpl.java:153)
	at com.thigas.quack.adapter.mapper.StepMapperImpl.taskModelSetToTaskEntitySet(StepMapperImpl.java:167)
	at com.thigas.quack.adapter.mapper.StepMapperImpl.modelToEntity(StepMapperImpl.java:83)
	at com.thigas.quack.adapter.mapper.StepMapperImpl.stepModelSetToStepEntitySet(StepMapperImpl.java:139)
	at com.thigas.quack.adapter.mapper.StepMapperImpl.taskModelToTaskEntity(StepMapperImpl.java:153)
	at com.thigas.quack.adapter.mapper.StepMapperImpl.taskModelSetToTaskEntitySet(StepMapperImpl.java:167)
	at com.thigas.quack.adapter.mapper.StepMapperImpl.modelToEntity(StepMapperImpl.java:83)
	at com.thigas.quack.adapter.mapper.StepMapperImpl.stepModelSetToStepEntitySet(StepMapperImpl.java:139)
	at com.thigas.quack.adapter.mapper.StepMapperImpl.taskModelToTaskEntity(StepMapperImpl.java:153)
	at com.thigas.quack.adapter.mapper.StepMapperImpl.taskModelSetToTaskEntitySet(StepMapperImpl.java:167)
	at com.thigas.quack.adapter.mapper.StepMapperImpl.modelToEntity(StepMapperImpl.java:83)
	at com.thigas.quack.adapter.mapper.StepMapperImpl.stepModelSetToStepEntitySet(StepMapperImpl.java:139)
	at com.thigas.quack.adapter.mapper.StepMapperImpl.taskModelToTaskEntity(StepMapperImpl.java:153)
	at com.thigas.quack.adapter.mapper.StepMapperImpl.taskModelSetToTaskEntitySet(StepMapperImpl.java:167)
	at com.thigas.quack.adapter.mapper.StepMapperImpl.modelToEntity(StepMapperImpl.java:83)
	at com.thigas.quack.adapter.mapper.StepMapperImpl.stepModelSetToStepEntitySet(StepMapperImpl.java:139)
	at com.thigas.quack.adapter.mapper.StepMapperImpl.taskModelToTaskEntity(StepMapperImpl.java:153)
	at com.thigas.quack.adapter.mapper.StepMapperImpl.taskModelSetToTaskEntitySet(StepMapperImpl.java:167)
	at com.thigas.quack.adapter.mapper.StepMapperImpl.modelToEntity(StepMapperImpl.java:83)
	at com.thigas.quack.adapter.mapper.StepMapperImpl.stepModelSetToStepEntitySet(StepMapperImpl.java:139)
	at com.thigas.quack.adapter.mapper.StepMapperImpl.taskModelToTaskEntity(StepMapperImpl.java:153)
	at com.thigas.quack.adapter.mapper.StepMapperImpl.taskModelSetToTaskEntitySet(StepMapperImpl.java:167)
	at com.thigas.quack.adapter.mapper.StepMapperImpl.modelToEntity(StepMapperImpl.java:83)
	at com.thigas.quack.adapter.mapper.StepMapperImpl.stepModelSetToStepEntitySet(StepMapperImpl.java:139)
	at com.thigas.quack.adapter.mapper.StepMapperImpl.taskModelToTaskEntity(StepMapperImpl.java:153)
	at com.thigas.quack.adapter.mapper.StepMapperImpl.taskModelSetToTaskEntitySet(StepMapperImpl.java:167)
	at com.thigas.quack.adapter.mapper.StepMapperImpl.modelToEntity(StepMapperImpl.java:83)
	at com.thigas.quack.adapter.mapper.StepMapperImpl.stepModelSetToStepEntitySet(StepMapperImpl.java:139)
	at com.thigas.quack.adapter.mapper.StepMapperImpl.taskModelToTaskEntity(StepMapperImpl.java:153)
	at com.thigas.quack.adapter.mapper.StepMapperImpl.taskModelSetToTaskEntitySet(StepMapperImpl.java:167)
	at com.thigas.quack.adapter.mapper.StepMapperImpl.modelToEntity(StepMapperImpl.java:83)
	at com.thigas.quack.adapter.mapper.StepMapperImpl.stepModelSetToStepEntitySet(StepMapperImpl.java:139)
	at com.thigas.quack.adapter.mapper.StepMapperImpl.taskModelToTaskEntity(StepMapperImpl.java:153)
	at com.thigas.quack.adapter.mapper.StepMapperImpl.taskModelSetToTaskEntitySet(StepMapperImpl.java:167)
	at com.thigas.quack.adapter.mapper.StepMapperImpl.modelToEntity(StepMapperImpl.java:83)
	at com.thigas.quack.adapter.mapper.StepMapperImpl.stepModelSetToStepEntitySet(StepMapperImpl.java:139)
	at com.thigas.quack.adapter.mapper.StepMapperImpl.taskModelToTaskEntity(StepMapperImpl.java:153)
	at com.thigas.quack.adapter.mapper.StepMapperImpl.taskModelSetToTaskEntitySet(StepMapperImpl.java:167)
	at com.thigas.quack.adapter.mapper.StepMapperImpl.modelToEntity(StepMapperImpl.java:83)
	at com.thigas.quack.adapter.mapper.StepMapperImpl.stepModelSetToStepEntitySet(StepMapperImpl.java:139)
	at com.thigas.quack.adapter.mapper.StepMapperImpl.taskModelToTaskEntity(StepMapperImpl.java:153)
	at com.thigas.quack.adapter.mapper.StepMapperImpl.taskModelSetToTaskEntitySet(StepMapperImpl.java:167)
	at com.thigas.quack.adapter.mapper.StepMapperImpl.modelToEntity(StepMapperImpl.java:83)
	at com.thigas.quack.adapter.mapper.StepMapperImpl.stepModelSetToStepEntitySet(StepMapperImpl.java:139)
	at com.thigas.quack.adapter.mapper.StepMapperImpl.taskModelToTaskEntity(StepMapperImpl.java:153)
	at com.thigas.quack.adapter.mapper.StepMapperImpl.taskModelSetToTaskEntitySet(StepMapperImpl.java:167)
	at com.thigas.quack.adapter.mapper.StepMapperImpl.modelToEntity(StepMapperImpl.java:83)
	at com.thigas.quack.adapter.mapper.StepMapperImpl.stepModelSetToStepEntitySet(StepMapperImpl.java:139)
	at com.thigas.quack.adapter.mapper.StepMapperImpl.taskModelToTaskEntity(StepMapperImpl.java:153)
	at com.thigas.quack.adapter.mapper.StepMapperImpl.taskModelSetToTaskEntitySet(StepMapperImpl.java:167)
	at com.thigas.quack.adapter.mapper.StepMapperImpl.modelToEntity(StepMapperImpl.java:83)
	at com.thigas.quack.adapter.mapper.StepMapperImpl.stepModelSetToStepEntitySet(StepMapperImpl.java:139)
	at com.thigas.quack.adapter.mapper.StepMapperImpl.taskModelToTaskEntity(StepMapperImpl.java:153)
	at com.thigas.quack.adapter.mapper.StepMapperImpl.taskModelSetToTaskEntitySet(StepMapperImpl.java:167)
	at com.thigas.quack.adapter.mapper.StepMapperImpl.modelToEntity(StepMapperImpl.java:83)
	at com.thigas.quack.adapter.mapper.StepMapperImpl.stepModelSetToStepEntitySet(StepMapperImpl.java:139)
	at com.thigas.quack.adapter.mapper.StepMapperImpl.taskModelToTaskEntity(StepMapperImpl.java:153)
	at com.thigas.quack.adapter.mapper.StepMapperImpl.taskModelSetToTaskEntitySet(StepMapperImpl.java:167)
	at com.thigas.quack.adapter.mapper.StepMapperImpl.modelToEntity(StepMapperImpl.java:83)
	at com.thigas.quack.adapter.mapper.StepMapperImpl.stepModelSetToStepEntitySet(StepMapperImpl.java:139)
	at com.thigas.quack.adapter.mapper.StepMapperImpl.taskModelToTaskEntity(StepMapperImpl.java:153)
	at com.thigas.quack.adapter.mapper.StepMapperImpl.taskModelSetToTaskEntitySet(StepMapperImpl.java:167)
	at com.thigas.quack.adapter.mapper.StepMapperImpl.modelToEntity(StepMapperImpl.java:83)
	at com.thigas.quack.adapter.mapper.StepMapperImpl.stepModelSetToStepEntitySet(StepMapperImpl.java:139)
	at com.thigas.quack.adapter.mapper.StepMapperImpl.taskModelToTaskEntity(StepMapperImpl.java:153)
	at com.thigas.quack.adapter.mapper.StepMapperImpl.taskModelSetToTaskEntitySet(StepMapperImpl.java:167)
	at com.thigas.quack.adapter.mapper.StepMapperImpl.modelToEntity(StepMapperImpl.java:83)
	at com.thigas.quack.adapter.mapper.StepMapperImpl.stepModelSetToStepEntitySet(StepMapperImpl.java:139)
	at com.thigas.quack.adapter.mapper.StepMapperImpl.taskModelToTaskEntity(StepMapperImpl.java:153)
	at com.thigas.quack.adapter.mapper.StepMapperImpl.taskModelSetToTaskEntitySet(StepMapperImpl.java:167)
	at com.thigas.quack.adapter.mapper.StepMapperImpl.modelToEntity(StepMapperImpl.java:83)
	at com.thigas.quack.adapter.mapper.StepMapperImpl.stepModelSetToStepEntitySet(StepMapperImpl.java:139)
	at com.thigas.quack.adapter.mapper.StepMapperImpl.taskModelToTaskEntity(StepMapperImpl.java:153)
	at com.thigas.quack.adapter.mapper.StepMapperImpl.taskModelSetToTaskEntitySet(StepMapperImpl.java:167)
	at com.thigas.quack.adapter.mapper.StepMapperImpl.modelToEntity(StepMapperImpl.java:83)
	at com.thigas.quack.adapter.mapper.StepMapperImpl.stepModelSetToStepEntitySet(StepMapperImpl.java:139)
	at com.thigas.quack.adapter.mapper.StepMapperImpl.taskModelToTaskEntity(StepMapperImpl.java:153)
	at com.thigas.quack.adapter.mapper.StepMapperImpl.taskModelSetToTaskEntitySet(StepMapperImpl.java:167)
	at com.thigas.quack.adapter.mapper.StepMapperImpl.modelToEntity(StepMapperImpl.java:83)
	at com.thigas.quack.adapter.mapper.StepMapperImpl.stepModelSetToStepEntitySet(StepMapperImpl.java:139)
	at com.thigas.quack.adapter.mapper.StepMapperImpl.taskModelToTaskEntity(StepMapperImpl.java:153)
	at com.thigas.quack.adapter.mapper.StepMapperImpl.taskModelSetToTaskEntitySet(StepMapperImpl.java:167)
	at com.thigas.quack.adapter.mapper.StepMapperImpl.modelToEntity(StepMapperImpl.java:83)
	at com.thigas.quack.adapter.mapper.StepMapperImpl.stepModelSetToStepEntitySet(StepMapperImpl.java:139)
	at com.thigas.quack.adapter.mapper.StepMapperImpl.taskModelToTaskEntity(StepMapperImpl.java:153)
	at com.thigas.quack.adapter.mapper.StepMapperImpl.taskModelSetToTaskEntitySet(StepMapperImpl.java:167)
	at com.thigas.quack.adapter.mapper.StepMapperImpl.modelToEntity(StepMapperImpl.java:83)
	at com.thigas.quack.adapter.mapper.StepMapperImpl.stepModelSetToStepEntitySet(StepMapperImpl.java:139)
	at com.thigas.quack.adapter.mapper.StepMapperImpl.taskModelToTaskEntity(StepMapperImpl.java:153)
	at com.thigas.quack.adapter.mapper.StepMapperImpl.taskModelSetToTaskEntitySet(StepMapperImpl.java:167)
	at com.thigas.quack.adapter.mapper.StepMapperImpl.modelToEntity(StepMapperImpl.java:83)
	at com.thigas.quack.adapter.mapper.StepMapperImpl.stepModelSetToStepEntitySet(StepMapperImpl.java:139)
	at com.thigas.quack.adapter.mapper.StepMapperImpl.taskModelToTaskEntity(StepMapperImpl.java:153)
	at com.thigas.quack.adapter.mapper.StepMapperImpl.taskModelSetToTaskEntitySet(StepMapperImpl.java:167)
	at com.thigas.quack.adapter.mapper.StepMapperImpl.modelToEntity(StepMapperImpl.java:83)
	at com.thigas.quack.adapter.mapper.StepMapperImpl.stepModelSetToStepEntitySet(StepMapperImpl.java:139)
	at com.thigas.quack.adapter.mapper.StepMapperImpl.taskModelToTaskEntity(StepMapperImpl.java:153)
	at com.thigas.quack.adapter.mapper.StepMapperImpl.taskModelSetToTaskEntitySet(StepMapperImpl.java:167)
	at com.thigas.quack.adapter.mapper.StepMapperImpl.modelToEntity(StepMapperImpl.java:83)
	at com.thigas.quack.adapter.mapper.StepMapperImpl.stepModelSetToStepEntitySet(StepMapperImpl.java:139)
	at com.thigas.quack.adapter.mapper.StepMapperImpl.taskModelToTaskEntity(StepMapperImpl.java:153)
	at com.thigas.quack.adapter.mapper.StepMapperImpl.taskModelSetToTaskEntitySet(StepMapperImpl.java:167)
	at com.thigas.quack.adapter.mapper.StepMapperImpl.modelToEntity(StepMapperImpl.java:83)
	at com.thigas.quack.adapter.mapper.StepMapperImpl.stepModelSetToStepEntitySet(StepMapperImpl.java:139)
	at com.thigas.quack.adapter.mapper.StepMapperImpl.taskModelToTaskEntity(StepMapperImpl.java:153)
	at com.thigas.quack.adapter.mapper.StepMapperImpl.taskModelSetToTaskEntitySet(StepMapperImpl.java:167)
	at com.thigas.quack.adapter.mapper.StepMapperImpl.modelToEntity(StepMapperImpl.java:83)
	at com.thigas.quack.adapter.mapper.StepMapperImpl.stepModelSetToStepEntitySet(StepMapperImpl.java:139)
	at com.thigas.quack.adapter.mapper.StepMapperImpl.taskModelToTaskEntity(StepMapperImpl.java:153)
	at com.thigas.quack.adapter.mapper.StepMapperImpl.taskModelSetToTaskEntitySet(StepMapperImpl.java:167)
	at com.thigas.quack.adapter.mapper.StepMapperImpl.modelToEntity(StepMapperImpl.java:83)
	at com.thigas.quack.adapter.mapper.StepMapperImpl.stepModelSetToStepEntitySet(StepMapperImpl.java:139)
	at com.thigas.quack.adapter.mapper.StepMapperImpl.taskModelToTaskEntity(StepMapperImpl.java:153)
	at com.thigas.quack.adapter.mapper.StepMapperImpl.taskModelSetToTaskEntitySet(StepMapperImpl.java:167)
	at com.thigas.quack.adapter.mapper.StepMapperImpl.modelToEntity(StepMapperImpl.java:83)
	at com.thigas.quack.adapter.mapper.StepMapperImpl.stepModelSetToStepEntitySet(StepMapperImpl.java:139)
	at com.thigas.quack.adapter.mapper.StepMapperImpl.taskModelToTaskEntity(StepMapperImpl.java:153)
	at com.thigas.quack.adapter.mapper.StepMapperImpl.taskModelSetToTaskEntitySet(StepMapperImpl.java:167)
	at com.thigas.quack.adapter.mapper.StepMapperImpl.modelToEntity(StepMapperImpl.java:83)
	at com.thigas.quack.adapter.mapper.StepMapperImpl.stepModelSetToStepEntitySet(StepMapperImpl.java:139)
	at com.thigas.quack.adapter.mapper.StepMapperImpl.taskModelToTaskEntity(StepMapperImpl.java:153)
	at com.thigas.quack.adapter.mapper.StepMapperImpl.taskModelSetToTaskEntitySet(StepMapperImpl.java:167)
	at com.thigas.quack.adapter.mapper.StepMapperImpl.modelToEntity(StepMapperImpl.java:83)
	at com.thigas.quack.adapter.mapper.StepMapperImpl.stepModelSetToStepEntitySet(StepMapperImpl.java:139)
	at com.thigas.quack.adapter.mapper.StepMapperImpl.taskModelToTaskEntity(StepMapperImpl.java:153)
	at com.thigas.quack.adapter.mapper.StepMapperImpl.taskModelSetToTaskEntitySet(StepMapperImpl.java:167)
	at com.thigas.quack.adapter.mapper.StepMapperImpl.modelToEntity(StepMapperImpl.java:83)
	at com.thigas.quack.adapter.mapper.StepMapperImpl.stepModelSetToStepEntitySet(StepMapperImpl.java:139)
	at com.thigas.quack.adapter.mapper.StepMapperImpl.taskModelToTaskEntity(StepMapperImpl.java:153)
	at com.thigas.quack.adapter.mapper.StepMapperImpl.taskModelSetToTaskEntitySet(StepMapperImpl.java:167)
	at com.thigas.quack.adapter.mapper.StepMapperImpl.modelToEntity(StepMapperImpl.java:83)
	at com.thigas.quack.adapter.mapper.StepMapperImpl.stepModelSetToStepEntitySet(StepMapperImpl.java:139)
	at com.thigas.quack.adapter.mapper.StepMapperImpl.taskModelToTaskEntity(StepMapperImpl.java:153)
	at com.thigas.quack.adapter.mapper.StepMapperImpl.taskModelSetToTaskEntitySet(StepMapperImpl.java:167)
	at com.thigas.quack.adapter.mapper.StepMapperImpl.modelToEntity(StepMapperImpl.java:83)
	at com.thigas.quack.adapter.mapper.StepMapperImpl.stepModelSetToStepEntitySet(StepMapperImpl.java:139)
	at com.thigas.quack.adapter.mapper.StepMapperImpl.taskModelToTaskEntity(StepMapperImpl.java:153)
	at com.thigas.quack.adapter.mapper.StepMapperImpl.taskModelSetToTaskEntitySet(StepMapperImpl.java:167)
	at com.thigas.quack.adapter.mapper.StepMapperImpl.modelToEntity(StepMapperImpl.java:83)
	at com.thigas.quack.adapter.mapper.StepMapperImpl.stepModelSetToStepEntitySet(StepMapperImpl.java:139)
	at com.thigas.quack.adapter.mapper.StepMapperImpl.taskModelToTaskEntity(StepMapperImpl.java:153)
	at com.thigas.quack.adapter.mapper.StepMapperImpl.taskModelSetToTaskEntitySet(StepMapperImpl.java:167)
	at com.thigas.quack.adapter.mapper.StepMapperImpl.modelToEntity(StepMapperImpl.java:83)
	at com.thigas.quack.adapter.mapper.StepMapperImpl.stepModelSetToStepEntitySet(StepMapperImpl.java:139)
	at com.thigas.quack.adapter.mapper.StepMapperImpl.taskModelToTaskEntity(StepMapperImpl.java:153)
	at com.thigas.quack.adapter.mapper.StepMapperImpl.taskModelSetToTaskEntitySet(StepMapperImpl.java:167)
	at com.thigas.quack.adapter.mapper.StepMapperImpl.modelToEntity(StepMapperImpl.java:83)
	at com.thigas.quack.adapter.mapper.StepMapperImpl.stepModelSetToStepEntitySet(StepMapperImpl.java:139)
	at com.thigas.quack.adapter.mapper.StepMapperImpl.taskModelToTaskEntity(StepMapperImpl.java:153)
	at com.thigas.quack.adapter.mapper.StepMapperImpl.taskModelSetToTaskEntitySet(StepMapperImpl.java:167)
	at com.thigas.quack.adapter.mapper.StepMapperImpl.modelToEntity(StepMapperImpl.java:83)
	at com.thigas.quack.adapter.mapper.StepMapperImpl.stepModelSetToStepEntitySet(StepMapperImpl.java:139)
	at com.thigas.quack.adapter.mapper.StepMapperImpl.taskModelToTaskEntity(StepMapperImpl.java:153)
	at com.thigas.quack.adapter.mapper.StepMapperImpl.taskModelSetToTaskEntitySet(StepMapperImpl.java:167)
	at com.thigas.quack.adapter.mapper.StepMapperImpl.modelToEntity(StepMapperImpl.java:83)
	at com.thigas.quack.adapter.mapper.StepMapperImpl.stepModelSetToStepEntitySet(StepMapperImpl.java:139)
	at com.thigas.quack.adapter.mapper.StepMapperImpl.taskModelToTaskEntity(StepMapperImpl.java:153)
	at com.thigas.quack.adapter.mapper.StepMapperImpl.taskModelSetToTaskEntitySet(StepMapperImpl.java:167)
	at com.thigas.quack.adapter.mapper.StepMapperImpl.modelToEntity(StepMapperImpl.java:83)
	at com.thigas.quack.adapter.mapper.StepMapperImpl.stepModelSetToStepEntitySet(StepMapperImpl.java:139)
	at com.thigas.quack.adapter.mapper.StepMapperImpl.taskModelToTaskEntity(StepMapperImpl.java:153)
	at com.thigas.quack.adapter.mapper.StepMapperImpl.taskModelSetToTaskEntitySet(StepMapperImpl.java:167)
	at com.thigas.quack.adapter.mapper.StepMapperImpl.modelToEntity(StepMapperImpl.java:83)
	at com.thigas.quack.adapter.mapper.StepMapperImpl.stepModelSetToStepEntitySet(StepMapperImpl.java:139)
	at com.thigas.quack.adapter.mapper.StepMapperImpl.taskModelToTaskEntity(StepMapperImpl.java:153)
	at com.thigas.quack.adapter.mapper.StepMapperImpl.taskModelSetToTaskEntitySet(StepMapperImpl.java:167)
	at com.thigas.quack.adapter.mapper.StepMapperImpl.modelToEntity(StepMapperImpl.java:83)
	at com.thigas.quack.adapter.mapper.StepMapperImpl.stepModelSetToStepEntitySet(StepMapperImpl.java:139)
	at com.thigas.quack.adapter.mapper.StepMapperImpl.taskModelToTaskEntity(StepMapperImpl.java:153)
	at com.thigas.quack.adapter.mapper.StepMapperImpl.taskModelSetToTaskEntitySet(StepMapperImpl.java:167)
	at com.thigas.quack.adapter.mapper.StepMapperImpl.modelToEntity(StepMapperImpl.java:83)
	at com.thigas.quack.adapter.mapper.StepMapperImpl.stepModelSetToStepEntitySet(StepMapperImpl.java:139)
	at com.thigas.quack.adapter.mapper.StepMapperImpl.taskModelToTaskEntity(StepMapperImpl.java:153)
	at com.thigas.quack.adapter.mapper.StepMapperImpl.taskModelSetToTaskEntitySet(StepMapperImpl.java:167)
	at com.thigas.quack.adapter.mapper.StepMapperImpl.modelToEntity(StepMapperImpl.java:83)
	at com.thigas.quack.adapter.mapper.StepMapperImpl.stepModelSetToStepEntitySet(StepMapperImpl.java:139)
	at com.thigas.quack.adapter.mapper.StepMapperImpl.taskModelToTaskEntity(StepMapperImpl.java:153)
	at com.thigas.quack.adapter.mapper.StepMapperImpl.taskModelSetToTaskEntitySet(StepMapperImpl.java:167)
	at com.thigas.quack.adapter.mapper.StepMapperImpl.modelToEntity(StepMapperImpl.java:83)
	at com.thigas.quack.adapter.mapper.StepMapperImpl.stepModelSetToStepEntitySet(StepMapperImpl.java:139)
	at com.thigas.quack.adapter.mapper.StepMapperImpl.taskModelToTaskEntity(StepMapperImpl.java:153)
	at com.thigas.quack.adapter.mapper.StepMapperImpl.taskModelSetToTaskEntitySet(StepMapperImpl.java:167)
	at com.thigas.quack.adapter.mapper.StepMapperImpl.modelToEntity(StepMapperImpl.java:83)
	at com.thigas.quack.adapter.mapper.StepMapperImpl.stepModelSetToStepEntitySet(StepMapperImpl.java:139)
	at com.thigas.quack.adapter.mapper.StepMapperImpl.taskModelToTaskEntity(StepMapperImpl.java:153)
	at com.thigas.quack.adapter.mapper.StepMapperImpl.taskModelSetToTaskEntitySet(StepMapperImpl.java:167)
	at com.thigas.quack.adapter.mapper.StepMapperImpl.modelToEntity(StepMapperImpl.java:83)
	at com.thigas.quack.adapter.mapper.StepMapperImpl.stepModelSetToStepEntitySet(StepMapperImpl.java:139)
	at com.thigas.quack.adapter.mapper.StepMapperImpl.taskModelToTaskEntity(StepMapperImpl.java:153)
	at com.thigas.quack.adapter.mapper.StepMapperImpl.taskModelSetToTaskEntitySet(StepMapperImpl.java:167)
	at com.thigas.quack.adapter.mapper.StepMapperImpl.modelToEntity(StepMapperImpl.java:83)
	at com.thigas.quack.adapter.mapper.StepMapperImpl.stepModelSetToStepEntitySet(StepMapperImpl.java:139)
	at com.thigas.quack.adapter.mapper.StepMapperImpl.taskModelToTaskEntity(StepMapperImpl.java:153)
	at com.thigas.quack.adapter.mapper.StepMapperImpl.taskModelSetToTaskEntitySet(StepMapperImpl.java:167)
	at com.thigas.quack.adapter.mapper.StepMapperImpl.modelToEntity(StepMapperImpl.java:83)
	at com.thigas.quack.adapter.mapper.StepMapperImpl.stepModelSetToStepEntitySet(StepMapperImpl.java:139)
	at com.thigas.quack.adapter.mapper.StepMapperImpl.taskModelToTaskEntity(StepMapperImpl.java:153)
	at com.thigas.quack.adapter.mapper.StepMapperImpl.taskModelSetToTaskEntitySet(StepMapperImpl.java:167)
	at com.thigas.quack.adapter.mapper.StepMapperImpl.modelToEntity(StepMapperImpl.java:83)
	at com.thigas.quack.adapter.mapper.StepMapperImpl.stepModelSetToStepEntitySet(StepMapperImpl.java:139)
	at com.thigas.quack.adapter.mapper.StepMapperImpl.taskModelToTaskEntity(StepMapperImpl.java:153)
	at com.thigas.quack.adapter.mapper.StepMapperImpl.taskModelSetToTaskEntitySet(StepMapperImpl.java:167)
	at com.thigas.quack.adapter.mapper.StepMapperImpl.modelToEntity(StepMapperImpl.java:83)
	at com.thigas.quack.adapter.mapper.StepMapperImpl.stepModelSetToStepEntitySet(StepMapperImpl.java:139)
	at com.thigas.quack.adapter.mapper.StepMapperImpl.taskModelToTaskEntity(StepMapperImpl.java:153)
	at com.thigas.quack.adapter.mapper.StepMapperImpl.taskModelSetToTaskEntitySet(StepMapperImpl.java:167)
	at com.thigas.quack.adapter.mapper.StepMapperImpl.modelToEntity(StepMapperImpl.java:83)
	at com.thigas.quack.adapter.mapper.StepMapperImpl.stepModelSetToStepEntitySet(StepMapperImpl.java:139)
	at com.thigas.quack.adapter.mapper.StepMapperImpl.taskModelToTaskEntity(StepMapperImpl.java:153)
	at com.thigas.quack.adapter.mapper.StepMapperImpl.taskModelSetToTaskEntitySet(StepMapperImpl.java:167)
	at com.thigas.quack.adapter.mapper.StepMapperImpl.modelToEntity(StepMapperImpl.java:83)
	at com.thigas.quack.adapter.mapper.StepMapperImpl.stepModelSetToStepEntitySet(StepMapperImpl.java:139)
	at com.thigas.quack.adapter.mapper.StepMapperImpl.taskModelToTaskEntity(StepMapperImpl.java:153)
	at com.thigas.quack.adapter.mapper.StepMapperImpl.taskModelSetToTaskEntitySet(StepMapperImpl.java:167)
	at com.thigas.quack.adapter.mapper.StepMapperImpl.modelToEntity(StepMapperImpl.java:83)
	at com.thigas.quack.adapter.mapper.StepMapperImpl.stepModelSetToStepEntitySet(StepMapperImpl.java:139)
	at com.thigas.quack.adapter.mapper.StepMapperImpl.taskModelToTaskEntity(StepMapperImpl.java:153)
	at com.thigas.quack.adapter.mapper.StepMapperImpl.taskModelSetToTaskEntitySet(StepMapperImpl.java:167)
	at com.thigas.quack.adapter.mapper.StepMapperImpl.modelToEntity(StepMapperImpl.java:83)
	at com.thigas.quack.adapter.mapper.StepMapperImpl.stepModelSetToStepEntitySet(StepMapperImpl.java:139)
	at com.thigas.quack.adapter.mapper.StepMapperImpl.taskModelToTaskEntity(StepMapperImpl.java:153)
	at com.thigas.quack.adapter.mapper.StepMapperImpl.taskModelSetToTaskEntitySet(StepMapperImpl.java:167)
	at com.thigas.quack.adapter.mapper.StepMapperImpl.modelToEntity(StepMapperImpl.java:83)
	at com.thigas.quack.adapter.mapper.StepMapperImpl.stepModelSetToStepEntitySet(StepMapperImpl.java:139)
	at com.thigas.quack.adapter.mapper.StepMapperImpl.taskModelToTaskEntity(StepMapperImpl.java:153)
	at com.thigas.quack.adapter.mapper.StepMapperImpl.taskModelSetToTaskEntitySet(StepMapperImpl.java:167)
	at com.thigas.quack.adapter.mapper.StepMapperImpl.modelToEntity(StepMapperImpl.java:83)
	at com.thigas.quack.adapter.mapper.StepMapperImpl.stepModelSetToStepEntitySet(StepMapperImpl.java:139)
	at com.thigas.quack.adapter.mapper.StepMapperImpl.taskModelToTaskEntity(StepMapperImpl.java:153)
	at com.thigas.quack.adapter.mapper.StepMapperImpl.taskModelSetToTaskEntitySet(StepMapperImpl.java:167)
	at com.thigas.quack.adapter.mapper.StepMapperImpl.modelToEntity(StepMapperImpl.java:83)
	at com.thigas.quack.adapter.mapper.StepMapperImpl.stepModelSetToStepEntitySet(StepMapperImpl.java:139)
	at com.thigas.quack.adapter.mapper.StepMapperImpl.taskModelToTaskEntity(StepMapperImpl.java:153)
	at com.thigas.quack.adapter.mapper.StepMapperImpl.taskModelSetToTaskEntitySet(StepMapperImpl.java:167)
	at com.thigas.quack.adapter.mapper.StepMapperImpl.modelToEntity(StepMapperImpl.java:83)
	at com.thigas.quack.adapter.mapper.StepMapperImpl.stepModelSetToStepEntitySet(StepMapperImpl.java:139)
	at com.thigas.quack.adapter.mapper.StepMapperImpl.taskModelToTaskEntity(StepMapperImpl.java:153)
	at com.thigas.quack.adapter.mapper.StepMapperImpl.taskModelSetToTaskEntitySet(StepMapperImpl.java:167)
	at com.thigas.quack.adapter.mapper.StepMapperImpl.modelToEntity(StepMapperImpl.java:83)
	at com.thigas.quack.adapter.mapper.StepMapperImpl.stepModelSetToStepEntitySet(StepMapperImpl.java:139)
	at com.thigas.quack.adapter.mapper.StepMapperImpl.taskModelToTaskEntity(StepMapperImpl.java:153)
	at com.thigas.quack.adapter.mapper.StepMapperImpl.taskModelSetToTaskEntitySet(StepMapperImpl.java:167)
	at com.thigas.quack.adapter.mapper.StepMapperImpl.modelToEntity(StepMapperImpl.java:83)
	at com.thigas.quack.adapter.mapper.StepMapperImpl.stepModelSetToStepEntitySet(StepMapperImpl.java:139)
	at com.thigas.quack.adapter.mapper.StepMapperImpl.taskModelToTaskEntity(StepMapperImpl.java:153)
	at com.thigas.quack.adapter.mapper.StepMapperImpl.taskModelSetToTaskEntitySet(StepMapperImpl.java:167)
	at com.thigas.quack.adapter.mapper.StepMapperImpl.modelToEntity(StepMapperImpl.java:83)
	at com.thigas.quack.adapter.mapper.StepMapperImpl.stepModelSetToStepEntitySet(StepMapperImpl.java:139)
	at com.thigas.quack.adapter.mapper.StepMapperImpl.taskModelToTaskEntity(StepMapperImpl.java:153)
	at com.thigas.quack.adapter.mapper.StepMapperImpl.taskModelSetToTaskEntitySet(StepMapperImpl.java:167)
	at com.thigas.quack.adapter.mapper.StepMapperImpl.modelToEntity(StepMapperImpl.java:83)
	at com.thigas.quack.adapter.mapper.StepMapperImpl.stepModelSetToStepEntitySet(StepMapperImpl.java:139)
	at com.thigas.quack.adapter.mapper.StepMapperImpl.taskModelToTaskEntity(StepMapperImpl.java:153)
	at com.thigas.quack.adapter.mapper.StepMapperImpl.taskModelSetToTaskEntitySet(StepMapperImpl.java:167)
	at com.thigas.quack.adapter.mapper.StepMapperImpl.modelToEntity(StepMapperImpl.java:83)
	at com.thigas.quack.adapter.mapper.StepMapperImpl.stepModelSetToStepEntitySet(StepMapperImpl.java:139)
	at com.thigas.quack.adapter.mapper.StepMapperImpl.taskModelToTaskEntity(StepMapperImpl.java:153)
	at com.thigas.quack.adapter.mapper.StepMapperImpl.taskModelSetToTaskEntitySet(StepMapperImpl.java:167)
	at com.thigas.quack.adapter.mapper.StepMapperImpl.modelToEntity(StepMapperImpl.java:83)
	at com.thigas.quack.adapter.mapper.StepMapperImpl.stepModelSetToStepEntitySet(StepMapperImpl.java:139)
	at com.thigas.quack.adapter.mapper.StepMapperImpl.taskModelToTaskEntity(StepMapperImpl.java:153)
	at com.thigas.quack.adapter.mapper.StepMapperImpl.taskModelSetToTaskEntitySet(StepMapperImpl.java:167)
	at com.thigas.quack.adapter.mapper.StepMapperImpl.modelToEntity(StepMapperImpl.java:83)
	at com.thigas.quack.adapter.mapper.StepMapperImpl.stepModelSetToStepEntitySet(StepMapperImpl.java:139)
	at com.thigas.quack.adapter.mapper.StepMapperImpl.taskModelToTaskEntity(StepMapperImpl.java:153)
	at com.thigas.quack.adapter.mapper.StepMapperImpl.taskModelSetToTaskEntitySet(StepMapperImpl.java:167)
	at com.thigas.quack.adapter.mapper.StepMapperImpl.modelToEntity(StepMapperImpl.java:83)
	at com.thigas.quack.adapter.mapper.StepMapperImpl.stepModelSetToStepEntitySet(StepMapperImpl.java:139)
	at com.thigas.quack.adapter.mapper.StepMapperImpl.taskModelToTaskEntity(StepMapperImpl.java:153)
	at com.thigas.quack.adapter.mapper.StepMapperImpl.taskModelSetToTaskEntitySet(StepMapperImpl.java:167)
	at com.thigas.quack.adapter.mapper.StepMapperImpl.modelToEntity(StepMapperImpl.java:83)
	at com.thigas.quack.adapter.mapper.StepMapperImpl.stepModelSetToStepEntitySet(StepMapperImpl.java:139)
	at com.thigas.quack.adapter.mapper.StepMapperImpl.taskModelToTaskEntity(StepMapperImpl.java:153)
	at com.thigas.quack.adapter.mapper.StepMapperImpl.taskModelSetToTaskEntitySet(StepMapperImpl.java:167)
	at com.thigas.quack.adapter.mapper.StepMapperImpl.modelToEntity(StepMapperImpl.java:83)
	at com.thigas.quack.adapter.mapper.StepMapperImpl.stepModelSetToStepEntitySet(StepMapperImpl.java:139)
	at com.thigas.quack.adapter.mapper.StepMapperImpl.taskModelToTaskEntity(StepMapperImpl.java:153)
	at com.thigas.quack.adapter.mapper.StepMapperImpl.taskModelSetToTaskEntitySet(StepMapperImpl.java:167)
	at com.thigas.quack.adapter.mapper.StepMapperImpl.modelToEntity(StepMapperImpl.java:83)
	at com.thigas.quack.adapter.mapper.StepMapperImpl.stepModelSetToStepEntitySet(StepMapperImpl.java:139)
	at com.thigas.quack.adapter.mapper.StepMapperImpl.taskModelToTaskEntity(StepMapperImpl.java:153)
	at com.thigas.quack.adapter.mapper.StepMapperImpl.taskModelSetToTaskEntitySet(StepMapperImpl.java:167)
	at com.thigas.quack.adapter.mapper.StepMapperImpl.modelToEntity(StepMapperImpl.java:83)
	at com.thigas.quack.adapter.mapper.StepMapperImpl.stepModelSetToStepEntitySet(StepMapperImpl.java:139)
	at com.thigas.quack.adapter.mapper.StepMapperImpl.taskModelToTaskEntity(StepMapperImpl.java:153)
	at com.thigas.quack.adapter.mapper.StepMapperImpl.taskModelSetToTaskEntitySet(StepMapperImpl.java:167)
	at com.thigas.quack.adapter.mapper.StepMapperImpl.modelToEntity(StepMapperImpl.java:83)
	at com.thigas.quack.adapter.mapper.StepMapperImpl.stepModelSetToStepEntitySet(StepMapperImpl.java:139)
	at com.thigas.quack.adapter.mapper.StepMapperImpl.taskModelToTaskEntity(StepMapperImpl.java:153)
	at com.thigas.quack.adapter.mapper.StepMapperImpl.taskModelSetToTaskEntitySet(StepMapperImpl.java:167)
	at com.thigas.quack.adapter.mapper.StepMapperImpl.modelToEntity(StepMapperImpl.java:83)
[...]
	at com.thigas.quack.adapter.mapper.StepMapperImpl.modelToEntity(StepMapperImpl.java:83)
	at com.thigas.quack.adapter.mapper.StepMapperImpl.stepModelSetToStepEntitySet(StepMapperImpl.java:139)
	at com.thigas.quack.adapter.mapper.StepMapperImpl.taskModelToTaskEntity(StepMapperImpl.java:153)
	at com.thigas.quack.adapter.mapper.StepMapperImpl.taskModelSetToTaskEntitySet(StepMapperImpl.java:167)
	at com.thigas.quack.adapter.mapper.StepMapperImpl.modelToEntity(StepMapperImpl.java:83)
	at com.thigas.quack.adapter.mapper.StepMapperImpl.stepModelSetToStepEntitySet(StepMapperImpl.java:139)
	at com.thigas.quack.adapter.mapper.StepMapperImpl.taskModelToTaskEntity(StepMapperImpl.java:153)
	at com.thigas.quack.adapter.mapper.StepMapperImpl.taskModelSetToTaskEntitySet(StepMapperImpl.java:167)
	at com.thigas.quack.adapter.mapper.StepMapperImpl.modelToEntity(StepMapperImpl.java:83)
	at com.thigas.quack.adapter.mapper.StepMapperImpl.stepModelSetToStepEntitySet(StepMapperImpl.java:139)
	at com.thigas.quack.adapter.mapper.StepMapperImpl.taskModelToTaskEntity(StepMapperImpl.java:153)
	at com.thigas.quack.adapter.mapper.StepMapperImpl.taskModelSetToTaskEntitySet(StepMapperImpl.java:167)
	at com.thigas.quack.adapter.mapper.StepMapperImpl.modelToEntity(StepMapperImpl.java:83)
	at com.thigas.quack.adapter.mapper.StepMapperImpl.stepModelSetToStepEntitySet(StepMapperImpl.java:139)
	at com.thigas.quack.adapter.mapper.StepMapperImpl.taskModelToTaskEntity(StepMapperImpl.java:153)
	at com.thigas.quack.adapter.mapper.StepMapperImpl.taskModelSetToTaskEntitySet(StepMapperImpl.java:167)
	at com.thigas.quack.adapter.mapper.StepMapperImpl.modelToEntity(StepMapperImpl.java:83)
	at com.thigas.quack.adapter.mapper.StepMapperImpl.stepModelSetToStepEntitySet(StepMapperImpl.java:139)
	at com.thigas.quack.adapter.mapper.StepMapperImpl.taskModelToTaskEntity(StepMapperImpl.java:153)
	at com.thigas.quack.adapter.mapper.StepMapperImpl.taskModelSetToTaskEntitySet(StepMapperImpl.java:167)
	at com.thigas.quack.adapter.mapper.StepMapperImpl.modelToEntity(StepMapperImpl.java:83)
	at com.thigas.quack.adapter.mapper.StepMapperImpl.stepModelSetToStepEntitySet(StepMapperImpl.java:139)
	at com.thigas.quack.adapter.mapper.StepMapperImpl.taskModelToTaskEntity(StepMapperImpl.java:153)
	at com.thigas.quack.adapter.mapper.StepMapperImpl.taskModelSetToTaskEntitySet(StepMapperImpl.java:167)
	at com.thigas.quack.adapter.mapper.StepMapperImpl.modelToEntity(StepMapperImpl.java:83)
	at com.thigas.quack.adapter.mapper.StepMapperImpl.stepModelSetToStepEntitySet(StepMapperImpl.java:139)
	at com.thigas.quack.adapter.mapper.StepMapperImpl.taskModelToTaskEntity(StepMapperImpl.java:153)
	at com.thigas.quack.adapter.mapper.StepMapperImpl.taskModelSetToTaskEntitySet(StepMapperImpl.java:167)
	at com.thigas.quack.adapter.mapper.StepMapperImpl.modelToEntity(StepMapperImpl.java:83)
	at com.thigas.quack.adapter.mapper.StepMapperImpl.stepModelSetToStepEntitySet(StepMapperImpl.java:139)
	at com.thigas.quack.adapter.mapper.StepMapperImpl.taskModelToTaskEntity(StepMapperImpl.java:153)
	at com.thigas.quack.adapter.mapper.StepMapperImpl.taskModelSetToTaskEntitySet(StepMapperImpl.java:167)
	at com.thigas.quack.adapter.mapper.StepMapperImpl.modelToEntity(StepMapperImpl.java:83)
	at com.thigas.quack.adapter.mapper.StepMapperImpl.stepModelSetToStepEntitySet(StepMapperImpl.java:139)
	at com.thigas.quack.adapter.mapper.StepMapperImpl.taskModelToTaskEntity(StepMapperImpl.java:153)
	at com.thigas.quack.adapter.mapper.StepMapperImpl.taskModelSetToTaskEntitySet(StepMapperImpl.java:167)
	at com.thigas.quack.adapter.mapper.StepMapperImpl.modelToEntity(StepMapperImpl.java:83)
	at com.thigas.quack.adapter.mapper.StepMapperImpl.stepModelSetToStepEntitySet(StepMapperImpl.java:139)
	at com.thigas.quack.adapter.mapper.StepMapperImpl.taskModelToTaskEntity(StepMapperImpl.java:153)
	at com.thigas.quack.adapter.mapper.StepMapperImpl.taskModelSetToTaskEntitySet(StepMapperImpl.java:167)
	at com.thigas.quack.adapter.mapper.StepMapperImpl.modelToEntity(StepMapperImpl.java:83)
	at com.thigas.quack.adapter.mapper.StepMapperImpl.stepModelSetToStepEntitySet(StepMapperImpl.java:139)
	at com.thigas.quack.adapter.mapper.StepMapperImpl.taskModelToTaskEntity(StepMapperImpl.java:153)
	at com.thigas.quack.adapter.mapper.StepMapperImpl.taskModelSetToTaskEntitySet(StepMapperImpl.java:167)
	at com.thigas.quack.adapter.mapper.StepMapperImpl.modelToEntity(StepMapperImpl.java:83)
	at com.thigas.quack.adapter.mapper.StepMapperImpl.stepModelSetToStepEntitySet(StepMapperImpl.java:139)
	at com.thigas.quack.adapter.mapper.StepMapperImpl.taskModelToTaskEntity(StepMapperImpl.java:153)
	at com.thigas.quack.adapter.mapper.StepMapperImpl.taskModelSetToTaskEntitySet(StepMapperImpl.java:167)
	at com.thigas.quack.adapter.mapper.StepMapperImpl.modelToEntity(StepMapperImpl.java:83)
	at com.thigas.quack.adapter.mapper.StepMapperImpl.stepModelSetToStepEntitySet(StepMapperImpl.java:139)
	at com.thigas.quack.adapter.mapper.StepMapperImpl.taskModelToTaskEntity(StepMapperImpl.java:153)
	at com.thigas.quack.adapter.mapper.StepMapperImpl.taskModelSetToTaskEntitySet(StepMapperImpl.java:167)
	at com.thigas.quack.adapter.mapper.StepMapperImpl.modelToEntity(StepMapperImpl.java:83)
	at com.thigas.quack.adapter.mapper.StepMapperImpl.stepModelSetToStepEntitySet(StepMapperImpl.java:139)
	at com.thigas.quack.adapter.mapper.StepMapperImpl.taskModelToTaskEntity(StepMapperImpl.java:153)
	at com.thigas.quack.adapter.mapper.StepMapperImpl.taskModelSetToTaskEntitySet(StepMapperImpl.java:167)
	at com.thigas.quack.adapter.mapper.StepMapperImpl.modelToEntity(StepMapperImpl.java:83)
	at com.thigas.quack.adapter.mapper.StepMapperImpl.stepModelSetToStepEntitySet(StepMapperImpl.java:139)
	at com.thigas.quack.adapter.mapper.StepMapperImpl.taskModelToTaskEntity(StepMapperImpl.java:153)
	at com.thigas.quack.adapter.mapper.StepMapperImpl.taskModelSetToTaskEntitySet(StepMapperImpl.java:167)
	at com.thigas.quack.adapter.mapper.StepMapperImpl.modelToEntity(StepMapperImpl.java:83)
	at com.thigas.quack.adapter.mapper.StepMapperImpl.stepModelSetToStepEntitySet(StepMapperImpl.java:139)
	at com.thigas.quack.adapter.mapper.StepMapperImpl.taskModelToTaskEntity(StepMapperImpl.java:153)
	at com.thigas.quack.adapter.mapper.StepMapperImpl.taskModelSetToTaskEntitySet(StepMapperImpl.java:167)
	at com.thigas.quack.adapter.mapper.StepMapperImpl.modelToEntity(StepMapperImpl.java:83)
	at com.thigas.quack.adapter.mapper.StepMapperImpl.stepModelSetToStepEntitySet(StepMapperImpl.java:139)
	at com.thigas.quack.adapter.mapper.StepMapperImpl.taskModelToTaskEntity(StepMapperImpl.java:153)
	at com.thigas.quack.adapter.mapper.StepMapperImpl.taskModelSetToTaskEntitySet(StepMapperImpl.java:167)
	at com.thigas.quack.adapter.mapper.StepMapperImpl.modelToEntity(StepMapperImpl.java:83)
	at com.thigas.quack.adapter.mapper.StepMapperImpl.stepModelSetToStepEntitySet(StepMapperImpl.java:139)
	at com.thigas.quack.adapter.mapper.StepMapperImpl.taskModelToTaskEntity(StepMapperImpl.java:153)
	at com.thigas.quack.adapter.mapper.StepMapperImpl.taskModelSetToTaskEntitySet(StepMapperImpl.java:167)
	at com.thigas.quack.adapter.mapper.StepMapperImpl.modelToEntity(StepMapperImpl.java:83)
	at com.thigas.quack.adapter.mapper.StepMapperImpl.stepModelSetToStepEntitySet(StepMapperImpl.java:139)
	at com.thigas.quack.adapter.mapper.StepMapperImpl.taskModelToTaskEntity(StepMapperImpl.java:153)
	at com.thigas.quack.adapter.mapper.StepMapperImpl.taskModelSetToTaskEntitySet(StepMapperImpl.java:167)
	at com.thigas.quack.adapter.mapper.StepMapperImpl.modelToEntity(StepMapperImpl.java:83)
	at com.thigas.quack.adapter.mapper.StepMapperImpl.stepModelSetToStepEntitySet(StepMapperImpl.java:139)
	at com.thigas.quack.adapter.mapper.StepMapperImpl.taskModelToTaskEntity(StepMapperImpl.java:153)
	at com.thigas.quack.adapter.mapper.StepMapperImpl.taskModelSetToTaskEntitySet(StepMapperImpl.java:167)
	at com.thigas.quack.adapter.mapper.StepMapperImpl.modelToEntity(StepMapperImpl.java:83)
	at com.thigas.quack.adapter.mapper.StepMapperImpl.stepModelSetToStepEntitySet(StepMapperImpl.java:139)
	at com.thigas.quack.adapter.mapper.StepMapperImpl.taskModelToTaskEntity(StepMapperImpl.java:153)
	at com.thigas.quack.adapter.mapper.StepMapperImpl.taskModelSetToTaskEntitySet(StepMapperImpl.java:167)
	at com.thigas.quack.adapter.mapper.StepMapperImpl.modelToEntity(StepMapperImpl.java:83)
	at com.thigas.quack.adapter.mapper.StepMapperImpl.stepModelSetToStepEntitySet(StepMapperImpl.java:139)
	at com.thigas.quack.adapter.mapper.StepMapperImpl.taskModelToTaskEntity(StepMapperImpl.java:153)
	at com.thigas.quack.adapter.mapper.StepMapperImpl.taskModelSetToTaskEntitySet(StepMapperImpl.java:167)
	at com.thigas.quack.adapter.mapper.StepMapperImpl.modelToEntity(StepMapperImpl.java:83)
	at com.thigas.quack.adapter.mapper.StepMapperImpl.stepModelSetToStepEntitySet(StepMapperImpl.java:139)
	at com.thigas.quack.adapter.mapper.StepMapperImpl.taskModelToTaskEntity(StepMapperImpl.java:153)
	at com.thigas.quack.adapter.mapper.StepMapperImpl.taskModelSetToTaskEntitySet(StepMapperImpl.java:167)
	at com.thigas.quack.adapter.mapper.StepMapperImpl.modelToEntity(StepMapperImpl.java:83)
	at com.thigas.quack.adapter.mapper.StepMapperImpl.stepModelSetToStepEntitySet(StepMapperImpl.java:139)
	at com.thigas.quack.adapter.mapper.StepMapperImpl.taskModelToTaskEntity(StepMapperImpl.java:153)
	at com.thigas.quack.adapter.mapper.StepMapperImpl.taskModelSetToTaskEntitySet(StepMapperImpl.java:167)
	at com.thigas.quack.adapter.mapper.StepMapperImpl.modelToEntity(StepMapperImpl.java:83)
	at com.thigas.quack.adapter.mapper.StepMapperImpl.stepModelSetToStepEntitySet(StepMapperImpl.java:139)
	at com.thigas.quack.adapter.mapper.StepMapperImpl.taskModelToTaskEntity(StepMapperImpl.java:153)
	at com.thigas.quack.adapter.mapper.StepMapperImpl.taskModelSetToTaskEntitySet(StepMapperImpl.java:167)
	at com.thigas.quack.adapter.mapper.StepMapperImpl.modelToEntity(StepMapperImpl.java:83)
	at com.thigas.quack.adapter.mapper.StepMapperImpl.stepModelSetToStepEntitySet(StepMapperImpl.java:139)
	at com.thigas.quack.adapter.mapper.StepMapperImpl.taskModelToTaskEntity(StepMapperImpl.java:153)
	at com.thigas.quack.adapter.mapper.StepMapperImpl.taskModelSetToTaskEntitySet(StepMapperImpl.java:167)
	at com.thigas.quack.adapter.mapper.StepMapperImpl.modelToEntity(StepMapperImpl.java:83)
	at com.thigas.quack.adapter.mapper.StepMapperImpl.stepModelSetToStepEntitySet(StepMapperImpl.java:139)
	at com.thigas.quack.adapter.mapper.StepMapperImpl.taskModelToTaskEntity(StepMapperImpl.java:153)
	at com.thigas.quack.adapter.mapper.StepMapperImpl.taskModelSetToTaskEntitySet(StepMapperImpl.java:167)
	at com.thigas.quack.adapter.mapper.StepMapperImpl.modelToEntity(StepMapperImpl.java:83)
	at com.thigas.quack.adapter.mapper.StepMapperImpl.stepModelSetToStepEntitySet(StepMapperImpl.java:139)
	at com.thigas.quack.adapter.mapper.StepMapperImpl.taskModelToTaskEntity(StepMapperImpl.java:153)
	at com.thigas.quack.adapter.mapper.StepMapperImpl.taskModelSetToTaskEntitySet(StepMapperImpl.java:167)
	at com.thigas.quack.adapter.mapper.StepMapperImpl.modelToEntity(StepMapperImpl.java:83)
	at com.thigas.quack.adapter.mapper.StepMapperImpl.stepModelSetToStepEntitySet(StepMapperImpl.java:139)
	at com.thigas.quack.adapter.mapper.StepMapperImpl.taskModelToTaskEntity(StepMapperImpl.java:153)
	at com.thigas.quack.adapter.mapper.StepMapperImpl.taskModelSetToTaskEntitySet(StepMapperImpl.java:167)
	at com.thigas.quack.adapter.mapper.StepMapperImpl.modelToEntity(StepMapperImpl.java:83)
	at com.thigas.quack.adapter.mapper.StepMapperImpl.stepModelSetToStepEntitySet(StepMapperImpl.java:139)
	at com.thigas.quack.adapter.mapper.StepMapperImpl.taskModelToTaskEntity(StepMapperImpl.java:153)
	at com.thigas.quack.adapter.mapper.StepMapperImpl.taskModelSetToTaskEntitySet(StepMapperImpl.java:167)
	at com.thigas.quack.adapter.mapper.StepMapperImpl.modelToEntity(StepMapperImpl.java:83)
	at com.thigas.quack.adapter.mapper.StepMapperImpl.stepModelSetToStepEntitySet(StepMapperImpl.java:139)
	at com.thigas.quack.adapter.mapper.StepMapperImpl.taskModelToTaskEntity(StepMapperImpl.java:153)
	at com.thigas.quack.adapter.mapper.StepMapperImpl.taskModelSetToTaskEntitySet(StepMapperImpl.java:167)
	at com.thigas.quack.adapter.mapper.StepMapperImpl.modelToEntity(StepMapperImpl.java:83)
	at com.thigas.quack.adapter.mapper.StepMapperImpl.stepModelSetToStepEntitySet(StepMapperImpl.java:139)
	at com.thigas.quack.adapter.mapper.StepMapperImpl.taskModelToTaskEntity(StepMapperImpl.java:153)
	at com.thigas.quack.adapter.mapper.StepMapperImpl.taskModelSetToTaskEntitySet(StepMapperImpl.java:167)
	at com.thigas.quack.adapter.mapper.StepMapperImpl.modelToEntity(StepMapperImpl.java:83)
	at com.thigas.quack.adapter.mapper.StepMapperImpl.stepModelSetToStepEntitySet(StepMapperImpl.java:139)
	at com.thigas.quack.adapter.mapper.StepMapperImpl.taskModelToTaskEntity(StepMapperImpl.java:153)
	at com.thigas.quack.adapter.mapper.StepMapperImpl.taskModelSetToTaskEntitySet(StepMapperImpl.java:167)
	at com.thigas.quack.adapter.mapper.StepMapperImpl.modelToEntity(StepMapperImpl.java:83)
	at com.thigas.quack.adapter.mapper.StepMapperImpl.stepModelSetToStepEntitySet(StepMapperImpl.java:139)
	at com.thigas.quack.adapter.mapper.StepMapperImpl.taskModelToTaskEntity(StepMapperImpl.java:153)
	at com.thigas.quack.adapter.mapper.StepMapperImpl.taskModelSetToTaskEntitySet(StepMapperImpl.java:167)
	at com.thigas.quack.adapter.mapper.StepMapperImpl.modelToEntity(StepMapperImpl.java:83)
	at com.thigas.quack.adapter.mapper.StepMapperImpl.stepModelSetToStepEntitySet(StepMapperImpl.java:139)
	at com.thigas.quack.adapter.mapper.StepMapperImpl.taskModelToTaskEntity(StepMapperImpl.java:153)
	at com.thigas.quack.adapter.mapper.StepMapperImpl.taskModelSetToTaskEntitySet(StepMapperImpl.java:167)
	at com.thigas.quack.adapter.mapper.StepMapperImpl.modelToEntity(StepMapperImpl.java:83)
	at com.thigas.quack.adapter.mapper.StepMapperImpl.stepModelSetToStepEntitySet(StepMapperImpl.java:139)
	at com.thigas.quack.adapter.mapper.StepMapperImpl.taskModelToTaskEntity(StepMapperImpl.java:153)
	at com.thigas.quack.adapter.mapper.StepMapperImpl.taskModelSetToTaskEntitySet(StepMapperImpl.java:167)
	at com.thigas.quack.adapter.mapper.StepMapperImpl.modelToEntity(StepMapperImpl.java:83)
	at com.thigas.quack.adapter.mapper.StepMapperImpl.stepModelSetToStepEntitySet(StepMapperImpl.java:139)
	at com.thigas.quack.adapter.mapper.StepMapperImpl.taskModelToTaskEntity(StepMapperImpl.java:153)
	at com.thigas.quack.adapter.mapper.StepMapperImpl.taskModelSetToTaskEntitySet(StepMapperImpl.java:167)
	at com.thigas.quack.adapter.mapper.StepMapperImpl.modelToEntity(StepMapperImpl.java:83)
	at com.thigas.quack.adapter.mapper.StepMapperImpl.stepModelSetToStepEntitySet(StepMapperImpl.java:139)
	at com.thigas.quack.adapter.mapper.StepMapperImpl.taskModelToTaskEntity(StepMapperImpl.java:153)
	at com.thigas.quack.adapter.mapper.StepMapperImpl.taskModelSetToTaskEntitySet(StepMapperImpl.java:167)
	at com.thigas.quack.adapter.mapper.StepMapperImpl.modelToEntity(StepMapperImpl.java:83)
	at com.thigas.quack.adapter.mapper.StepMapperImpl.stepModelSetToStepEntitySet(StepMapperImpl.java:139)
	at com.thigas.quack.adapter.mapper.StepMapperImpl.taskModelToTaskEntity(StepMapperImpl.java:153)
	at com.thigas.quack.adapter.mapper.StepMapperImpl.taskModelSetToTaskEntitySet(StepMapperImpl.java:167)
	at com.thigas.quack.adapter.mapper.StepMapperImpl.modelToEntity(StepMapperImpl.java:83)
	at com.thigas.quack.adapter.mapper.StepMapperImpl.stepModelSetToStepEntitySet(StepMapperImpl.java:139)
	at com.thigas.quack.adapter.mapper.StepMapperImpl.taskModelToTaskEntity(StepMapperImpl.java:153)
	at com.thigas.quack.adapter.mapper.StepMapperImpl.taskModelSetToTaskEntitySet(StepMapperImpl.java:167)
	at com.thigas.quack.adapter.mapper.StepMapperImpl.modelToEntity(StepMapperImpl.java:83)
	at com.thigas.quack.adapter.mapper.StepMapperImpl.stepModelSetToStepEntitySet(StepMapperImpl.java:139)
	at com.thigas.quack.adapter.mapper.StepMapperImpl.taskModelToTaskEntity(StepMapperImpl.java:153)
	at com.thigas.quack.adapter.mapper.StepMapperImpl.taskModelSetToTaskEntitySet(StepMapperImpl.java:167)
	at com.thigas.quack.adapter.mapper.StepMapperImpl.modelToEntity(StepMapperImpl.java:83)
	at com.thigas.quack.adapter.mapper.StepMapperImpl.stepModelSetToStepEntitySet(StepMapperImpl.java:139)
	at com.thigas.quack.adapter.mapper.StepMapperImpl.taskModelToTaskEntity(StepMapperImpl.java:153)
	at com.thigas.quack.adapter.mapper.StepMapperImpl.taskModelSetToTaskEntitySet(StepMapperImpl.java:167)
	at com.thigas.quack.adapter.mapper.StepMapperImpl.modelToEntity(StepMapperImpl.java:83)
	at com.thigas.quack.adapter.mapper.StepMapperImpl.stepModelSetToStepEntitySet(StepMapperImpl.java:139)
	at com.thigas.quack.adapter.mapper.StepMapperImpl.taskModelToTaskEntity(StepMapperImpl.java:153)
	at com.thigas.quack.adapter.mapper.StepMapperImpl.taskModelSetToTaskEntitySet(StepMapperImpl.java:167)
	at com.thigas.quack.adapter.mapper.StepMapperImpl.modelToEntity(StepMapperImpl.java:83)
	at com.thigas.quack.adapter.mapper.StepMapperImpl.stepModelSetToStepEntitySet(StepMapperImpl.java:139)
	at com.thigas.quack.adapter.mapper.StepMapperImpl.taskModelToTaskEntity(StepMapperImpl.java:153)
	at com.thigas.quack.adapter.mapper.StepMapperImpl.taskModelSetToTaskEntitySet(StepMapperImpl.java:167)
	at com.thigas.quack.adapter.mapper.StepMapperImpl.modelToEntity(StepMapperImpl.java:83)
	at com.thigas.quack.adapter.mapper.StepMapperImpl.stepModelSetToStepEntitySet(StepMapperImpl.java:139)
	at com.thigas.quack.adapter.mapper.StepMapperImpl.taskModelToTaskEntity(StepMapperImpl.java:153)
	at com.thigas.quack.adapter.mapper.StepMapperImpl.taskModelSetToTaskEntitySet(StepMapperImpl.java:167)
	at com.thigas.quack.adapter.mapper.StepMapperImpl.modelToEntity(StepMapperImpl.java:83)
	at com.thigas.quack.adapter.mapper.StepMapperImpl.stepModelSetToStepEntitySet(StepMapperImpl.java:139)
	at com.thigas.quack.adapter.mapper.StepMapperImpl.taskModelToTaskEntity(StepMapperImpl.java:153)
	at com.thigas.quack.adapter.mapper.StepMapperImpl.taskModelSetToTaskEntitySet(StepMapperImpl.java:167)
	at com.thigas.quack.adapter.mapper.StepMapperImpl.modelToEntity(StepMapperImpl.java:83)
	at com.thigas.quack.adapter.mapper.StepMapperImpl.stepModelSetToStepEntitySet(StepMapperImpl.java:139)
	at com.thigas.quack.adapter.mapper.StepMapperImpl.taskModelToTaskEntity(StepMapperImpl.java:153)
	at com.thigas.quack.adapter.mapper.StepMapperImpl.taskModelSetToTaskEntitySet(StepMapperImpl.java:167)
	at com.thigas.quack.adapter.mapper.StepMapperImpl.modelToEntity(StepMapperImpl.java:83)
	at com.thigas.quack.adapter.mapper.StepMapperImpl.stepModelSetToStepEntitySet(StepMapperImpl.java:139)
	at com.thigas.quack.adapter.mapper.StepMapperImpl.taskModelToTaskEntity(StepMapperImpl.java:153)
	at com.thigas.quack.adapter.mapper.StepMapperImpl.taskModelSetToTaskEntitySet(StepMapperImpl.java:167)
	at com.thigas.quack.adapter.mapper.StepMapperImpl.modelToEntity(StepMapperImpl.java:83)
	at com.thigas.quack.adapter.mapper.StepMapperImpl.stepModelSetToStepEntitySet(StepMapperImpl.java:139)
	at com.thigas.quack.adapter.mapper.StepMapperImpl.taskModelToTaskEntity(StepMapperImpl.java:153)
	at com.thigas.quack.adapter.mapper.StepMapperImpl.taskModelSetToTaskEntitySet(StepMapperImpl.java:167)
	at com.thigas.quack.adapter.mapper.StepMapperImpl.modelToEntity(StepMapperImpl.java:83)
	at com.thigas.quack.adapter.mapper.StepMapperImpl.stepModelSetToStepEntitySet(StepMapperImpl.java:139)
	at com.thigas.quack.adapter.mapper.StepMapperImpl.taskModelToTaskEntity(StepMapperImpl.java:153)
	at com.thigas.quack.adapter.mapper.StepMapperImpl.taskModelSetToTaskEntitySet(StepMapperImpl.java:167)
	at com.thigas.quack.adapter.mapper.StepMapperImpl.modelToEntity(StepMapperImpl.java:83)
	at com.thigas.quack.adapter.mapper.StepMapperImpl.stepModelSetToStepEntitySet(StepMapperImpl.java:139)

