<?xml version="1.0" encoding="UTF-8"?>
<testsuite xmlns:xsi="http://www.w3.org/2001/XMLSchema-instance" xsi:noNamespaceSchemaLocation="https://maven.apache.org/surefire/maven-surefire-plugin/xsd/surefire-test-report-3.0.xsd" version="3.0" name="com.thigas.quack.QuackApplicationTests" time="9.925" tests="1" errors="0" skipped="0" failures="0">
  <properties>
[...]
</properties>
  <testcase name="contextLoads" classname="com.thigas.quack.QuackApplicationTests" time="0.498">
    <system-out><![CDATA[22:10:05.590 [main] INFO org.springframework.test.context.support.AnnotationConfigContextLoaderUtils -- Could not detect default configuration classes for test class [com.thigas.quack.QuackApplicationTests]: QuackApplicationTests does not declare any static, non-private, non-final, nested classes annotated with @Configuration.
22:10:05.733 [main] INFO org.springframework.boot.test.context.SpringBootTestContextBootstrapper -- Found @SpringBootConfiguration com.thigas.quack.QuackApplication for test class com.thigas.quack.QuackApplicationTests
22:10:06.067 [main] INFO org.springframework.boot.devtools.restart.RestartApplicationListener -- Restart disabled due to context in which it is running

  .   ____          _            __ _ _
 /\\ / ___'_ __ _ _(_)_ __  __ _ \ \ \ \
( ( )\___ | '_ | '_| | '_ \/ _` | \ \ \ \
 \\/  ___)| |_)| | | | | || (_| |  ) ) ) )
  '  |____| .__|_| |_|_| |_\__, | / / / /
 =========|_|==============|___/=/_/_/_/

 :: Spring Boot ::                (v3.3.4)

2024-09-27T22:10:06.356-03:00  INFO 7316 --- [quack] [           main] com.thigas.quack.QuackApplicationTests   : Starting QuackApplicationTests using Java 21.0.4 with PID 7316 (started by José Henrique in I:\Documents\quack)
2024-09-27T22:10:06.356-03:00  INFO 7316 --- [quack] [           main] com.thigas.quack.QuackApplicationTests   : No active profile set, falling back to 1 default profile: "default"
2024-09-27T22:10:07.692-03:00  INFO 7316 --- [quack] [           main] .s.d.r.c.RepositoryConfigurationDelegate : Bootstrapping Spring Data JPA repositories in DEFAULT mode.
2024-09-27T22:10:07.840-03:00  INFO 7316 --- [quack] [           main] .s.d.r.c.RepositoryConfigurationDelegate : Finished Spring Data repository scanning in 131 ms. Found 10 JPA repository interfaces.
2024-09-27T22:10:08.768-03:00  INFO 7316 --- [quack] [           main] o.hibernate.jpa.internal.util.LogHelper  : HHH000204: Processing PersistenceUnitInfo [name: default]
2024-09-27T22:10:08.831-03:00  INFO 7316 --- [quack] [           main] org.hibernate.Version                    : HHH000412: Hibernate ORM core version 6.5.3.Final
2024-09-27T22:10:08.880-03:00  INFO 7316 --- [quack] [           main] o.h.c.internal.RegionFactoryInitiator    : HHH000026: Second-level cache disabled
2024-09-27T22:10:09.239-03:00  INFO 7316 --- [quack] [           main] o.s.o.j.p.SpringPersistenceUnitInfo      : No LoadTimeWeaver setup: ignoring JPA class transformer
2024-09-27T22:10:09.270-03:00  INFO 7316 --- [quack] [           main] com.zaxxer.hikari.HikariDataSource       : HikariPool-1 - Starting...
2024-09-27T22:10:09.519-03:00  INFO 7316 --- [quack] [           main] com.zaxxer.hikari.pool.HikariPool        : HikariPool-1 - Added connection org.postgresql.jdbc.PgConnection@56f84c9b
2024-09-27T22:10:09.519-03:00  INFO 7316 --- [quack] [           main] com.zaxxer.hikari.HikariDataSource       : HikariPool-1 - Start completed.
2024-09-27T22:10:09.573-03:00  WARN 7316 --- [quack] [           main] org.hibernate.orm.deprecation            : HHH90000025: PostgreSQLDialect does not need to be specified explicitly using 'hibernate.dialect' (remove the property setting and it will be selected by default)
2024-09-27T22:10:10.802-03:00  INFO 7316 --- [quack] [           main] o.h.e.t.j.p.i.JtaPlatformInitiator       : HHH000489: No JTA platform available (set 'hibernate.transaction.jta.platform' to enable JTA platform integration)
Hibernate: 
    create table achievement (
        id integer generated by default as identity,
        description varchar(255) not null,
        image_path varchar(255) not null,
        name varchar(255) not null,
        primary key (id)
    )
Hibernate: 
    create table address (
        id integer generated by default as identity,
        city varchar(255) not null,
        country varchar(255) not null,
        number varchar(255) not null,
        state varchar(255) not null,
        street varchar(255) not null,
        zip_code varchar(20) not null,
        user_id integer not null,
        primary key (id)
    )
Hibernate: 
    create table app_user (
        id integer generated by default as identity,
        born_at DATE not null,
        cpf varchar(11) not null,
        email varchar(255) not null,
        image_path varchar(255),
        name varchar(255) not null,
        password varchar(255) not null,
        phone varchar(255) not null,
        points float(53) not null,
        register_at TIMESTAMP WITH TIME ZONE not null,
        status smallint not null check (status between 0 and 4),
        username varchar(255) not null,
        primary key (id)
    )
Hibernate: 
    create table lesson (
        id integer generated by default as identity,
        description varchar(255) not null,
        image_path varchar(255) not null,
        language varchar(255),
        title varchar(255) not null,
        primary key (id)
    )
Hibernate: 
    create table roadmap (
        id integer generated by default as identity,
        description varchar(255) not null,
        image_path varchar(255) not null,
        status smallint not null check (status between 0 and 4),
        title varchar(255) not null,
        primary key (id)
    )
Hibernate: 
    create table statistic (
        id integer generated by default as identity,
        best_streak integer,
        challenges_completed integer,
        lessons_completed integer,
        streak_days integer,
        experience float(53),
        level integer,
        user_id integer not null,
        primary key (id)
    )
Hibernate: 
    create table step (
        id integer generated by default as identity,
        description varchar(255) not null,
        image_path varchar(255),
        status smallint not null check (status between 0 and 4),
        primary key (id)
    )
Hibernate: 
    create table step_lesson_mapping (
        step_id integer not null,
        lesson_id integer not null,
        primary key (step_id, lesson_id)
    )
Hibernate: 
    create table step_roadmap_mapping (
        step_id integer not null,
        roadmap_id integer not null,
        primary key (step_id, roadmap_id)
    )
Hibernate: 
    create table step_task_mapping (
        step_id integer not null,
        task_id integer not null,
        primary key (step_id, task_id)
    )
Hibernate: 
    create table task (
        id integer generated by default as identity,
        description varchar(255) not null,
        image_path varchar(255) not null,
        primary key (id)
    )
Hibernate: 
    create table user_achievement (
        id integer generated by default as identity,
        achievement_id integer not null,
        user_id integer not null,
        primary key (id)
    )
Hibernate: 
    create table user_roadmap (
        id integer generated by default as identity,
        finished_at DATE,
        progress float(53) not null,
        started_at DATE not null,
        status smallint not null check (status between 0 and 4),
        roadmap_id integer not null,
        user_id integer not null,
        primary key (id)
    )
Hibernate: 
    create table user_task (
        id integer generated by default as identity,
        image_path varchar(255) not null,
        status boolean not null,
        task_id integer not null,
        user_id integer not null,
        primary key (id)
    )
Hibernate: 
    alter table if exists app_user 
       drop constraint if exists UKi45wdy7u8pdcfglnhn7jnplsm
2024-09-27T22:10:10.972-03:00  WARN 7316 --- [quack] [           main] o.h.engine.jdbc.spi.SqlExceptionHelper   : SQL Warning Code: 0, SQLState: 00000
2024-09-27T22:10:10.972-03:00  WARN 7316 --- [quack] [           main] o.h.engine.jdbc.spi.SqlExceptionHelper   : restrição "uki45wdy7u8pdcfglnhn7jnplsm" da relação "app_user" não existe, ignorando
Hibernate: 
    alter table if exists app_user 
       add constraint UKi45wdy7u8pdcfglnhn7jnplsm unique (cpf)
Hibernate: 
    alter table if exists app_user 
       drop constraint if exists UK3k4cplvh82srueuttfkwnylq0
2024-09-27T22:10:10.972-03:00  WARN 7316 --- [quack] [           main] o.h.engine.jdbc.spi.SqlExceptionHelper   : SQL Warning Code: 0, SQLState: 00000
2024-09-27T22:10:10.972-03:00  WARN 7316 --- [quack] [           main] o.h.engine.jdbc.spi.SqlExceptionHelper   : restrição "uk3k4cplvh82srueuttfkwnylq0" da relação "app_user" não existe, ignorando
Hibernate: 
    alter table if exists app_user 
       add constraint UK3k4cplvh82srueuttfkwnylq0 unique (username)
Hibernate: 
    alter table if exists address 
       add constraint FKe4etc0n243br1d15pcmbt930w 
       foreign key (user_id) 
       references app_user
Hibernate: 
    alter table if exists statistic 
       add constraint FKeivywk5bgk68jeqyw176j6aqs 
       foreign key (user_id) 
       references app_user
Hibernate: 
    alter table if exists step_lesson_mapping 
       add constraint FKn2bksb2lpwil2gh387m0s5xw7 
       foreign key (lesson_id) 
       references lesson
Hibernate: 
    alter table if exists step_lesson_mapping 
       add constraint FK2kl70usk7xcrn2uv8bwbpo97e 
       foreign key (step_id) 
       references step
Hibernate: 
    alter table if exists step_roadmap_mapping 
       add constraint FKkq0thf20lcjtwpsio1d3o08s0 
       foreign key (roadmap_id) 
       references roadmap
Hibernate: 
    alter table if exists step_roadmap_mapping 
       add constraint FKh39a30kofsjjjfqaratoy8h6o 
       foreign key (step_id) 
       references step
Hibernate: 
    alter table if exists step_task_mapping 
       add constraint FKkhn1nms9glvt6pnk6pfg3ygqa 
       foreign key (task_id) 
       references task
Hibernate: 
    alter table if exists step_task_mapping 
       add constraint FK11f5ir1jtq9dcmrfrvhultnck 
       foreign key (step_id) 
       references step
Hibernate: 
    alter table if exists user_achievement 
       add constraint FKcxeo6malce3dsw6tc43bcrwfd 
       foreign key (achievement_id) 
       references achievement
Hibernate: 
    alter table if exists user_achievement 
       add constraint FKesc2lk51gdxbv7x491q9ftowv 
       foreign key (user_id) 
       references app_user
Hibernate: 
    alter table if exists user_roadmap 
       add constraint FKi9wkajuxhmwlkl0klgc5qgrlq 
       foreign key (roadmap_id) 
       references roadmap
Hibernate: 
    alter table if exists user_roadmap 
       add constraint FKecfivc5ljpu6etu2kunjhf6rv 
       foreign key (user_id) 
       references app_user
Hibernate: 
    alter table if exists user_task 
       add constraint FKvs34bjkmpbk2e54qlrol3ilt 
       foreign key (task_id) 
       references task
Hibernate: 
    alter table if exists user_task 
       add constraint FKoqvnam1g9so4x64jcxfpjeyy2 
       foreign key (user_id) 
       references app_user
2024-09-27T22:10:11.021-03:00  INFO 7316 --- [quack] [           main] j.LocalContainerEntityManagerFactoryBean : Initialized JPA EntityManagerFactory for persistence unit 'default'
2024-09-27T22:10:12.076-03:00  WARN 7316 --- [quack] [           main] JpaBaseConfiguration$JpaWebConfiguration : spring.jpa.open-in-view is enabled by default. Therefore, database queries may be performed during view rendering. Explicitly configure spring.jpa.open-in-view to disable this warning
2024-09-27T22:10:12.116-03:00  INFO 7316 --- [quack] [           main] r$InitializeUserDetailsManagerConfigurer : Global AuthenticationManager configured with UserDetailsService bean with name customUserDetailsService
2024-09-27T22:10:12.310-03:00  INFO 7316 --- [quack] [           main] o.s.b.a.w.s.WelcomePageHandlerMapping    : Adding welcome page template: index
2024-09-27T22:10:12.726-03:00  INFO 7316 --- [quack] [           main] o.s.b.a.e.web.EndpointLinksResolver      : Exposing 1 endpoint beneath base path '/actuator'
2024-09-27T22:10:13.483-03:00  INFO 7316 --- [quack] [           main] com.thigas.quack.QuackApplicationTests   : Started QuackApplicationTests in 7.439 seconds (process running for 8.765)
Hibernate: 
    insert 
    into
        app_user
        (born_at, cpf, email, image_path, name, password, phone, points, register_at, status, username) 
    values
        (?, ?, ?, ?, ?, ?, ?, ?, ?, ?, ?) 
    returning id
Hibernate: 
    insert 
    into
        app_user
        (born_at, cpf, email, image_path, name, password, phone, points, register_at, status, username) 
    values
        (?, ?, ?, ?, ?, ?, ?, ?, ?, ?, ?) 
    returning id
Hibernate: 
    insert 
    into
        app_user
        (born_at, cpf, email, image_path, name, password, phone, points, register_at, status, username) 
    values
        (?, ?, ?, ?, ?, ?, ?, ?, ?, ?, ?) 
    returning id
Hibernate: 
    insert 
    into
        app_user
        (born_at, cpf, email, image_path, name, password, phone, points, register_at, status, username) 
    values
        (?, ?, ?, ?, ?, ?, ?, ?, ?, ?, ?) 
    returning id
Hibernate: 
    insert 
    into
        app_user
        (born_at, cpf, email, image_path, name, password, phone, points, register_at, status, username) 
    values
        (?, ?, ?, ?, ?, ?, ?, ?, ?, ?, ?) 
    returning id
Hibernate: 
    insert 
    into
        app_user
        (born_at, cpf, email, image_path, name, password, phone, points, register_at, status, username) 
    values
        (?, ?, ?, ?, ?, ?, ?, ?, ?, ?, ?) 
    returning id
Hibernate: 
    insert 
    into
        app_user
        (born_at, cpf, email, image_path, name, password, phone, points, register_at, status, username) 
    values
        (?, ?, ?, ?, ?, ?, ?, ?, ?, ?, ?) 
    returning id
Hibernate: 
    insert 
    into
        app_user
        (born_at, cpf, email, image_path, name, password, phone, points, register_at, status, username) 
    values
        (?, ?, ?, ?, ?, ?, ?, ?, ?, ?, ?) 
    returning id
Hibernate: 
    insert 
    into
        app_user
        (born_at, cpf, email, image_path, name, password, phone, points, register_at, status, username) 
    values
        (?, ?, ?, ?, ?, ?, ?, ?, ?, ?, ?) 
    returning id
Hibernate: 
    insert 
    into
        app_user
        (born_at, cpf, email, image_path, name, password, phone, points, register_at, status, username) 
    values
        (?, ?, ?, ?, ?, ?, ?, ?, ?, ?, ?) 
    returning id
Hibernate: 
    insert 
    into
        roadmap
        (description, image_path, status, title) 
    values
        (?, ?, ?, ?) 
    returning id
Hibernate: 
    insert 
    into
        roadmap
        (description, image_path, status, title) 
    values
        (?, ?, ?, ?) 
    returning id
Hibernate: 
    insert 
    into
        roadmap
        (description, image_path, status, title) 
    values
        (?, ?, ?, ?) 
    returning id
Hibernate: 
    insert 
    into
        roadmap
        (description, image_path, status, title) 
    values
        (?, ?, ?, ?) 
    returning id
Hibernate: 
    insert 
    into
        roadmap
        (description, image_path, status, title) 
    values
        (?, ?, ?, ?) 
    returning id
Hibernate: 
    insert 
    into
        roadmap
        (description, image_path, status, title) 
    values
        (?, ?, ?, ?) 
    returning id
Hibernate: 
    insert 
    into
        roadmap
        (description, image_path, status, title) 
    values
        (?, ?, ?, ?) 
    returning id
Hibernate: 
    insert 
    into
        roadmap
        (description, image_path, status, title) 
    values
        (?, ?, ?, ?) 
    returning id
Hibernate: 
    insert 
    into
        roadmap
        (description, image_path, status, title) 
    values
        (?, ?, ?, ?) 
    returning id
Hibernate: 
    insert 
    into
        roadmap
        (description, image_path, status, title) 
    values
        (?, ?, ?, ?) 
    returning id
Hibernate: 
    insert 
    into
        lesson
        (description, image_path, language, title) 
    values
        (?, ?, ?, ?) 
    returning id
Hibernate: 
    insert 
    into
        lesson
        (description, image_path, language, title) 
    values
        (?, ?, ?, ?) 
    returning id
Hibernate: 
    insert 
    into
        lesson
        (description, image_path, language, title) 
    values
        (?, ?, ?, ?) 
    returning id
Hibernate: 
    insert 
    into
        lesson
        (description, image_path, language, title) 
    values
        (?, ?, ?, ?) 
    returning id
Hibernate: 
    insert 
    into
        lesson
        (description, image_path, language, title) 
    values
        (?, ?, ?, ?) 
    returning id
Hibernate: 
    insert 
    into
        lesson
        (description, image_path, language, title) 
    values
        (?, ?, ?, ?) 
    returning id
Hibernate: 
    insert 
    into
        lesson
        (description, image_path, language, title) 
    values
        (?, ?, ?, ?) 
    returning id
Hibernate: 
    insert 
    into
        lesson
        (description, image_path, language, title) 
    values
        (?, ?, ?, ?) 
    returning id
Hibernate: 
    insert 
    into
        lesson
        (description, image_path, language, title) 
    values
        (?, ?, ?, ?) 
    returning id
Hibernate: 
    insert 
    into
        lesson
        (description, image_path, language, title) 
    values
        (?, ?, ?, ?) 
    returning id
Hibernate: 
    select
        sm1_0.id,
        sm1_0.description,
        sm1_0.image_path,
        sm1_0.status 
    from
        step sm1_0 
    where
        sm1_0.id=?
Hibernate: 
    select
        sm1_0.id,
        sm1_0.description,
        sm1_0.image_path,
        sm1_0.status 
    from
        step sm1_0 
    where
        sm1_0.id=?
Hibernate: 
    select
        sm1_0.id,
        sm1_0.description,
        sm1_0.image_path,
        sm1_0.status 
    from
        step sm1_0 
    where
        sm1_0.id=?
Hibernate: 
    select
        sm1_0.id,
        sm1_0.description,
        sm1_0.image_path,
        sm1_0.status 
    from
        step sm1_0 
    where
        sm1_0.id=?
Hibernate: 
    select
        sm1_0.id,
        sm1_0.description,
        sm1_0.image_path,
        sm1_0.status 
    from
        step sm1_0 
    where
        sm1_0.id=?
Hibernate: 
    select
        sm1_0.id,
        sm1_0.description,
        sm1_0.image_path,
        sm1_0.status 
    from
        step sm1_0 
    where
        sm1_0.id=?
Hibernate: 
    select
        sm1_0.id,
        sm1_0.description,
        sm1_0.image_path,
        sm1_0.status 
    from
        step sm1_0 
    where
        sm1_0.id=?
Hibernate: 
    select
        sm1_0.id,
        sm1_0.description,
        sm1_0.image_path,
        sm1_0.status 
    from
        step sm1_0 
    where
        sm1_0.id=?
Hibernate: 
    select
        sm1_0.id,
        sm1_0.description,
        sm1_0.image_path,
        sm1_0.status 
    from
        step sm1_0 
    where
        sm1_0.id=?
Hibernate: 
    select
        sm1_0.id,
        sm1_0.description,
        sm1_0.image_path,
        sm1_0.status 
    from
        step sm1_0 
    where
        sm1_0.id=?
Hibernate: 
    insert 
    into
        task
        (description, image_path) 
    values
        (?, ?) 
    returning id
Hibernate: 
    select
        sm1_0.id,
        sm1_0.description,
        sm1_0.image_path,
        sm1_0.status 
    from
        step sm1_0 
    where
        sm1_0.id=?
Hibernate: 
    select
        sm1_0.id,
        sm1_0.description,
        sm1_0.image_path,
        sm1_0.status 
    from
        step sm1_0 
    where
        sm1_0.id=?
Hibernate: 
    select
        sm1_0.id,
        sm1_0.description,
        sm1_0.image_path,
        sm1_0.status 
    from
        step sm1_0 
    where
        sm1_0.id=?
Hibernate: 
    select
        sm1_0.id,
        sm1_0.description,
        sm1_0.image_path,
        sm1_0.status 
    from
        step sm1_0 
    where
        sm1_0.id=?
Hibernate: 
    select
        sm1_0.id,
        sm1_0.description,
        sm1_0.image_path,
        sm1_0.status 
    from
        step sm1_0 
    where
        sm1_0.id=?
Hibernate: 
    select
        sm1_0.id,
        sm1_0.description,
        sm1_0.image_path,
        sm1_0.status 
    from
        step sm1_0 
    where
        sm1_0.id=?
Hibernate: 
    select
        sm1_0.id,
        sm1_0.description,
        sm1_0.image_path,
        sm1_0.status 
    from
        step sm1_0 
    where
        sm1_0.id=?
Hibernate: 
    select
        sm1_0.id,
        sm1_0.description,
        sm1_0.image_path,
        sm1_0.status 
    from
        step sm1_0 
    where
        sm1_0.id=?
Hibernate: 
    select
        sm1_0.id,
        sm1_0.description,
        sm1_0.image_path,
        sm1_0.status 
    from
        step sm1_0 
    where
        sm1_0.id=?
Hibernate: 
    select
        sm1_0.id,
        sm1_0.description,
        sm1_0.image_path,
        sm1_0.status 
    from
        step sm1_0 
    where
        sm1_0.id=?
Hibernate: 
    insert 
    into
        task
        (description, image_path) 
    values
        (?, ?) 
    returning id
Hibernate: 
    select
        sm1_0.id,
        sm1_0.description,
        sm1_0.image_path,
        sm1_0.status 
    from
        step sm1_0 
    where
        sm1_0.id=?
Hibernate: 
    select
        sm1_0.id,
        sm1_0.description,
        sm1_0.image_path,
        sm1_0.status 
    from
        step sm1_0 
    where
        sm1_0.id=?
Hibernate: 
    select
        sm1_0.id,
        sm1_0.description,
        sm1_0.image_path,
        sm1_0.status 
    from
        step sm1_0 
    where
        sm1_0.id=?
Hibernate: 
    select
        sm1_0.id,
        sm1_0.description,
        sm1_0.image_path,
        sm1_0.status 
    from
        step sm1_0 
    where
        sm1_0.id=?
Hibernate: 
    select
        sm1_0.id,
        sm1_0.description,
        sm1_0.image_path,
        sm1_0.status 
    from
        step sm1_0 
    where
        sm1_0.id=?
Hibernate: 
    select
        sm1_0.id,
        sm1_0.description,
        sm1_0.image_path,
        sm1_0.status 
    from
        step sm1_0 
    where
        sm1_0.id=?
Hibernate: 
    select
        sm1_0.id,
        sm1_0.description,
        sm1_0.image_path,
        sm1_0.status 
    from
        step sm1_0 
    where
        sm1_0.id=?
Hibernate: 
    select
        sm1_0.id,
        sm1_0.description,
        sm1_0.image_path,
        sm1_0.status 
    from
        step sm1_0 
    where
        sm1_0.id=?
Hibernate: 
    select
        sm1_0.id,
        sm1_0.description,
        sm1_0.image_path,
        sm1_0.status 
    from
        step sm1_0 
    where
        sm1_0.id=?
Hibernate: 
    select
        sm1_0.id,
        sm1_0.description,
        sm1_0.image_path,
        sm1_0.status 
    from
        step sm1_0 
    where
        sm1_0.id=?
Hibernate: 
    insert 
    into
        task
        (description, image_path) 
    values
        (?, ?) 
    returning id
Hibernate: 
    select
        sm1_0.id,
        sm1_0.description,
        sm1_0.image_path,
        sm1_0.status 
    from
        step sm1_0 
    where
        sm1_0.id=?
Hibernate: 
    select
        sm1_0.id,
        sm1_0.description,
        sm1_0.image_path,
        sm1_0.status 
    from
        step sm1_0 
    where
        sm1_0.id=?
Hibernate: 
    select
        sm1_0.id,
        sm1_0.description,
        sm1_0.image_path,
        sm1_0.status 
    from
        step sm1_0 
    where
        sm1_0.id=?
Hibernate: 
    select
        sm1_0.id,
        sm1_0.description,
        sm1_0.image_path,
        sm1_0.status 
    from
        step sm1_0 
    where
        sm1_0.id=?
Hibernate: 
    select
        sm1_0.id,
        sm1_0.description,
        sm1_0.image_path,
        sm1_0.status 
    from
        step sm1_0 
    where
        sm1_0.id=?
Hibernate: 
    select
        sm1_0.id,
        sm1_0.description,
        sm1_0.image_path,
        sm1_0.status 
    from
        step sm1_0 
    where
        sm1_0.id=?
Hibernate: 
    select
        sm1_0.id,
        sm1_0.description,
        sm1_0.image_path,
        sm1_0.status 
    from
        step sm1_0 
    where
        sm1_0.id=?
Hibernate: 
    select
        sm1_0.id,
        sm1_0.description,
        sm1_0.image_path,
        sm1_0.status 
    from
        step sm1_0 
    where
        sm1_0.id=?
Hibernate: 
    select
        sm1_0.id,
        sm1_0.description,
        sm1_0.image_path,
        sm1_0.status 
    from
        step sm1_0 
    where
        sm1_0.id=?
Hibernate: 
    select
        sm1_0.id,
        sm1_0.description,
        sm1_0.image_path,
        sm1_0.status 
    from
        step sm1_0 
    where
        sm1_0.id=?
Hibernate: 
    insert 
    into
        task
        (description, image_path) 
    values
        (?, ?) 
    returning id
Hibernate: 
    select
        sm1_0.id,
        sm1_0.description,
        sm1_0.image_path,
        sm1_0.status 
    from
        step sm1_0 
    where
        sm1_0.id=?
Hibernate: 
    select
        sm1_0.id,
        sm1_0.description,
        sm1_0.image_path,
        sm1_0.status 
    from
        step sm1_0 
    where
        sm1_0.id=?
Hibernate: 
    select
        sm1_0.id,
        sm1_0.description,
        sm1_0.image_path,
        sm1_0.status 
    from
        step sm1_0 
    where
        sm1_0.id=?
Hibernate: 
    select
        sm1_0.id,
        sm1_0.description,
        sm1_0.image_path,
        sm1_0.status 
    from
        step sm1_0 
    where
        sm1_0.id=?
Hibernate: 
    select
        sm1_0.id,
        sm1_0.description,
        sm1_0.image_path,
        sm1_0.status 
    from
        step sm1_0 
    where
        sm1_0.id=?
Hibernate: 
    select
        sm1_0.id,
        sm1_0.description,
        sm1_0.image_path,
        sm1_0.status 
    from
        step sm1_0 
    where
        sm1_0.id=?
Hibernate: 
    select
        sm1_0.id,
        sm1_0.description,
        sm1_0.image_path,
        sm1_0.status 
    from
        step sm1_0 
    where
        sm1_0.id=?
Hibernate: 
    select
        sm1_0.id,
        sm1_0.description,
        sm1_0.image_path,
        sm1_0.status 
    from
        step sm1_0 
    where
        sm1_0.id=?
Hibernate: 
    select
        sm1_0.id,
        sm1_0.description,
        sm1_0.image_path,
        sm1_0.status 
    from
        step sm1_0 
    where
        sm1_0.id=?
Hibernate: 
    select
        sm1_0.id,
        sm1_0.description,
        sm1_0.image_path,
        sm1_0.status 
    from
        step sm1_0 
    where
        sm1_0.id=?
Hibernate: 
    insert 
    into
        task
        (description, image_path) 
    values
        (?, ?) 
    returning id
Hibernate: 
    select
        sm1_0.id,
        sm1_0.description,
        sm1_0.image_path,
        sm1_0.status 
    from
        step sm1_0 
    where
        sm1_0.id=?
Hibernate: 
    select
        sm1_0.id,
        sm1_0.description,
        sm1_0.image_path,
        sm1_0.status 
    from
        step sm1_0 
    where
        sm1_0.id=?
Hibernate: 
    select
        sm1_0.id,
        sm1_0.description,
        sm1_0.image_path,
        sm1_0.status 
    from
        step sm1_0 
    where
        sm1_0.id=?
Hibernate: 
    select
        sm1_0.id,
        sm1_0.description,
        sm1_0.image_path,
        sm1_0.status 
    from
        step sm1_0 
    where
        sm1_0.id=?
Hibernate: 
    select
        sm1_0.id,
        sm1_0.description,
        sm1_0.image_path,
        sm1_0.status 
    from
        step sm1_0 
    where
        sm1_0.id=?
Hibernate: 
    select
        sm1_0.id,
        sm1_0.description,
        sm1_0.image_path,
        sm1_0.status 
    from
        step sm1_0 
    where
        sm1_0.id=?
Hibernate: 
    select
        sm1_0.id,
        sm1_0.description,
        sm1_0.image_path,
        sm1_0.status 
    from
        step sm1_0 
    where
        sm1_0.id=?
Hibernate: 
    select
        sm1_0.id,
        sm1_0.description,
        sm1_0.image_path,
        sm1_0.status 
    from
        step sm1_0 
    where
        sm1_0.id=?
Hibernate: 
    select
        sm1_0.id,
        sm1_0.description,
        sm1_0.image_path,
        sm1_0.status 
    from
        step sm1_0 
    where
        sm1_0.id=?
Hibernate: 
    select
        sm1_0.id,
        sm1_0.description,
        sm1_0.image_path,
        sm1_0.status 
    from
        step sm1_0 
    where
        sm1_0.id=?
Hibernate: 
    insert 
    into
        task
        (description, image_path) 
    values
        (?, ?) 
    returning id
Hibernate: 
    select
        sm1_0.id,
        sm1_0.description,
        sm1_0.image_path,
        sm1_0.status 
    from
        step sm1_0 
    where
        sm1_0.id=?
Hibernate: 
    select
        sm1_0.id,
        sm1_0.description,
        sm1_0.image_path,
        sm1_0.status 
    from
        step sm1_0 
    where
        sm1_0.id=?
Hibernate: 
    select
        sm1_0.id,
        sm1_0.description,
        sm1_0.image_path,
        sm1_0.status 
    from
        step sm1_0 
    where
        sm1_0.id=?
Hibernate: 
    select
        sm1_0.id,
        sm1_0.description,
        sm1_0.image_path,
        sm1_0.status 
    from
        step sm1_0 
    where
        sm1_0.id=?
Hibernate: 
    select
        sm1_0.id,
        sm1_0.description,
        sm1_0.image_path,
        sm1_0.status 
    from
        step sm1_0 
    where
        sm1_0.id=?
Hibernate: 
    select
        sm1_0.id,
        sm1_0.description,
        sm1_0.image_path,
        sm1_0.status 
    from
        step sm1_0 
    where
        sm1_0.id=?
Hibernate: 
    select
        sm1_0.id,
        sm1_0.description,
        sm1_0.image_path,
        sm1_0.status 
    from
        step sm1_0 
    where
        sm1_0.id=?
Hibernate: 
    select
        sm1_0.id,
        sm1_0.description,
        sm1_0.image_path,
        sm1_0.status 
    from
        step sm1_0 
    where
        sm1_0.id=?
Hibernate: 
    select
        sm1_0.id,
        sm1_0.description,
        sm1_0.image_path,
        sm1_0.status 
    from
        step sm1_0 
    where
        sm1_0.id=?
Hibernate: 
    select
        sm1_0.id,
        sm1_0.description,
        sm1_0.image_path,
        sm1_0.status 
    from
        step sm1_0 
    where
        sm1_0.id=?
Hibernate: 
    insert 
    into
        task
        (description, image_path) 
    values
        (?, ?) 
    returning id
Hibernate: 
    select
        sm1_0.id,
        sm1_0.description,
        sm1_0.image_path,
        sm1_0.status 
    from
        step sm1_0 
    where
        sm1_0.id=?
Hibernate: 
    select
        sm1_0.id,
        sm1_0.description,
        sm1_0.image_path,
        sm1_0.status 
    from
        step sm1_0 
    where
        sm1_0.id=?
Hibernate: 
    select
        sm1_0.id,
        sm1_0.description,
        sm1_0.image_path,
        sm1_0.status 
    from
        step sm1_0 
    where
        sm1_0.id=?
Hibernate: 
    select
        sm1_0.id,
        sm1_0.description,
        sm1_0.image_path,
        sm1_0.status 
    from
        step sm1_0 
    where
        sm1_0.id=?
Hibernate: 
    select
        sm1_0.id,
        sm1_0.description,
        sm1_0.image_path,
        sm1_0.status 
    from
        step sm1_0 
    where
        sm1_0.id=?
Hibernate: 
    select
        sm1_0.id,
        sm1_0.description,
        sm1_0.image_path,
        sm1_0.status 
    from
        step sm1_0 
    where
        sm1_0.id=?
Hibernate: 
    select
        sm1_0.id,
        sm1_0.description,
        sm1_0.image_path,
        sm1_0.status 
    from
        step sm1_0 
    where
        sm1_0.id=?
Hibernate: 
    select
        sm1_0.id,
        sm1_0.description,
        sm1_0.image_path,
        sm1_0.status 
    from
        step sm1_0 
    where
        sm1_0.id=?
Hibernate: 
    select
        sm1_0.id,
        sm1_0.description,
        sm1_0.image_path,
        sm1_0.status 
    from
        step sm1_0 
    where
        sm1_0.id=?
Hibernate: 
    select
        sm1_0.id,
        sm1_0.description,
        sm1_0.image_path,
        sm1_0.status 
    from
        step sm1_0 
    where
        sm1_0.id=?
Hibernate: 
    insert 
    into
        task
        (description, image_path) 
    values
        (?, ?) 
    returning id
Hibernate: 
    select
        sm1_0.id,
        sm1_0.description,
        sm1_0.image_path,
        sm1_0.status 
    from
        step sm1_0 
    where
        sm1_0.id=?
Hibernate: 
    select
        sm1_0.id,
        sm1_0.description,
        sm1_0.image_path,
        sm1_0.status 
    from
        step sm1_0 
    where
        sm1_0.id=?
Hibernate: 
    select
        sm1_0.id,
        sm1_0.description,
        sm1_0.image_path,
        sm1_0.status 
    from
        step sm1_0 
    where
        sm1_0.id=?
Hibernate: 
    select
        sm1_0.id,
        sm1_0.description,
        sm1_0.image_path,
        sm1_0.status 
    from
        step sm1_0 
    where
        sm1_0.id=?
Hibernate: 
    select
        sm1_0.id,
        sm1_0.description,
        sm1_0.image_path,
        sm1_0.status 
    from
        step sm1_0 
    where
        sm1_0.id=?
Hibernate: 
    select
        sm1_0.id,
        sm1_0.description,
        sm1_0.image_path,
        sm1_0.status 
    from
        step sm1_0 
    where
        sm1_0.id=?
Hibernate: 
    select
        sm1_0.id,
        sm1_0.description,
        sm1_0.image_path,
        sm1_0.status 
    from
        step sm1_0 
    where
        sm1_0.id=?
Hibernate: 
    select
        sm1_0.id,
        sm1_0.description,
        sm1_0.image_path,
        sm1_0.status 
    from
        step sm1_0 
    where
        sm1_0.id=?
Hibernate: 
    select
        sm1_0.id,
        sm1_0.description,
        sm1_0.image_path,
        sm1_0.status 
    from
        step sm1_0 
    where
        sm1_0.id=?
Hibernate: 
    select
        sm1_0.id,
        sm1_0.description,
        sm1_0.image_path,
        sm1_0.status 
    from
        step sm1_0 
    where
        sm1_0.id=?
Hibernate: 
    insert 
    into
        task
        (description, image_path) 
    values
        (?, ?) 
    returning id
Hibernate: 
    select
        sm1_0.id,
        sm1_0.description,
        sm1_0.image_path,
        sm1_0.status 
    from
        step sm1_0 
    where
        sm1_0.id=?
Hibernate: 
    select
        sm1_0.id,
        sm1_0.description,
        sm1_0.image_path,
        sm1_0.status 
    from
        step sm1_0 
    where
        sm1_0.id=?
Hibernate: 
    select
        sm1_0.id,
        sm1_0.description,
        sm1_0.image_path,
        sm1_0.status 
    from
        step sm1_0 
    where
        sm1_0.id=?
Hibernate: 
    select
        sm1_0.id,
        sm1_0.description,
        sm1_0.image_path,
        sm1_0.status 
    from
        step sm1_0 
    where
        sm1_0.id=?
Hibernate: 
    select
        sm1_0.id,
        sm1_0.description,
        sm1_0.image_path,
        sm1_0.status 
    from
        step sm1_0 
    where
        sm1_0.id=?
Hibernate: 
    select
        sm1_0.id,
        sm1_0.description,
        sm1_0.image_path,
        sm1_0.status 
    from
        step sm1_0 
    where
        sm1_0.id=?
Hibernate: 
    select
        sm1_0.id,
        sm1_0.description,
        sm1_0.image_path,
        sm1_0.status 
    from
        step sm1_0 
    where
        sm1_0.id=?
Hibernate: 
    select
        sm1_0.id,
        sm1_0.description,
        sm1_0.image_path,
        sm1_0.status 
    from
        step sm1_0 
    where
        sm1_0.id=?
Hibernate: 
    select
        sm1_0.id,
        sm1_0.description,
        sm1_0.image_path,
        sm1_0.status 
    from
        step sm1_0 
    where
        sm1_0.id=?
Hibernate: 
    select
        sm1_0.id,
        sm1_0.description,
        sm1_0.image_path,
        sm1_0.status 
    from
        step sm1_0 
    where
        sm1_0.id=?
Hibernate: 
    insert 
    into
        task
        (description, image_path) 
    values
        (?, ?) 
    returning id
Hibernate: 
    select
        lm1_0.id,
        lm1_0.description,
        lm1_0.image_path,
        lm1_0.language,
        lm1_0.title 
    from
        lesson lm1_0 
    where
        lm1_0.id=?
Hibernate: 
    select
        s1_0.lesson_id,
        s1_1.id,
        s1_1.description,
        s1_1.image_path,
        s1_1.status 
    from
        step_lesson_mapping s1_0 
    join
        step s1_1 
            on s1_1.id=s1_0.step_id 
    where
        s1_0.lesson_id=?
Hibernate: 
    select
        lm1_0.id,
        lm1_0.description,
        lm1_0.image_path,
        lm1_0.language,
        lm1_0.title 
    from
        lesson lm1_0 
    where
        lm1_0.id=?
Hibernate: 
    select
        s1_0.lesson_id,
        s1_1.id,
        s1_1.description,
        s1_1.image_path,
        s1_1.status 
    from
        step_lesson_mapping s1_0 
    join
        step s1_1 
            on s1_1.id=s1_0.step_id 
    where
        s1_0.lesson_id=?
Hibernate: 
    select
        lm1_0.id,
        lm1_0.description,
        lm1_0.image_path,
        lm1_0.language,
        lm1_0.title 
    from
        lesson lm1_0 
    where
        lm1_0.id=?
Hibernate: 
    select
        s1_0.lesson_id,
        s1_1.id,
        s1_1.description,
        s1_1.image_path,
        s1_1.status 
    from
        step_lesson_mapping s1_0 
    join
        step s1_1 
            on s1_1.id=s1_0.step_id 
    where
        s1_0.lesson_id=?
Hibernate: 
    select
        lm1_0.id,
        lm1_0.description,
        lm1_0.image_path,
        lm1_0.language,
        lm1_0.title 
    from
        lesson lm1_0 
    where
        lm1_0.id=?
Hibernate: 
    select
        s1_0.lesson_id,
        s1_1.id,
        s1_1.description,
        s1_1.image_path,
        s1_1.status 
    from
        step_lesson_mapping s1_0 
    join
        step s1_1 
            on s1_1.id=s1_0.step_id 
    where
        s1_0.lesson_id=?
Hibernate: 
    select
        lm1_0.id,
        lm1_0.description,
        lm1_0.image_path,
        lm1_0.language,
        lm1_0.title 
    from
        lesson lm1_0 
    where
        lm1_0.id=?
Hibernate: 
    select
        s1_0.lesson_id,
        s1_1.id,
        s1_1.description,
        s1_1.image_path,
        s1_1.status 
    from
        step_lesson_mapping s1_0 
    join
        step s1_1 
            on s1_1.id=s1_0.step_id 
    where
        s1_0.lesson_id=?
Hibernate: 
    select
        lm1_0.id,
        lm1_0.description,
        lm1_0.image_path,
        lm1_0.language,
        lm1_0.title 
    from
        lesson lm1_0 
    where
        lm1_0.id=?
Hibernate: 
    select
        s1_0.lesson_id,
        s1_1.id,
        s1_1.description,
        s1_1.image_path,
        s1_1.status 
    from
        step_lesson_mapping s1_0 
    join
        step s1_1 
            on s1_1.id=s1_0.step_id 
    where
        s1_0.lesson_id=?
Hibernate: 
    select
        lm1_0.id,
        lm1_0.description,
        lm1_0.image_path,
        lm1_0.language,
        lm1_0.title 
    from
        lesson lm1_0 
    where
        lm1_0.id=?
Hibernate: 
    select
        s1_0.lesson_id,
        s1_1.id,
        s1_1.description,
        s1_1.image_path,
        s1_1.status 
    from
        step_lesson_mapping s1_0 
    join
        step s1_1 
            on s1_1.id=s1_0.step_id 
    where
        s1_0.lesson_id=?
Hibernate: 
    select
        lm1_0.id,
        lm1_0.description,
        lm1_0.image_path,
        lm1_0.language,
        lm1_0.title 
    from
        lesson lm1_0 
    where
        lm1_0.id=?
Hibernate: 
    select
        s1_0.lesson_id,
        s1_1.id,
        s1_1.description,
        s1_1.image_path,
        s1_1.status 
    from
        step_lesson_mapping s1_0 
    join
        step s1_1 
            on s1_1.id=s1_0.step_id 
    where
        s1_0.lesson_id=?
Hibernate: 
    select
        lm1_0.id,
        lm1_0.description,
        lm1_0.image_path,
        lm1_0.language,
        lm1_0.title 
    from
        lesson lm1_0 
    where
        lm1_0.id=?
Hibernate: 
    select
        s1_0.lesson_id,
        s1_1.id,
        s1_1.description,
        s1_1.image_path,
        s1_1.status 
    from
        step_lesson_mapping s1_0 
    join
        step s1_1 
            on s1_1.id=s1_0.step_id 
    where
        s1_0.lesson_id=?
Hibernate: 
    select
        lm1_0.id,
        lm1_0.description,
        lm1_0.image_path,
        lm1_0.language,
        lm1_0.title 
    from
        lesson lm1_0 
    where
        lm1_0.id=?
Hibernate: 
    select
        s1_0.lesson_id,
        s1_1.id,
        s1_1.description,
        s1_1.image_path,
        s1_1.status 
    from
        step_lesson_mapping s1_0 
    join
        step s1_1 
            on s1_1.id=s1_0.step_id 
    where
        s1_0.lesson_id=?
Hibernate: 
    select
        rm1_0.id,
        rm1_0.description,
        rm1_0.image_path,
        rm1_0.status,
        rm1_0.title 
    from
        roadmap rm1_0 
    where
        rm1_0.id=?
Hibernate: 
    select
        s1_0.roadmap_id,
        s1_1.id,
        s1_1.description,
        s1_1.image_path,
        s1_1.status 
    from
        step_roadmap_mapping s1_0 
    join
        step s1_1 
            on s1_1.id=s1_0.step_id 
    where
        s1_0.roadmap_id=?
Hibernate: 
    select
        rm1_0.id,
        rm1_0.description,
        rm1_0.image_path,
        rm1_0.status,
        rm1_0.title 
    from
        roadmap rm1_0 
    where
        rm1_0.id=?
Hibernate: 
    select
        s1_0.roadmap_id,
        s1_1.id,
        s1_1.description,
        s1_1.image_path,
        s1_1.status 
    from
        step_roadmap_mapping s1_0 
    join
        step s1_1 
            on s1_1.id=s1_0.step_id 
    where
        s1_0.roadmap_id=?
Hibernate: 
    select
        rm1_0.id,
        rm1_0.description,
        rm1_0.image_path,
        rm1_0.status,
        rm1_0.title 
    from
        roadmap rm1_0 
    where
        rm1_0.id=?
Hibernate: 
    select
        s1_0.roadmap_id,
        s1_1.id,
        s1_1.description,
        s1_1.image_path,
        s1_1.status 
    from
        step_roadmap_mapping s1_0 
    join
        step s1_1 
            on s1_1.id=s1_0.step_id 
    where
        s1_0.roadmap_id=?
Hibernate: 
    select
        rm1_0.id,
        rm1_0.description,
        rm1_0.image_path,
        rm1_0.status,
        rm1_0.title 
    from
        roadmap rm1_0 
    where
        rm1_0.id=?
Hibernate: 
    select
        s1_0.roadmap_id,
        s1_1.id,
        s1_1.description,
        s1_1.image_path,
        s1_1.status 
    from
        step_roadmap_mapping s1_0 
    join
        step s1_1 
            on s1_1.id=s1_0.step_id 
    where
        s1_0.roadmap_id=?
Hibernate: 
    select
        rm1_0.id,
        rm1_0.description,
        rm1_0.image_path,
        rm1_0.status,
        rm1_0.title 
    from
        roadmap rm1_0 
    where
        rm1_0.id=?
Hibernate: 
    select
        s1_0.roadmap_id,
        s1_1.id,
        s1_1.description,
        s1_1.image_path,
        s1_1.status 
    from
        step_roadmap_mapping s1_0 
    join
        step s1_1 
            on s1_1.id=s1_0.step_id 
    where
        s1_0.roadmap_id=?
Hibernate: 
    select
        rm1_0.id,
        rm1_0.description,
        rm1_0.image_path,
        rm1_0.status,
        rm1_0.title 
    from
        roadmap rm1_0 
    where
        rm1_0.id=?
Hibernate: 
    select
        s1_0.roadmap_id,
        s1_1.id,
        s1_1.description,
        s1_1.image_path,
        s1_1.status 
    from
        step_roadmap_mapping s1_0 
    join
        step s1_1 
            on s1_1.id=s1_0.step_id 
    where
        s1_0.roadmap_id=?
Hibernate: 
    select
        rm1_0.id,
        rm1_0.description,
        rm1_0.image_path,
        rm1_0.status,
        rm1_0.title 
    from
        roadmap rm1_0 
    where
        rm1_0.id=?
Hibernate: 
    select
        s1_0.roadmap_id,
        s1_1.id,
        s1_1.description,
        s1_1.image_path,
        s1_1.status 
    from
        step_roadmap_mapping s1_0 
    join
        step s1_1 
            on s1_1.id=s1_0.step_id 
    where
        s1_0.roadmap_id=?
Hibernate: 
    select
        rm1_0.id,
        rm1_0.description,
        rm1_0.image_path,
        rm1_0.status,
        rm1_0.title 
    from
        roadmap rm1_0 
    where
        rm1_0.id=?
Hibernate: 
    select
        s1_0.roadmap_id,
        s1_1.id,
        s1_1.description,
        s1_1.image_path,
        s1_1.status 
    from
        step_roadmap_mapping s1_0 
    join
        step s1_1 
            on s1_1.id=s1_0.step_id 
    where
        s1_0.roadmap_id=?
Hibernate: 
    select
        rm1_0.id,
        rm1_0.description,
        rm1_0.image_path,
        rm1_0.status,
        rm1_0.title 
    from
        roadmap rm1_0 
    where
        rm1_0.id=?
Hibernate: 
    select
        s1_0.roadmap_id,
        s1_1.id,
        s1_1.description,
        s1_1.image_path,
        s1_1.status 
    from
        step_roadmap_mapping s1_0 
    join
        step s1_1 
            on s1_1.id=s1_0.step_id 
    where
        s1_0.roadmap_id=?
Hibernate: 
    select
        rm1_0.id,
        rm1_0.description,
        rm1_0.image_path,
        rm1_0.status,
        rm1_0.title 
    from
        roadmap rm1_0 
    where
        rm1_0.id=?
Hibernate: 
    select
        s1_0.roadmap_id,
        s1_1.id,
        s1_1.description,
        s1_1.image_path,
        s1_1.status 
    from
        step_roadmap_mapping s1_0 
    join
        step s1_1 
            on s1_1.id=s1_0.step_id 
    where
        s1_0.roadmap_id=?
Hibernate: 
    select
        tm1_0.id,
        tm1_0.description,
        tm1_0.image_path 
    from
        task tm1_0 
    where
        tm1_0.id=?
Hibernate: 
    select
        tm1_0.id,
        tm1_0.description,
        tm1_0.image_path 
    from
        task tm1_0 
    where
        tm1_0.id=?
Hibernate: 
    select
        tm1_0.id,
        tm1_0.description,
        tm1_0.image_path 
    from
        task tm1_0 
    where
        tm1_0.id=?
Hibernate: 
    select
        tm1_0.id,
        tm1_0.description,
        tm1_0.image_path 
    from
        task tm1_0 
    where
        tm1_0.id=?
Hibernate: 
    select
        tm1_0.id,
        tm1_0.description,
        tm1_0.image_path 
    from
        task tm1_0 
    where
        tm1_0.id=?
Hibernate: 
    select
        tm1_0.id,
        tm1_0.description,
        tm1_0.image_path 
    from
        task tm1_0 
    where
        tm1_0.id=?
Hibernate: 
    select
        tm1_0.id,
        tm1_0.description,
        tm1_0.image_path 
    from
        task tm1_0 
    where
        tm1_0.id=?
Hibernate: 
    select
        tm1_0.id,
        tm1_0.description,
        tm1_0.image_path 
    from
        task tm1_0 
    where
        tm1_0.id=?
Hibernate: 
    select
        tm1_0.id,
        tm1_0.description,
        tm1_0.image_path 
    from
        task tm1_0 
    where
        tm1_0.id=?
Hibernate: 
    select
        tm1_0.id,
        tm1_0.description,
        tm1_0.image_path 
    from
        task tm1_0 
    where
        tm1_0.id=?
Hibernate: 
    insert 
    into
        step
        (description, image_path, status) 
    values
        (?, ?, ?) 
    returning id
Hibernate: 
    select
        lm1_0.id,
        lm1_0.description,
        lm1_0.image_path,
        lm1_0.language,
        lm1_0.title 
    from
        lesson lm1_0 
    where
        lm1_0.id=?
Hibernate: 
    select
        s1_0.lesson_id,
        s1_1.id,
        s1_1.description,
        s1_1.image_path,
        s1_1.status 
    from
        step_lesson_mapping s1_0 
    join
        step s1_1 
            on s1_1.id=s1_0.step_id 
    where
        s1_0.lesson_id=?
Hibernate: 
    select
        lm1_0.id,
        lm1_0.description,
        lm1_0.image_path,
        lm1_0.language,
        lm1_0.title 
    from
        lesson lm1_0 
    where
        lm1_0.id=?
Hibernate: 
    select
        s1_0.lesson_id,
        s1_1.id,
        s1_1.description,
        s1_1.image_path,
        s1_1.status 
    from
        step_lesson_mapping s1_0 
    join
        step s1_1 
            on s1_1.id=s1_0.step_id 
    where
        s1_0.lesson_id=?
Hibernate: 
    select
        lm1_0.id,
        lm1_0.description,
        lm1_0.image_path,
        lm1_0.language,
        lm1_0.title 
    from
        lesson lm1_0 
    where
        lm1_0.id=?
Hibernate: 
    select
        s1_0.lesson_id,
        s1_1.id,
        s1_1.description,
        s1_1.image_path,
        s1_1.status 
    from
        step_lesson_mapping s1_0 
    join
        step s1_1 
            on s1_1.id=s1_0.step_id 
    where
        s1_0.lesson_id=?
Hibernate: 
    select
        lm1_0.id,
        lm1_0.description,
        lm1_0.image_path,
        lm1_0.language,
        lm1_0.title 
    from
        lesson lm1_0 
    where
        lm1_0.id=?
Hibernate: 
    select
        s1_0.lesson_id,
        s1_1.id,
        s1_1.description,
        s1_1.image_path,
        s1_1.status 
    from
        step_lesson_mapping s1_0 
    join
        step s1_1 
            on s1_1.id=s1_0.step_id 
    where
        s1_0.lesson_id=?
Hibernate: 
    select
        lm1_0.id,
        lm1_0.description,
        lm1_0.image_path,
        lm1_0.language,
        lm1_0.title 
    from
        lesson lm1_0 
    where
        lm1_0.id=?
Hibernate: 
    select
        s1_0.lesson_id,
        s1_1.id,
        s1_1.description,
        s1_1.image_path,
        s1_1.status 
    from
        step_lesson_mapping s1_0 
    join
        step s1_1 
            on s1_1.id=s1_0.step_id 
    where
        s1_0.lesson_id=?
Hibernate: 
    select
        lm1_0.id,
        lm1_0.description,
        lm1_0.image_path,
        lm1_0.language,
        lm1_0.title 
    from
        lesson lm1_0 
    where
        lm1_0.id=?
Hibernate: 
    select
        s1_0.lesson_id,
        s1_1.id,
        s1_1.description,
        s1_1.image_path,
        s1_1.status 
    from
        step_lesson_mapping s1_0 
    join
        step s1_1 
            on s1_1.id=s1_0.step_id 
    where
        s1_0.lesson_id=?
Hibernate: 
    select
        lm1_0.id,
        lm1_0.description,
        lm1_0.image_path,
        lm1_0.language,
        lm1_0.title 
    from
        lesson lm1_0 
    where
        lm1_0.id=?
Hibernate: 
    select
        s1_0.lesson_id,
        s1_1.id,
        s1_1.description,
        s1_1.image_path,
        s1_1.status 
    from
        step_lesson_mapping s1_0 
    join
        step s1_1 
            on s1_1.id=s1_0.step_id 
    where
        s1_0.lesson_id=?
Hibernate: 
    select
        lm1_0.id,
        lm1_0.description,
        lm1_0.image_path,
        lm1_0.language,
        lm1_0.title 
    from
        lesson lm1_0 
    where
        lm1_0.id=?
Hibernate: 
    select
        s1_0.lesson_id,
        s1_1.id,
        s1_1.description,
        s1_1.image_path,
        s1_1.status 
    from
        step_lesson_mapping s1_0 
    join
        step s1_1 
            on s1_1.id=s1_0.step_id 
    where
        s1_0.lesson_id=?
Hibernate: 
    select
        lm1_0.id,
        lm1_0.description,
        lm1_0.image_path,
        lm1_0.language,
        lm1_0.title 
    from
        lesson lm1_0 
    where
        lm1_0.id=?
Hibernate: 
    select
        s1_0.lesson_id,
        s1_1.id,
        s1_1.description,
        s1_1.image_path,
        s1_1.status 
    from
        step_lesson_mapping s1_0 
    join
        step s1_1 
            on s1_1.id=s1_0.step_id 
    where
        s1_0.lesson_id=?
Hibernate: 
    select
        lm1_0.id,
        lm1_0.description,
        lm1_0.image_path,
        lm1_0.language,
        lm1_0.title 
    from
        lesson lm1_0 
    where
        lm1_0.id=?
Hibernate: 
    select
        s1_0.lesson_id,
        s1_1.id,
        s1_1.description,
        s1_1.image_path,
        s1_1.status 
    from
        step_lesson_mapping s1_0 
    join
        step s1_1 
            on s1_1.id=s1_0.step_id 
    where
        s1_0.lesson_id=?
Hibernate: 
    select
        rm1_0.id,
        rm1_0.description,
        rm1_0.image_path,
        rm1_0.status,
        rm1_0.title 
    from
        roadmap rm1_0 
    where
        rm1_0.id=?
Hibernate: 
    select
        s1_0.roadmap_id,
        s1_1.id,
        s1_1.description,
        s1_1.image_path,
        s1_1.status 
    from
        step_roadmap_mapping s1_0 
    join
        step s1_1 
            on s1_1.id=s1_0.step_id 
    where
        s1_0.roadmap_id=?
Hibernate: 
    select
        rm1_0.id,
        rm1_0.description,
        rm1_0.image_path,
        rm1_0.status,
        rm1_0.title 
    from
        roadmap rm1_0 
    where
        rm1_0.id=?
Hibernate: 
    select
        s1_0.roadmap_id,
        s1_1.id,
        s1_1.description,
        s1_1.image_path,
        s1_1.status 
    from
        step_roadmap_mapping s1_0 
    join
        step s1_1 
            on s1_1.id=s1_0.step_id 
    where
        s1_0.roadmap_id=?
Hibernate: 
    select
        rm1_0.id,
        rm1_0.description,
        rm1_0.image_path,
        rm1_0.status,
        rm1_0.title 
    from
        roadmap rm1_0 
    where
        rm1_0.id=?
Hibernate: 
    select
        s1_0.roadmap_id,
        s1_1.id,
        s1_1.description,
        s1_1.image_path,
        s1_1.status 
    from
        step_roadmap_mapping s1_0 
    join
        step s1_1 
            on s1_1.id=s1_0.step_id 
    where
        s1_0.roadmap_id=?
Hibernate: 
    select
        rm1_0.id,
        rm1_0.description,
        rm1_0.image_path,
        rm1_0.status,
        rm1_0.title 
    from
        roadmap rm1_0 
    where
        rm1_0.id=?
Hibernate: 
    select
        s1_0.roadmap_id,
        s1_1.id,
        s1_1.description,
        s1_1.image_path,
        s1_1.status 
    from
        step_roadmap_mapping s1_0 
    join
        step s1_1 
            on s1_1.id=s1_0.step_id 
    where
        s1_0.roadmap_id=?
Hibernate: 
    select
        rm1_0.id,
        rm1_0.description,
        rm1_0.image_path,
        rm1_0.status,
        rm1_0.title 
    from
        roadmap rm1_0 
    where
        rm1_0.id=?
Hibernate: 
    select
        s1_0.roadmap_id,
        s1_1.id,
        s1_1.description,
        s1_1.image_path,
        s1_1.status 
    from
        step_roadmap_mapping s1_0 
    join
        step s1_1 
            on s1_1.id=s1_0.step_id 
    where
        s1_0.roadmap_id=?
Hibernate: 
    select
        rm1_0.id,
        rm1_0.description,
        rm1_0.image_path,
        rm1_0.status,
        rm1_0.title 
    from
        roadmap rm1_0 
    where
        rm1_0.id=?
Hibernate: 
    select
        s1_0.roadmap_id,
        s1_1.id,
        s1_1.description,
        s1_1.image_path,
        s1_1.status 
    from
        step_roadmap_mapping s1_0 
    join
        step s1_1 
            on s1_1.id=s1_0.step_id 
    where
        s1_0.roadmap_id=?
Hibernate: 
    select
        rm1_0.id,
        rm1_0.description,
        rm1_0.image_path,
        rm1_0.status,
        rm1_0.title 
    from
        roadmap rm1_0 
    where
        rm1_0.id=?
Hibernate: 
    select
        s1_0.roadmap_id,
        s1_1.id,
        s1_1.description,
        s1_1.image_path,
        s1_1.status 
    from
        step_roadmap_mapping s1_0 
    join
        step s1_1 
            on s1_1.id=s1_0.step_id 
    where
        s1_0.roadmap_id=?
Hibernate: 
    select
        rm1_0.id,
        rm1_0.description,
        rm1_0.image_path,
        rm1_0.status,
        rm1_0.title 
    from
        roadmap rm1_0 
    where
        rm1_0.id=?
Hibernate: 
    select
        s1_0.roadmap_id,
        s1_1.id,
        s1_1.description,
        s1_1.image_path,
        s1_1.status 
    from
        step_roadmap_mapping s1_0 
    join
        step s1_1 
            on s1_1.id=s1_0.step_id 
    where
        s1_0.roadmap_id=?
Hibernate: 
    select
        rm1_0.id,
        rm1_0.description,
        rm1_0.image_path,
        rm1_0.status,
        rm1_0.title 
    from
        roadmap rm1_0 
    where
        rm1_0.id=?
Hibernate: 
    select
        s1_0.roadmap_id,
        s1_1.id,
        s1_1.description,
        s1_1.image_path,
        s1_1.status 
    from
        step_roadmap_mapping s1_0 
    join
        step s1_1 
            on s1_1.id=s1_0.step_id 
    where
        s1_0.roadmap_id=?
Hibernate: 
    select
        rm1_0.id,
        rm1_0.description,
        rm1_0.image_path,
        rm1_0.status,
        rm1_0.title 
    from
        roadmap rm1_0 
    where
        rm1_0.id=?
Hibernate: 
    select
        s1_0.roadmap_id,
        s1_1.id,
        s1_1.description,
        s1_1.image_path,
        s1_1.status 
    from
        step_roadmap_mapping s1_0 
    join
        step s1_1 
            on s1_1.id=s1_0.step_id 
    where
        s1_0.roadmap_id=?
Hibernate: 
    select
        tm1_0.id,
        tm1_0.description,
        tm1_0.image_path 
    from
        task tm1_0 
    where
        tm1_0.id=?
Hibernate: 
    select
        tm1_0.id,
        tm1_0.description,
        tm1_0.image_path 
    from
        task tm1_0 
    where
        tm1_0.id=?
Hibernate: 
    select
        tm1_0.id,
        tm1_0.description,
        tm1_0.image_path 
    from
        task tm1_0 
    where
        tm1_0.id=?
Hibernate: 
    select
        tm1_0.id,
        tm1_0.description,
        tm1_0.image_path 
    from
        task tm1_0 
    where
        tm1_0.id=?
Hibernate: 
    select
        tm1_0.id,
        tm1_0.description,
        tm1_0.image_path 
    from
        task tm1_0 
    where
        tm1_0.id=?
Hibernate: 
    select
        tm1_0.id,
        tm1_0.description,
        tm1_0.image_path 
    from
        task tm1_0 
    where
        tm1_0.id=?
Hibernate: 
    select
        tm1_0.id,
        tm1_0.description,
        tm1_0.image_path 
    from
        task tm1_0 
    where
        tm1_0.id=?
Hibernate: 
    select
        tm1_0.id,
        tm1_0.description,
        tm1_0.image_path 
    from
        task tm1_0 
    where
        tm1_0.id=?
Hibernate: 
    select
        tm1_0.id,
        tm1_0.description,
        tm1_0.image_path 
    from
        task tm1_0 
    where
        tm1_0.id=?
Hibernate: 
    select
        tm1_0.id,
        tm1_0.description,
        tm1_0.image_path 
    from
        task tm1_0 
    where
        tm1_0.id=?
Hibernate: 
    insert 
    into
        step
        (description, image_path, status) 
    values
        (?, ?, ?) 
    returning id
Hibernate: 
    select
        lm1_0.id,
        lm1_0.description,
        lm1_0.image_path,
        lm1_0.language,
        lm1_0.title 
    from
        lesson lm1_0 
    where
        lm1_0.id=?
Hibernate: 
    select
        s1_0.lesson_id,
        s1_1.id,
        s1_1.description,
        s1_1.image_path,
        s1_1.status 
    from
        step_lesson_mapping s1_0 
    join
        step s1_1 
            on s1_1.id=s1_0.step_id 
    where
        s1_0.lesson_id=?
Hibernate: 
    select
        lm1_0.id,
        lm1_0.description,
        lm1_0.image_path,
        lm1_0.language,
        lm1_0.title 
    from
        lesson lm1_0 
    where
        lm1_0.id=?
Hibernate: 
    select
        s1_0.lesson_id,
        s1_1.id,
        s1_1.description,
        s1_1.image_path,
        s1_1.status 
    from
        step_lesson_mapping s1_0 
    join
        step s1_1 
            on s1_1.id=s1_0.step_id 
    where
        s1_0.lesson_id=?
Hibernate: 
    select
        lm1_0.id,
        lm1_0.description,
        lm1_0.image_path,
        lm1_0.language,
        lm1_0.title 
    from
        lesson lm1_0 
    where
        lm1_0.id=?
Hibernate: 
    select
        s1_0.lesson_id,
        s1_1.id,
        s1_1.description,
        s1_1.image_path,
        s1_1.status 
    from
        step_lesson_mapping s1_0 
    join
        step s1_1 
            on s1_1.id=s1_0.step_id 
    where
        s1_0.lesson_id=?
Hibernate: 
    select
        lm1_0.id,
        lm1_0.description,
        lm1_0.image_path,
        lm1_0.language,
        lm1_0.title 
    from
        lesson lm1_0 
    where
        lm1_0.id=?
Hibernate: 
    select
        s1_0.lesson_id,
        s1_1.id,
        s1_1.description,
        s1_1.image_path,
        s1_1.status 
    from
        step_lesson_mapping s1_0 
    join
        step s1_1 
            on s1_1.id=s1_0.step_id 
    where
        s1_0.lesson_id=?
Hibernate: 
    select
        lm1_0.id,
        lm1_0.description,
        lm1_0.image_path,
        lm1_0.language,
        lm1_0.title 
    from
        lesson lm1_0 
    where
        lm1_0.id=?
Hibernate: 
    select
        s1_0.lesson_id,
        s1_1.id,
        s1_1.description,
        s1_1.image_path,
        s1_1.status 
    from
        step_lesson_mapping s1_0 
    join
        step s1_1 
            on s1_1.id=s1_0.step_id 
    where
        s1_0.lesson_id=?
Hibernate: 
    select
        lm1_0.id,
        lm1_0.description,
        lm1_0.image_path,
        lm1_0.language,
        lm1_0.title 
    from
        lesson lm1_0 
    where
        lm1_0.id=?
Hibernate: 
    select
        s1_0.lesson_id,
        s1_1.id,
        s1_1.description,
        s1_1.image_path,
        s1_1.status 
    from
        step_lesson_mapping s1_0 
    join
        step s1_1 
            on s1_1.id=s1_0.step_id 
    where
        s1_0.lesson_id=?
Hibernate: 
    select
        lm1_0.id,
        lm1_0.description,
        lm1_0.image_path,
        lm1_0.language,
        lm1_0.title 
    from
        lesson lm1_0 
    where
        lm1_0.id=?
Hibernate: 
    select
        s1_0.lesson_id,
        s1_1.id,
        s1_1.description,
        s1_1.image_path,
        s1_1.status 
    from
        step_lesson_mapping s1_0 
    join
        step s1_1 
            on s1_1.id=s1_0.step_id 
    where
        s1_0.lesson_id=?
Hibernate: 
    select
        lm1_0.id,
        lm1_0.description,
        lm1_0.image_path,
        lm1_0.language,
        lm1_0.title 
    from
        lesson lm1_0 
    where
        lm1_0.id=?
Hibernate: 
    select
        s1_0.lesson_id,
        s1_1.id,
        s1_1.description,
        s1_1.image_path,
        s1_1.status 
    from
        step_lesson_mapping s1_0 
    join
        step s1_1 
            on s1_1.id=s1_0.step_id 
    where
        s1_0.lesson_id=?
Hibernate: 
    select
        lm1_0.id,
        lm1_0.description,
        lm1_0.image_path,
        lm1_0.language,
        lm1_0.title 
    from
        lesson lm1_0 
    where
        lm1_0.id=?
Hibernate: 
    select
        s1_0.lesson_id,
        s1_1.id,
        s1_1.description,
        s1_1.image_path,
        s1_1.status 
    from
        step_lesson_mapping s1_0 
    join
        step s1_1 
            on s1_1.id=s1_0.step_id 
    where
        s1_0.lesson_id=?
Hibernate: 
    select
        lm1_0.id,
        lm1_0.description,
        lm1_0.image_path,
        lm1_0.language,
        lm1_0.title 
    from
        lesson lm1_0 
    where
        lm1_0.id=?
Hibernate: 
    select
        s1_0.lesson_id,
        s1_1.id,
        s1_1.description,
        s1_1.image_path,
        s1_1.status 
    from
        step_lesson_mapping s1_0 
    join
        step s1_1 
            on s1_1.id=s1_0.step_id 
    where
        s1_0.lesson_id=?
Hibernate: 
    select
        rm1_0.id,
        rm1_0.description,
        rm1_0.image_path,
        rm1_0.status,
        rm1_0.title 
    from
        roadmap rm1_0 
    where
        rm1_0.id=?
Hibernate: 
    select
        s1_0.roadmap_id,
        s1_1.id,
        s1_1.description,
        s1_1.image_path,
        s1_1.status 
    from
        step_roadmap_mapping s1_0 
    join
        step s1_1 
            on s1_1.id=s1_0.step_id 
    where
        s1_0.roadmap_id=?
Hibernate: 
    select
        rm1_0.id,
        rm1_0.description,
        rm1_0.image_path,
        rm1_0.status,
        rm1_0.title 
    from
        roadmap rm1_0 
    where
        rm1_0.id=?
Hibernate: 
    select
        s1_0.roadmap_id,
        s1_1.id,
        s1_1.description,
        s1_1.image_path,
        s1_1.status 
    from
        step_roadmap_mapping s1_0 
    join
        step s1_1 
            on s1_1.id=s1_0.step_id 
    where
        s1_0.roadmap_id=?
Hibernate: 
    select
        rm1_0.id,
        rm1_0.description,
        rm1_0.image_path,
        rm1_0.status,
        rm1_0.title 
    from
        roadmap rm1_0 
    where
        rm1_0.id=?
Hibernate: 
    select
        s1_0.roadmap_id,
        s1_1.id,
        s1_1.description,
        s1_1.image_path,
        s1_1.status 
    from
        step_roadmap_mapping s1_0 
    join
        step s1_1 
            on s1_1.id=s1_0.step_id 
    where
        s1_0.roadmap_id=?
Hibernate: 
    select
        rm1_0.id,
        rm1_0.description,
        rm1_0.image_path,
        rm1_0.status,
        rm1_0.title 
    from
        roadmap rm1_0 
    where
        rm1_0.id=?
Hibernate: 
    select
        s1_0.roadmap_id,
        s1_1.id,
        s1_1.description,
        s1_1.image_path,
        s1_1.status 
    from
        step_roadmap_mapping s1_0 
    join
        step s1_1 
            on s1_1.id=s1_0.step_id 
    where
        s1_0.roadmap_id=?
Hibernate: 
    select
        rm1_0.id,
        rm1_0.description,
        rm1_0.image_path,
        rm1_0.status,
        rm1_0.title 
    from
        roadmap rm1_0 
    where
        rm1_0.id=?
Hibernate: 
    select
        s1_0.roadmap_id,
        s1_1.id,
        s1_1.description,
        s1_1.image_path,
        s1_1.status 
    from
        step_roadmap_mapping s1_0 
    join
        step s1_1 
            on s1_1.id=s1_0.step_id 
    where
        s1_0.roadmap_id=?
Hibernate: 
    select
        rm1_0.id,
        rm1_0.description,
        rm1_0.image_path,
        rm1_0.status,
        rm1_0.title 
    from
        roadmap rm1_0 
    where
        rm1_0.id=?
Hibernate: 
    select
        s1_0.roadmap_id,
        s1_1.id,
        s1_1.description,
        s1_1.image_path,
        s1_1.status 
    from
        step_roadmap_mapping s1_0 
    join
        step s1_1 
            on s1_1.id=s1_0.step_id 
    where
        s1_0.roadmap_id=?
Hibernate: 
    select
        rm1_0.id,
        rm1_0.description,
        rm1_0.image_path,
        rm1_0.status,
        rm1_0.title 
    from
        roadmap rm1_0 
    where
        rm1_0.id=?
Hibernate: 
    select
        s1_0.roadmap_id,
        s1_1.id,
        s1_1.description,
        s1_1.image_path,
        s1_1.status 
    from
        step_roadmap_mapping s1_0 
    join
        step s1_1 
            on s1_1.id=s1_0.step_id 
    where
        s1_0.roadmap_id=?
Hibernate: 
    select
        rm1_0.id,
        rm1_0.description,
        rm1_0.image_path,
        rm1_0.status,
        rm1_0.title 
    from
        roadmap rm1_0 
    where
        rm1_0.id=?
Hibernate: 
    select
        s1_0.roadmap_id,
        s1_1.id,
        s1_1.description,
        s1_1.image_path,
        s1_1.status 
    from
        step_roadmap_mapping s1_0 
    join
        step s1_1 
            on s1_1.id=s1_0.step_id 
    where
        s1_0.roadmap_id=?
Hibernate: 
    select
        rm1_0.id,
        rm1_0.description,
        rm1_0.image_path,
        rm1_0.status,
        rm1_0.title 
    from
        roadmap rm1_0 
    where
        rm1_0.id=?
Hibernate: 
    select
        s1_0.roadmap_id,
        s1_1.id,
        s1_1.description,
        s1_1.image_path,
        s1_1.status 
    from
        step_roadmap_mapping s1_0 
    join
        step s1_1 
            on s1_1.id=s1_0.step_id 
    where
        s1_0.roadmap_id=?
Hibernate: 
    select
        rm1_0.id,
        rm1_0.description,
        rm1_0.image_path,
        rm1_0.status,
        rm1_0.title 
    from
        roadmap rm1_0 
    where
        rm1_0.id=?
Hibernate: 
    select
        s1_0.roadmap_id,
        s1_1.id,
        s1_1.description,
        s1_1.image_path,
        s1_1.status 
    from
        step_roadmap_mapping s1_0 
    join
        step s1_1 
            on s1_1.id=s1_0.step_id 
    where
        s1_0.roadmap_id=?
Hibernate: 
    select
        tm1_0.id,
        tm1_0.description,
        tm1_0.image_path 
    from
        task tm1_0 
    where
        tm1_0.id=?
Hibernate: 
    select
        tm1_0.id,
        tm1_0.description,
        tm1_0.image_path 
    from
        task tm1_0 
    where
        tm1_0.id=?
Hibernate: 
    select
        tm1_0.id,
        tm1_0.description,
        tm1_0.image_path 
    from
        task tm1_0 
    where
        tm1_0.id=?
Hibernate: 
    select
        tm1_0.id,
        tm1_0.description,
        tm1_0.image_path 
    from
        task tm1_0 
    where
        tm1_0.id=?
Hibernate: 
    select
        tm1_0.id,
        tm1_0.description,
        tm1_0.image_path 
    from
        task tm1_0 
    where
        tm1_0.id=?
Hibernate: 
    select
        tm1_0.id,
        tm1_0.description,
        tm1_0.image_path 
    from
        task tm1_0 
    where
        tm1_0.id=?
Hibernate: 
    select
        tm1_0.id,
        tm1_0.description,
        tm1_0.image_path 
    from
        task tm1_0 
    where
        tm1_0.id=?
Hibernate: 
    select
        tm1_0.id,
        tm1_0.description,
        tm1_0.image_path 
    from
        task tm1_0 
    where
        tm1_0.id=?
Hibernate: 
    select
        tm1_0.id,
        tm1_0.description,
        tm1_0.image_path 
    from
        task tm1_0 
    where
        tm1_0.id=?
Hibernate: 
    select
        tm1_0.id,
        tm1_0.description,
        tm1_0.image_path 
    from
        task tm1_0 
    where
        tm1_0.id=?
Hibernate: 
    insert 
    into
        step
        (description, image_path, status) 
    values
        (?, ?, ?) 
    returning id
Hibernate: 
    select
        lm1_0.id,
        lm1_0.description,
        lm1_0.image_path,
        lm1_0.language,
        lm1_0.title 
    from
        lesson lm1_0 
    where
        lm1_0.id=?
Hibernate: 
    select
        s1_0.lesson_id,
        s1_1.id,
        s1_1.description,
        s1_1.image_path,
        s1_1.status 
    from
        step_lesson_mapping s1_0 
    join
        step s1_1 
            on s1_1.id=s1_0.step_id 
    where
        s1_0.lesson_id=?
Hibernate: 
    select
        lm1_0.id,
        lm1_0.description,
        lm1_0.image_path,
        lm1_0.language,
        lm1_0.title 
    from
        lesson lm1_0 
    where
        lm1_0.id=?
Hibernate: 
    select
        s1_0.lesson_id,
        s1_1.id,
        s1_1.description,
        s1_1.image_path,
        s1_1.status 
    from
        step_lesson_mapping s1_0 
    join
        step s1_1 
            on s1_1.id=s1_0.step_id 
    where
        s1_0.lesson_id=?
Hibernate: 
    select
        lm1_0.id,
        lm1_0.description,
        lm1_0.image_path,
        lm1_0.language,
        lm1_0.title 
    from
        lesson lm1_0 
    where
        lm1_0.id=?
Hibernate: 
    select
        s1_0.lesson_id,
        s1_1.id,
        s1_1.description,
        s1_1.image_path,
        s1_1.status 
    from
        step_lesson_mapping s1_0 
    join
        step s1_1 
            on s1_1.id=s1_0.step_id 
    where
        s1_0.lesson_id=?
Hibernate: 
    select
        lm1_0.id,
        lm1_0.description,
        lm1_0.image_path,
        lm1_0.language,
        lm1_0.title 
    from
        lesson lm1_0 
    where
        lm1_0.id=?
Hibernate: 
    select
        s1_0.lesson_id,
        s1_1.id,
        s1_1.description,
        s1_1.image_path,
        s1_1.status 
    from
        step_lesson_mapping s1_0 
    join
        step s1_1 
            on s1_1.id=s1_0.step_id 
    where
        s1_0.lesson_id=?
Hibernate: 
    select
        lm1_0.id,
        lm1_0.description,
        lm1_0.image_path,
        lm1_0.language,
        lm1_0.title 
    from
        lesson lm1_0 
    where
        lm1_0.id=?
Hibernate: 
    select
        s1_0.lesson_id,
        s1_1.id,
        s1_1.description,
        s1_1.image_path,
        s1_1.status 
    from
        step_lesson_mapping s1_0 
    join
        step s1_1 
            on s1_1.id=s1_0.step_id 
    where
        s1_0.lesson_id=?
Hibernate: 
    select
        lm1_0.id,
        lm1_0.description,
        lm1_0.image_path,
        lm1_0.language,
        lm1_0.title 
    from
        lesson lm1_0 
    where
        lm1_0.id=?
Hibernate: 
    select
        s1_0.lesson_id,
        s1_1.id,
        s1_1.description,
        s1_1.image_path,
        s1_1.status 
    from
        step_lesson_mapping s1_0 
    join
        step s1_1 
            on s1_1.id=s1_0.step_id 
    where
        s1_0.lesson_id=?
Hibernate: 
    select
        lm1_0.id,
        lm1_0.description,
        lm1_0.image_path,
        lm1_0.language,
        lm1_0.title 
    from
        lesson lm1_0 
    where
        lm1_0.id=?
Hibernate: 
    select
        s1_0.lesson_id,
        s1_1.id,
        s1_1.description,
        s1_1.image_path,
        s1_1.status 
    from
        step_lesson_mapping s1_0 
    join
        step s1_1 
            on s1_1.id=s1_0.step_id 
    where
        s1_0.lesson_id=?
Hibernate: 
    select
        lm1_0.id,
        lm1_0.description,
        lm1_0.image_path,
        lm1_0.language,
        lm1_0.title 
    from
        lesson lm1_0 
    where
        lm1_0.id=?
Hibernate: 
    select
        s1_0.lesson_id,
        s1_1.id,
        s1_1.description,
        s1_1.image_path,
        s1_1.status 
    from
        step_lesson_mapping s1_0 
    join
        step s1_1 
            on s1_1.id=s1_0.step_id 
    where
        s1_0.lesson_id=?
Hibernate: 
    select
        lm1_0.id,
        lm1_0.description,
        lm1_0.image_path,
        lm1_0.language,
        lm1_0.title 
    from
        lesson lm1_0 
    where
        lm1_0.id=?
Hibernate: 
    select
        s1_0.lesson_id,
        s1_1.id,
        s1_1.description,
        s1_1.image_path,
        s1_1.status 
    from
        step_lesson_mapping s1_0 
    join
        step s1_1 
            on s1_1.id=s1_0.step_id 
    where
        s1_0.lesson_id=?
Hibernate: 
    select
        lm1_0.id,
        lm1_0.description,
        lm1_0.image_path,
        lm1_0.language,
        lm1_0.title 
    from
        lesson lm1_0 
    where
        lm1_0.id=?
Hibernate: 
    select
        s1_0.lesson_id,
        s1_1.id,
        s1_1.description,
        s1_1.image_path,
        s1_1.status 
    from
        step_lesson_mapping s1_0 
    join
        step s1_1 
            on s1_1.id=s1_0.step_id 
    where
        s1_0.lesson_id=?
Hibernate: 
    select
        rm1_0.id,
        rm1_0.description,
        rm1_0.image_path,
        rm1_0.status,
        rm1_0.title 
    from
        roadmap rm1_0 
    where
        rm1_0.id=?
Hibernate: 
    select
        s1_0.roadmap_id,
        s1_1.id,
        s1_1.description,
        s1_1.image_path,
        s1_1.status 
    from
        step_roadmap_mapping s1_0 
    join
        step s1_1 
            on s1_1.id=s1_0.step_id 
    where
        s1_0.roadmap_id=?
Hibernate: 
    select
        rm1_0.id,
        rm1_0.description,
        rm1_0.image_path,
        rm1_0.status,
        rm1_0.title 
    from
        roadmap rm1_0 
    where
        rm1_0.id=?
Hibernate: 
    select
        s1_0.roadmap_id,
        s1_1.id,
        s1_1.description,
        s1_1.image_path,
        s1_1.status 
    from
        step_roadmap_mapping s1_0 
    join
        step s1_1 
            on s1_1.id=s1_0.step_id 
    where
        s1_0.roadmap_id=?
Hibernate: 
    select
        rm1_0.id,
        rm1_0.description,
        rm1_0.image_path,
        rm1_0.status,
        rm1_0.title 
    from
        roadmap rm1_0 
    where
        rm1_0.id=?
Hibernate: 
    select
        s1_0.roadmap_id,
        s1_1.id,
        s1_1.description,
        s1_1.image_path,
        s1_1.status 
    from
        step_roadmap_mapping s1_0 
    join
        step s1_1 
            on s1_1.id=s1_0.step_id 
    where
        s1_0.roadmap_id=?
Hibernate: 
    select
        rm1_0.id,
        rm1_0.description,
        rm1_0.image_path,
        rm1_0.status,
        rm1_0.title 
    from
        roadmap rm1_0 
    where
        rm1_0.id=?
Hibernate: 
    select
        s1_0.roadmap_id,
        s1_1.id,
        s1_1.description,
        s1_1.image_path,
        s1_1.status 
    from
        step_roadmap_mapping s1_0 
    join
        step s1_1 
            on s1_1.id=s1_0.step_id 
    where
        s1_0.roadmap_id=?
Hibernate: 
    select
        rm1_0.id,
        rm1_0.description,
        rm1_0.image_path,
        rm1_0.status,
        rm1_0.title 
    from
        roadmap rm1_0 
    where
        rm1_0.id=?
Hibernate: 
    select
        s1_0.roadmap_id,
        s1_1.id,
        s1_1.description,
        s1_1.image_path,
        s1_1.status 
    from
        step_roadmap_mapping s1_0 
    join
        step s1_1 
            on s1_1.id=s1_0.step_id 
    where
        s1_0.roadmap_id=?
Hibernate: 
    select
        rm1_0.id,
        rm1_0.description,
        rm1_0.image_path,
        rm1_0.status,
        rm1_0.title 
    from
        roadmap rm1_0 
    where
        rm1_0.id=?
Hibernate: 
    select
        s1_0.roadmap_id,
        s1_1.id,
        s1_1.description,
        s1_1.image_path,
        s1_1.status 
    from
        step_roadmap_mapping s1_0 
    join
        step s1_1 
            on s1_1.id=s1_0.step_id 
    where
        s1_0.roadmap_id=?
Hibernate: 
    select
        rm1_0.id,
        rm1_0.description,
        rm1_0.image_path,
        rm1_0.status,
        rm1_0.title 
    from
        roadmap rm1_0 
    where
        rm1_0.id=?
Hibernate: 
    select
        s1_0.roadmap_id,
        s1_1.id,
        s1_1.description,
        s1_1.image_path,
        s1_1.status 
    from
        step_roadmap_mapping s1_0 
    join
        step s1_1 
            on s1_1.id=s1_0.step_id 
    where
        s1_0.roadmap_id=?
Hibernate: 
    select
        rm1_0.id,
        rm1_0.description,
        rm1_0.image_path,
        rm1_0.status,
        rm1_0.title 
    from
        roadmap rm1_0 
    where
        rm1_0.id=?
Hibernate: 
    select
        s1_0.roadmap_id,
        s1_1.id,
        s1_1.description,
        s1_1.image_path,
        s1_1.status 
    from
        step_roadmap_mapping s1_0 
    join
        step s1_1 
            on s1_1.id=s1_0.step_id 
    where
        s1_0.roadmap_id=?
Hibernate: 
    select
        rm1_0.id,
        rm1_0.description,
        rm1_0.image_path,
        rm1_0.status,
        rm1_0.title 
    from
        roadmap rm1_0 
    where
        rm1_0.id=?
Hibernate: 
    select
        s1_0.roadmap_id,
        s1_1.id,
        s1_1.description,
        s1_1.image_path,
        s1_1.status 
    from
        step_roadmap_mapping s1_0 
    join
        step s1_1 
            on s1_1.id=s1_0.step_id 
    where
        s1_0.roadmap_id=?
Hibernate: 
    select
        rm1_0.id,
        rm1_0.description,
        rm1_0.image_path,
        rm1_0.status,
        rm1_0.title 
    from
        roadmap rm1_0 
    where
        rm1_0.id=?
Hibernate: 
    select
        s1_0.roadmap_id,
        s1_1.id,
        s1_1.description,
        s1_1.image_path,
        s1_1.status 
    from
        step_roadmap_mapping s1_0 
    join
        step s1_1 
            on s1_1.id=s1_0.step_id 
    where
        s1_0.roadmap_id=?
Hibernate: 
    select
        tm1_0.id,
        tm1_0.description,
        tm1_0.image_path 
    from
        task tm1_0 
    where
        tm1_0.id=?
Hibernate: 
    select
        tm1_0.id,
        tm1_0.description,
        tm1_0.image_path 
    from
        task tm1_0 
    where
        tm1_0.id=?
Hibernate: 
    select
        tm1_0.id,
[...]
Hibernate: 
    select
        tm1_0.id,
        tm1_0.description,
        tm1_0.image_path 
    from
        task tm1_0 
    where
        tm1_0.id=?
Hibernate: 
    select
        tm1_0.id,
        tm1_0.description,
        tm1_0.image_path 
    from
        task tm1_0 
    where
        tm1_0.id=?
Hibernate: 
    select
        tm1_0.id,
        tm1_0.description,
        tm1_0.image_path 
    from
        task tm1_0 
    where
        tm1_0.id=?
Hibernate: 
    select
        tm1_0.id,
        tm1_0.description,
        tm1_0.image_path 
    from
        task tm1_0 
    where
        tm1_0.id=?
Hibernate: 
    insert 
    into
        step
        (description, image_path, status) 
    values
        (?, ?, ?) 
    returning id
Hibernate: 
    select
        lm1_0.id,
        lm1_0.description,
        lm1_0.image_path,
        lm1_0.language,
        lm1_0.title 
    from
        lesson lm1_0 
    where
        lm1_0.id=?
Hibernate: 
    select
        s1_0.lesson_id,
        s1_1.id,
        s1_1.description,
        s1_1.image_path,
        s1_1.status 
    from
        step_lesson_mapping s1_0 
    join
        step s1_1 
            on s1_1.id=s1_0.step_id 
    where
        s1_0.lesson_id=?
Hibernate: 
    select
        lm1_0.id,
        lm1_0.description,
        lm1_0.image_path,
        lm1_0.language,
        lm1_0.title 
    from
        lesson lm1_0 
    where
        lm1_0.id=?
Hibernate: 
    select
        s1_0.lesson_id,
        s1_1.id,
        s1_1.description,
        s1_1.image_path,
        s1_1.status 
    from
        step_lesson_mapping s1_0 
    join
        step s1_1 
            on s1_1.id=s1_0.step_id 
    where
        s1_0.lesson_id=?
Hibernate: 
    select
        lm1_0.id,
        lm1_0.description,
        lm1_0.image_path,
        lm1_0.language,
        lm1_0.title 
    from
        lesson lm1_0 
    where
        lm1_0.id=?
Hibernate: 
    select
        s1_0.lesson_id,
        s1_1.id,
        s1_1.description,
        s1_1.image_path,
        s1_1.status 
    from
        step_lesson_mapping s1_0 
    join
        step s1_1 
            on s1_1.id=s1_0.step_id 
    where
        s1_0.lesson_id=?
Hibernate: 
    select
        lm1_0.id,
        lm1_0.description,
        lm1_0.image_path,
        lm1_0.language,
        lm1_0.title 
    from
        lesson lm1_0 
    where
        lm1_0.id=?
Hibernate: 
    select
        s1_0.lesson_id,
        s1_1.id,
        s1_1.description,
        s1_1.image_path,
        s1_1.status 
    from
        step_lesson_mapping s1_0 
    join
        step s1_1 
            on s1_1.id=s1_0.step_id 
    where
        s1_0.lesson_id=?
Hibernate: 
    select
        lm1_0.id,
        lm1_0.description,
        lm1_0.image_path,
        lm1_0.language,
        lm1_0.title 
    from
        lesson lm1_0 
    where
        lm1_0.id=?
Hibernate: 
    select
        s1_0.lesson_id,
        s1_1.id,
        s1_1.description,
        s1_1.image_path,
        s1_1.status 
    from
        step_lesson_mapping s1_0 
    join
        step s1_1 
            on s1_1.id=s1_0.step_id 
    where
        s1_0.lesson_id=?
Hibernate: 
    select
        lm1_0.id,
        lm1_0.description,
        lm1_0.image_path,
        lm1_0.language,
        lm1_0.title 
    from
        lesson lm1_0 
    where
        lm1_0.id=?
Hibernate: 
    select
        s1_0.lesson_id,
        s1_1.id,
        s1_1.description,
        s1_1.image_path,
        s1_1.status 
    from
        step_lesson_mapping s1_0 
    join
        step s1_1 
            on s1_1.id=s1_0.step_id 
    where
        s1_0.lesson_id=?
Hibernate: 
    select
        lm1_0.id,
        lm1_0.description,
        lm1_0.image_path,
        lm1_0.language,
        lm1_0.title 
    from
        lesson lm1_0 
    where
        lm1_0.id=?
Hibernate: 
    select
        s1_0.lesson_id,
        s1_1.id,
        s1_1.description,
        s1_1.image_path,
        s1_1.status 
    from
        step_lesson_mapping s1_0 
    join
        step s1_1 
            on s1_1.id=s1_0.step_id 
    where
        s1_0.lesson_id=?
Hibernate: 
    select
        lm1_0.id,
        lm1_0.description,
        lm1_0.image_path,
        lm1_0.language,
        lm1_0.title 
    from
        lesson lm1_0 
    where
        lm1_0.id=?
Hibernate: 
    select
        s1_0.lesson_id,
        s1_1.id,
        s1_1.description,
        s1_1.image_path,
        s1_1.status 
    from
        step_lesson_mapping s1_0 
    join
        step s1_1 
            on s1_1.id=s1_0.step_id 
    where
        s1_0.lesson_id=?
Hibernate: 
    select
        lm1_0.id,
        lm1_0.description,
        lm1_0.image_path,
        lm1_0.language,
        lm1_0.title 
    from
        lesson lm1_0 
    where
        lm1_0.id=?
Hibernate: 
    select
        s1_0.lesson_id,
        s1_1.id,
        s1_1.description,
        s1_1.image_path,
        s1_1.status 
    from
        step_lesson_mapping s1_0 
    join
        step s1_1 
            on s1_1.id=s1_0.step_id 
    where
        s1_0.lesson_id=?
Hibernate: 
    select
        lm1_0.id,
        lm1_0.description,
        lm1_0.image_path,
        lm1_0.language,
        lm1_0.title 
    from
        lesson lm1_0 
    where
        lm1_0.id=?
Hibernate: 
    select
        s1_0.lesson_id,
        s1_1.id,
        s1_1.description,
        s1_1.image_path,
        s1_1.status 
    from
        step_lesson_mapping s1_0 
    join
        step s1_1 
            on s1_1.id=s1_0.step_id 
    where
        s1_0.lesson_id=?
Hibernate: 
    select
        rm1_0.id,
        rm1_0.description,
        rm1_0.image_path,
        rm1_0.status,
        rm1_0.title 
    from
        roadmap rm1_0 
    where
        rm1_0.id=?
Hibernate: 
    select
        s1_0.roadmap_id,
        s1_1.id,
        s1_1.description,
        s1_1.image_path,
        s1_1.status 
    from
        step_roadmap_mapping s1_0 
    join
        step s1_1 
            on s1_1.id=s1_0.step_id 
    where
        s1_0.roadmap_id=?
Hibernate: 
    select
        rm1_0.id,
        rm1_0.description,
        rm1_0.image_path,
        rm1_0.status,
        rm1_0.title 
    from
        roadmap rm1_0 
    where
        rm1_0.id=?
Hibernate: 
    select
        s1_0.roadmap_id,
        s1_1.id,
        s1_1.description,
        s1_1.image_path,
        s1_1.status 
    from
        step_roadmap_mapping s1_0 
    join
        step s1_1 
            on s1_1.id=s1_0.step_id 
    where
        s1_0.roadmap_id=?
Hibernate: 
    select
        rm1_0.id,
        rm1_0.description,
        rm1_0.image_path,
        rm1_0.status,
        rm1_0.title 
    from
        roadmap rm1_0 
    where
        rm1_0.id=?
Hibernate: 
    select
        s1_0.roadmap_id,
        s1_1.id,
        s1_1.description,
        s1_1.image_path,
        s1_1.status 
    from
        step_roadmap_mapping s1_0 
    join
        step s1_1 
            on s1_1.id=s1_0.step_id 
    where
        s1_0.roadmap_id=?
Hibernate: 
    select
        rm1_0.id,
        rm1_0.description,
        rm1_0.image_path,
        rm1_0.status,
        rm1_0.title 
    from
        roadmap rm1_0 
    where
        rm1_0.id=?
Hibernate: 
    select
        s1_0.roadmap_id,
        s1_1.id,
        s1_1.description,
        s1_1.image_path,
        s1_1.status 
    from
        step_roadmap_mapping s1_0 
    join
        step s1_1 
            on s1_1.id=s1_0.step_id 
    where
        s1_0.roadmap_id=?
Hibernate: 
    select
        rm1_0.id,
        rm1_0.description,
        rm1_0.image_path,
        rm1_0.status,
        rm1_0.title 
    from
        roadmap rm1_0 
    where
        rm1_0.id=?
Hibernate: 
    select
        s1_0.roadmap_id,
        s1_1.id,
        s1_1.description,
        s1_1.image_path,
        s1_1.status 
    from
        step_roadmap_mapping s1_0 
    join
        step s1_1 
            on s1_1.id=s1_0.step_id 
    where
        s1_0.roadmap_id=?
Hibernate: 
    select
        rm1_0.id,
        rm1_0.description,
        rm1_0.image_path,
        rm1_0.status,
        rm1_0.title 
    from
        roadmap rm1_0 
    where
        rm1_0.id=?
Hibernate: 
    select
        s1_0.roadmap_id,
        s1_1.id,
        s1_1.description,
        s1_1.image_path,
        s1_1.status 
    from
        step_roadmap_mapping s1_0 
    join
        step s1_1 
            on s1_1.id=s1_0.step_id 
    where
        s1_0.roadmap_id=?
Hibernate: 
    select
        rm1_0.id,
        rm1_0.description,
        rm1_0.image_path,
        rm1_0.status,
        rm1_0.title 
    from
        roadmap rm1_0 
    where
        rm1_0.id=?
Hibernate: 
    select
        s1_0.roadmap_id,
        s1_1.id,
        s1_1.description,
        s1_1.image_path,
        s1_1.status 
    from
        step_roadmap_mapping s1_0 
    join
        step s1_1 
            on s1_1.id=s1_0.step_id 
    where
        s1_0.roadmap_id=?
Hibernate: 
    select
        rm1_0.id,
        rm1_0.description,
        rm1_0.image_path,
        rm1_0.status,
        rm1_0.title 
    from
        roadmap rm1_0 
    where
        rm1_0.id=?
Hibernate: 
    select
        s1_0.roadmap_id,
        s1_1.id,
        s1_1.description,
        s1_1.image_path,
        s1_1.status 
    from
        step_roadmap_mapping s1_0 
    join
        step s1_1 
            on s1_1.id=s1_0.step_id 
    where
        s1_0.roadmap_id=?
Hibernate: 
    select
        rm1_0.id,
        rm1_0.description,
        rm1_0.image_path,
        rm1_0.status,
        rm1_0.title 
    from
        roadmap rm1_0 
    where
        rm1_0.id=?
Hibernate: 
    select
        s1_0.roadmap_id,
        s1_1.id,
        s1_1.description,
        s1_1.image_path,
        s1_1.status 
    from
        step_roadmap_mapping s1_0 
    join
        step s1_1 
            on s1_1.id=s1_0.step_id 
    where
        s1_0.roadmap_id=?
Hibernate: 
    select
        rm1_0.id,
        rm1_0.description,
        rm1_0.image_path,
        rm1_0.status,
        rm1_0.title 
    from
        roadmap rm1_0 
    where
        rm1_0.id=?
Hibernate: 
    select
        s1_0.roadmap_id,
        s1_1.id,
        s1_1.description,
        s1_1.image_path,
        s1_1.status 
    from
        step_roadmap_mapping s1_0 
    join
        step s1_1 
            on s1_1.id=s1_0.step_id 
    where
        s1_0.roadmap_id=?
Hibernate: 
    select
        tm1_0.id,
        tm1_0.description,
        tm1_0.image_path 
    from
        task tm1_0 
    where
        tm1_0.id=?
Hibernate: 
    select
        tm1_0.id,
        tm1_0.description,
        tm1_0.image_path 
    from
        task tm1_0 
    where
        tm1_0.id=?
Hibernate: 
    select
        tm1_0.id,
        tm1_0.description,
        tm1_0.image_path 
    from
        task tm1_0 
    where
        tm1_0.id=?
Hibernate: 
    select
        tm1_0.id,
        tm1_0.description,
        tm1_0.image_path 
    from
        task tm1_0 
    where
        tm1_0.id=?
Hibernate: 
    select
        tm1_0.id,
        tm1_0.description,
        tm1_0.image_path 
    from
        task tm1_0 
    where
        tm1_0.id=?
Hibernate: 
    select
        tm1_0.id,
        tm1_0.description,
        tm1_0.image_path 
    from
        task tm1_0 
    where
        tm1_0.id=?
Hibernate: 
    select
        tm1_0.id,
        tm1_0.description,
        tm1_0.image_path 
    from
        task tm1_0 
    where
        tm1_0.id=?
Hibernate: 
    select
        tm1_0.id,
        tm1_0.description,
        tm1_0.image_path 
    from
        task tm1_0 
    where
        tm1_0.id=?
Hibernate: 
    select
        tm1_0.id,
        tm1_0.description,
        tm1_0.image_path 
    from
        task tm1_0 
    where
        tm1_0.id=?
Hibernate: 
    select
        tm1_0.id,
        tm1_0.description,
        tm1_0.image_path 
    from
        task tm1_0 
    where
        tm1_0.id=?
Hibernate: 
    insert 
    into
        step
        (description, image_path, status) 
    values
        (?, ?, ?) 
    returning id
Hibernate: 
    select
        um1_0.id,
        um1_0.born_at,
        um1_0.cpf,
        um1_0.email,
        um1_0.image_path,
        um1_0.name,
        um1_0.password,
        um1_0.phone,
        um1_0.points,
        um1_0.register_at,
        um1_0.status,
        um1_0.username 
    from
        app_user um1_0 
    where
        um1_0.id=?
Hibernate: 
    insert 
    into
        address
        (city, country, number, state, street, user_id, zip_code) 
    values
        (?, ?, ?, ?, ?, ?, ?) 
    returning id
Hibernate: 
    insert 
    into
        statistic
        (best_streak, challenges_completed, lessons_completed, streak_days, user_id, experience, level) 
    values
        (?, ?, ?, ?, ?, ?, ?) 
    returning id
Hibernate: 
    select
        um1_0.id,
        um1_0.born_at,
        um1_0.cpf,
        um1_0.email,
        um1_0.image_path,
        um1_0.name,
        um1_0.password,
        um1_0.phone,
        um1_0.points,
        um1_0.register_at,
        um1_0.status,
        um1_0.username 
    from
        app_user um1_0 
    where
        um1_0.id=?
Hibernate: 
    insert 
    into
        address
        (city, country, number, state, street, user_id, zip_code) 
    values
        (?, ?, ?, ?, ?, ?, ?) 
    returning id
Hibernate: 
    insert 
    into
        statistic
        (best_streak, challenges_completed, lessons_completed, streak_days, user_id, experience, level) 
    values
        (?, ?, ?, ?, ?, ?, ?) 
    returning id
Hibernate: 
    select
        um1_0.id,
        um1_0.born_at,
        um1_0.cpf,
        um1_0.email,
        um1_0.image_path,
        um1_0.name,
        um1_0.password,
        um1_0.phone,
        um1_0.points,
        um1_0.register_at,
        um1_0.status,
        um1_0.username 
    from
        app_user um1_0 
    where
        um1_0.id=?
Hibernate: 
    insert 
    into
        address
        (city, country, number, state, street, user_id, zip_code) 
    values
        (?, ?, ?, ?, ?, ?, ?) 
    returning id
Hibernate: 
    insert 
    into
        statistic
        (best_streak, challenges_completed, lessons_completed, streak_days, user_id, experience, level) 
    values
        (?, ?, ?, ?, ?, ?, ?) 
    returning id
Hibernate: 
    select
        um1_0.id,
        um1_0.born_at,
        um1_0.cpf,
        um1_0.email,
        um1_0.image_path,
        um1_0.name,
        um1_0.password,
        um1_0.phone,
        um1_0.points,
        um1_0.register_at,
        um1_0.status,
        um1_0.username 
    from
        app_user um1_0 
    where
        um1_0.id=?
Hibernate: 
    insert 
    into
        address
        (city, country, number, state, street, user_id, zip_code) 
    values
        (?, ?, ?, ?, ?, ?, ?) 
    returning id
Hibernate: 
    insert 
    into
        statistic
        (best_streak, challenges_completed, lessons_completed, streak_days, user_id, experience, level) 
    values
        (?, ?, ?, ?, ?, ?, ?) 
    returning id
Hibernate: 
    select
        um1_0.id,
        um1_0.born_at,
        um1_0.cpf,
        um1_0.email,
        um1_0.image_path,
        um1_0.name,
        um1_0.password,
        um1_0.phone,
        um1_0.points,
        um1_0.register_at,
        um1_0.status,
        um1_0.username 
    from
        app_user um1_0 
    where
        um1_0.id=?
Hibernate: 
    insert 
    into
        address
        (city, country, number, state, street, user_id, zip_code) 
    values
        (?, ?, ?, ?, ?, ?, ?) 
    returning id
Hibernate: 
    insert 
    into
        statistic
        (best_streak, challenges_completed, lessons_completed, streak_days, user_id, experience, level) 
    values
        (?, ?, ?, ?, ?, ?, ?) 
    returning id
Hibernate: 
    select
        um1_0.id,
        um1_0.born_at,
        um1_0.cpf,
        um1_0.email,
        um1_0.image_path,
        um1_0.name,
        um1_0.password,
        um1_0.phone,
        um1_0.points,
        um1_0.register_at,
        um1_0.status,
        um1_0.username 
    from
        app_user um1_0 
    where
        um1_0.id=?
Hibernate: 
    insert 
    into
        address
        (city, country, number, state, street, user_id, zip_code) 
    values
        (?, ?, ?, ?, ?, ?, ?) 
    returning id
Hibernate: 
    insert 
    into
        statistic
        (best_streak, challenges_completed, lessons_completed, streak_days, user_id, experience, level) 
    values
        (?, ?, ?, ?, ?, ?, ?) 
    returning id
Hibernate: 
    select
        um1_0.id,
        um1_0.born_at,
        um1_0.cpf,
        um1_0.email,
        um1_0.image_path,
        um1_0.name,
        um1_0.password,
        um1_0.phone,
        um1_0.points,
        um1_0.register_at,
        um1_0.status,
        um1_0.username 
    from
        app_user um1_0 
    where
        um1_0.id=?
Hibernate: 
    insert 
    into
        address
        (city, country, number, state, street, user_id, zip_code) 
    values
        (?, ?, ?, ?, ?, ?, ?) 
    returning id
Hibernate: 
    insert 
    into
        statistic
        (best_streak, challenges_completed, lessons_completed, streak_days, user_id, experience, level) 
    values
        (?, ?, ?, ?, ?, ?, ?) 
    returning id
Hibernate: 
    select
        um1_0.id,
        um1_0.born_at,
        um1_0.cpf,
        um1_0.email,
        um1_0.image_path,
        um1_0.name,
        um1_0.password,
        um1_0.phone,
        um1_0.points,
        um1_0.register_at,
        um1_0.status,
        um1_0.username 
    from
        app_user um1_0 
    where
        um1_0.id=?
Hibernate: 
    insert 
    into
        address
        (city, country, number, state, street, user_id, zip_code) 
    values
        (?, ?, ?, ?, ?, ?, ?) 
    returning id
Hibernate: 
    insert 
    into
        statistic
        (best_streak, challenges_completed, lessons_completed, streak_days, user_id, experience, level) 
    values
        (?, ?, ?, ?, ?, ?, ?) 
    returning id
Hibernate: 
    select
        um1_0.id,
        um1_0.born_at,
        um1_0.cpf,
        um1_0.email,
        um1_0.image_path,
        um1_0.name,
        um1_0.password,
        um1_0.phone,
        um1_0.points,
        um1_0.register_at,
        um1_0.status,
        um1_0.username 
    from
        app_user um1_0 
    where
        um1_0.id=?
Hibernate: 
    insert 
    into
        address
        (city, country, number, state, street, user_id, zip_code) 
    values
        (?, ?, ?, ?, ?, ?, ?) 
    returning id
Hibernate: 
    insert 
    into
        statistic
        (best_streak, challenges_completed, lessons_completed, streak_days, user_id, experience, level) 
    values
        (?, ?, ?, ?, ?, ?, ?) 
    returning id
Hibernate: 
    select
        um1_0.id,
        um1_0.born_at,
        um1_0.cpf,
        um1_0.email,
        um1_0.image_path,
        um1_0.name,
        um1_0.password,
        um1_0.phone,
        um1_0.points,
        um1_0.register_at,
        um1_0.status,
        um1_0.username 
    from
        app_user um1_0 
    where
        um1_0.id=?
Hibernate: 
    insert 
    into
        address
        (city, country, number, state, street, user_id, zip_code) 
    values
        (?, ?, ?, ?, ?, ?, ?) 
    returning id
Hibernate: 
    insert 
    into
        statistic
        (best_streak, challenges_completed, lessons_completed, streak_days, user_id, experience, level) 
    values
        (?, ?, ?, ?, ?, ?, ?) 
    returning id
All fake data generated successfully.
]]></system-out>
    <system-err><![CDATA[WARNING: A Java agent has been loaded dynamically (C:\Users\José Henrique\.m2\repository\net\bytebuddy\byte-buddy-agent\1.14.19\byte-buddy-agent-1.14.19.jar)
WARNING: If a serviceability tool is in use, please run with -XX:+EnableDynamicAgentLoading to hide this warning
WARNING: If a serviceability tool is not in use, please run with -Djdk.instrument.traceUsage for more information
WARNING: Dynamic loading of agents will be disallowed by default in a future release
]]></system-err>
  </testcase>
</testsuite>