<?xml version="1.0" encoding="UTF-8"?>
<testsuite xmlns:xsi="http://www.w3.org/2001/XMLSchema-instance" xsi:noNamespaceSchemaLocation="https://maven.apache.org/surefire/maven-surefire-plugin/xsd/surefire-test-report-3.0.xsd" version="3.0" name="com.thigas.quack.QuackApplicationTests" time="9.696" tests="1" errors="0" skipped="0" failures="0">
  <properties>
[...]
</properties>
  <testcase name="contextLoads" classname="com.thigas.quack.QuackApplicationTests" time="0.489">
    <system-out><![CDATA[01:18:11.242 [main] INFO org.springframework.test.context.support.AnnotationConfigContextLoaderUtils -- Could not detect default configuration classes for test class [com.thigas.quack.QuackApplicationTests]: QuackApplicationTests does not declare any static, non-private, non-final, nested classes annotated with @Configuration.
01:18:11.373 [main] INFO org.springframework.boot.test.context.SpringBootTestContextBootstrapper -- Found @SpringBootConfiguration com.thigas.quack.QuackApplication for test class com.thigas.quack.QuackApplicationTests
01:18:11.597 [main] INFO org.springframework.boot.devtools.restart.RestartApplicationListener -- Restart disabled due to context in which it is running

  .   ____          _            __ _ _
 /\\ / ___'_ __ _ _(_)_ __  __ _ \ \ \ \
( ( )\___ | '_ | '_| | '_ \/ _` | \ \ \ \
 \\/  ___)| |_)| | | | | || (_| |  ) ) ) )
  '  |____| .__|_| |_|_| |_\__, | / / / /
 =========|_|==============|___/=/_/_/_/

 :: Spring Boot ::                (v3.3.4)

2024-10-03T01:18:11.915-03:00  INFO 24608 --- [quack] [           main] com.thigas.quack.QuackApplicationTests   : Starting QuackApplicationTests using Java 21.0.4 with PID 24608 (started by José Henrique in I:\Documents\quack)
2024-10-03T01:18:11.917-03:00  INFO 24608 --- [quack] [           main] com.thigas.quack.QuackApplicationTests   : No active profile set, falling back to 1 default profile: "default"
2024-10-03T01:18:13.340-03:00  INFO 24608 --- [quack] [           main] .s.d.r.c.RepositoryConfigurationDelegate : Bootstrapping Spring Data JPA repositories in DEFAULT mode.
2024-10-03T01:18:13.486-03:00  INFO 24608 --- [quack] [           main] .s.d.r.c.RepositoryConfigurationDelegate : Finished Spring Data repository scanning in 136 ms. Found 11 JPA repository interfaces.
2024-10-03T01:18:14.428-03:00  INFO 24608 --- [quack] [           main] o.hibernate.jpa.internal.util.LogHelper  : HHH000204: Processing PersistenceUnitInfo [name: default]
2024-10-03T01:18:14.519-03:00  INFO 24608 --- [quack] [           main] org.hibernate.Version                    : HHH000412: Hibernate ORM core version 6.5.3.Final
2024-10-03T01:18:14.564-03:00  INFO 24608 --- [quack] [           main] o.h.c.internal.RegionFactoryInitiator    : HHH000026: Second-level cache disabled
2024-10-03T01:18:14.939-03:00  INFO 24608 --- [quack] [           main] o.s.o.j.p.SpringPersistenceUnitInfo      : No LoadTimeWeaver setup: ignoring JPA class transformer
2024-10-03T01:18:14.971-03:00  INFO 24608 --- [quack] [           main] com.zaxxer.hikari.HikariDataSource       : HikariPool-1 - Starting...
2024-10-03T01:18:15.208-03:00  INFO 24608 --- [quack] [           main] com.zaxxer.hikari.pool.HikariPool        : HikariPool-1 - Added connection org.postgresql.jdbc.PgConnection@38968752
2024-10-03T01:18:15.210-03:00  INFO 24608 --- [quack] [           main] com.zaxxer.hikari.HikariDataSource       : HikariPool-1 - Start completed.
2024-10-03T01:18:15.244-03:00  WARN 24608 --- [quack] [           main] org.hibernate.orm.deprecation            : HHH90000025: PostgreSQLDialect does not need to be specified explicitly using 'hibernate.dialect' (remove the property setting and it will be selected by default)
2024-10-03T01:18:16.510-03:00  INFO 24608 --- [quack] [           main] o.h.e.t.j.p.i.JtaPlatformInitiator       : HHH000489: No JTA platform available (set 'hibernate.transaction.jta.platform' to enable JTA platform integration)
2024-10-03T01:18:16.583-03:00 DEBUG 24608 --- [quack] [           main] org.hibernate.SQL                        : 
    alter table if exists user_achievement 
       alter column earned_at set data type TIMESTAMP WITH TIME ZONE
Hibernate: 
    alter table if exists user_achievement 
       alter column earned_at set data type TIMESTAMP WITH TIME ZONE
2024-10-03T01:18:16.816-03:00  INFO 24608 --- [quack] [           main] j.LocalContainerEntityManagerFactoryBean : Initialized JPA EntityManagerFactory for persistence unit 'default'
2024-10-03T01:18:18.322-03:00  WARN 24608 --- [quack] [           main] JpaBaseConfiguration$JpaWebConfiguration : spring.jpa.open-in-view is enabled by default. Therefore, database queries may be performed during view rendering. Explicitly configure spring.jpa.open-in-view to disable this warning
2024-10-03T01:18:18.366-03:00  INFO 24608 --- [quack] [           main] r$InitializeUserDetailsManagerConfigurer : Global AuthenticationManager configured with UserDetailsService bean with name customUserDetailsService
2024-10-03T01:18:18.561-03:00  INFO 24608 --- [quack] [           main] o.s.b.a.w.s.WelcomePageHandlerMapping    : Adding welcome page template: index
2024-10-03T01:18:19.064-03:00  INFO 24608 --- [quack] [           main] o.s.b.a.e.web.EndpointLinksResolver      : Exposing 1 endpoint beneath base path '/actuator'
2024-10-03T01:18:19.830-03:00  INFO 24608 --- [quack] [           main] com.thigas.quack.QuackApplicationTests   : Started QuackApplicationTests in 8.259 seconds (process running for 9.546)
2024-10-03T01:18:20.014-03:00 DEBUG 24608 --- [quack] [           main] org.hibernate.SQL                        : 
    insert 
    into
        app_user
        (born_at, cpf, email, image_path, name, password, phone, points, register_at, status, username) 
    values
        (?, ?, ?, ?, ?, ?, ?, ?, ?, ?, ?) 
    returning id
Hibernate: 
    insert 
    into
        app_user
        (born_at, cpf, email, image_path, name, password, phone, points, register_at, status, username) 
    values
        (?, ?, ?, ?, ?, ?, ?, ?, ?, ?, ?) 
    returning id
2024-10-03T01:18:20.073-03:00 DEBUG 24608 --- [quack] [           main] org.hibernate.SQL                        : 
    insert 
    into
        app_user
        (born_at, cpf, email, image_path, name, password, phone, points, register_at, status, username) 
    values
        (?, ?, ?, ?, ?, ?, ?, ?, ?, ?, ?) 
    returning id
Hibernate: 
    insert 
    into
        app_user
        (born_at, cpf, email, image_path, name, password, phone, points, register_at, status, username) 
    values
        (?, ?, ?, ?, ?, ?, ?, ?, ?, ?, ?) 
    returning id
2024-10-03T01:18:20.078-03:00 DEBUG 24608 --- [quack] [           main] org.hibernate.SQL                        : 
    insert 
    into
        roadmap
        (description, image_path, status, title) 
    values
        (?, ?, ?, ?) 
    returning id
Hibernate: 
    insert 
    into
        roadmap
        (description, image_path, status, title) 
    values
        (?, ?, ?, ?) 
    returning id
2024-10-03T01:18:20.082-03:00 DEBUG 24608 --- [quack] [           main] org.hibernate.SQL                        : 
    insert 
    into
        roadmap
        (description, image_path, status, title) 
    values
        (?, ?, ?, ?) 
    returning id
Hibernate: 
    insert 
    into
        roadmap
        (description, image_path, status, title) 
    values
        (?, ?, ?, ?) 
    returning id
2024-10-03T01:18:20.088-03:00 DEBUG 24608 --- [quack] [           main] org.hibernate.SQL                        : 
    insert 
    into
        lesson
        (description, image_path, language, title) 
    values
        (?, ?, ?, ?) 
    returning id
Hibernate: 
    insert 
    into
        lesson
        (description, image_path, language, title) 
    values
        (?, ?, ?, ?) 
    returning id
2024-10-03T01:18:20.092-03:00 DEBUG 24608 --- [quack] [           main] org.hibernate.SQL                        : 
    insert 
    into
        lesson
        (description, image_path, language, title) 
    values
        (?, ?, ?, ?) 
    returning id
Hibernate: 
    insert 
    into
        lesson
        (description, image_path, language, title) 
    values
        (?, ?, ?, ?) 
    returning id
2024-10-03T01:18:20.124-03:00 DEBUG 24608 --- [quack] [           main] org.hibernate.SQL                        : 
    select
        sm1_0.id,
        sm1_0.description,
        sm1_0.image_path,
        sm1_0.status 
    from
        step sm1_0 
    where
        sm1_0.id=?
Hibernate: 
    select
        sm1_0.id,
        sm1_0.description,
        sm1_0.image_path,
        sm1_0.status 
    from
        step sm1_0 
    where
        sm1_0.id=?
2024-10-03T01:18:20.142-03:00 DEBUG 24608 --- [quack] [           main] org.hibernate.SQL                        : 
    select
        sm1_0.id,
        sm1_0.description,
        sm1_0.image_path,
        sm1_0.status 
    from
        step sm1_0 
    where
        sm1_0.id=?
Hibernate: 
    select
        sm1_0.id,
        sm1_0.description,
        sm1_0.image_path,
        sm1_0.status 
    from
        step sm1_0 
    where
        sm1_0.id=?
2024-10-03T01:18:20.145-03:00 DEBUG 24608 --- [quack] [           main] org.hibernate.SQL                        : 
    select
        sm1_0.id,
        sm1_0.description,
        sm1_0.image_path,
        sm1_0.status 
    from
        step sm1_0 
    where
        sm1_0.id=?
Hibernate: 
    select
        sm1_0.id,
        sm1_0.description,
        sm1_0.image_path,
        sm1_0.status 
    from
        step sm1_0 
    where
        sm1_0.id=?
2024-10-03T01:18:20.148-03:00 DEBUG 24608 --- [quack] [           main] org.hibernate.SQL                        : 
    select
        sm1_0.id,
        sm1_0.description,
        sm1_0.image_path,
        sm1_0.status 
    from
        step sm1_0 
    where
        sm1_0.id=?
Hibernate: 
    select
        sm1_0.id,
        sm1_0.description,
        sm1_0.image_path,
        sm1_0.status 
    from
        step sm1_0 
    where
        sm1_0.id=?
2024-10-03T01:18:20.150-03:00 DEBUG 24608 --- [quack] [           main] org.hibernate.SQL                        : 
    select
        sm1_0.id,
        sm1_0.description,
        sm1_0.image_path,
        sm1_0.status 
    from
        step sm1_0 
    where
        sm1_0.id=?
Hibernate: 
    select
        sm1_0.id,
        sm1_0.description,
        sm1_0.image_path,
        sm1_0.status 
    from
        step sm1_0 
    where
        sm1_0.id=?
2024-10-03T01:18:20.152-03:00 DEBUG 24608 --- [quack] [           main] org.hibernate.SQL                        : 
    select
        sm1_0.id,
        sm1_0.description,
        sm1_0.image_path,
        sm1_0.status 
    from
        step sm1_0 
    where
        sm1_0.id=?
Hibernate: 
    select
        sm1_0.id,
        sm1_0.description,
        sm1_0.image_path,
        sm1_0.status 
    from
        step sm1_0 
    where
        sm1_0.id=?
2024-10-03T01:18:20.155-03:00 DEBUG 24608 --- [quack] [           main] org.hibernate.SQL                        : 
    select
        sm1_0.id,
        sm1_0.description,
        sm1_0.image_path,
        sm1_0.status 
    from
        step sm1_0 
    where
        sm1_0.id=?
Hibernate: 
    select
        sm1_0.id,
        sm1_0.description,
        sm1_0.image_path,
        sm1_0.status 
    from
        step sm1_0 
    where
        sm1_0.id=?
2024-10-03T01:18:20.158-03:00 DEBUG 24608 --- [quack] [           main] org.hibernate.SQL                        : 
    select
        sm1_0.id,
        sm1_0.description,
        sm1_0.image_path,
        sm1_0.status 
    from
        step sm1_0 
    where
        sm1_0.id=?
Hibernate: 
    select
        sm1_0.id,
        sm1_0.description,
        sm1_0.image_path,
        sm1_0.status 
    from
        step sm1_0 
    where
        sm1_0.id=?
2024-10-03T01:18:20.160-03:00 DEBUG 24608 --- [quack] [           main] org.hibernate.SQL                        : 
    select
        sm1_0.id,
        sm1_0.description,
        sm1_0.image_path,
        sm1_0.status 
    from
        step sm1_0 
    where
        sm1_0.id=?
Hibernate: 
    select
        sm1_0.id,
        sm1_0.description,
        sm1_0.image_path,
        sm1_0.status 
    from
        step sm1_0 
    where
        sm1_0.id=?
2024-10-03T01:18:20.163-03:00 DEBUG 24608 --- [quack] [           main] org.hibernate.SQL                        : 
    select
        sm1_0.id,
        sm1_0.description,
        sm1_0.image_path,
        sm1_0.status 
    from
        step sm1_0 
    where
        sm1_0.id=?
Hibernate: 
    select
        sm1_0.id,
        sm1_0.description,
        sm1_0.image_path,
        sm1_0.status 
    from
        step sm1_0 
    where
        sm1_0.id=?
2024-10-03T01:18:20.165-03:00 DEBUG 24608 --- [quack] [           main] org.hibernate.SQL                        : 
    insert 
    into
        task
        (description, image_path) 
    values
        (?, ?) 
    returning id
Hibernate: 
    insert 
    into
        task
        (description, image_path) 
    values
        (?, ?) 
    returning id
2024-10-03T01:18:20.177-03:00 DEBUG 24608 --- [quack] [           main] org.hibernate.SQL                        : 
    select
        sm1_0.id,
        sm1_0.description,
        sm1_0.image_path,
        sm1_0.status 
    from
        step sm1_0 
    where
        sm1_0.id=?
Hibernate: 
    select
        sm1_0.id,
        sm1_0.description,
        sm1_0.image_path,
        sm1_0.status 
    from
        step sm1_0 
    where
        sm1_0.id=?
2024-10-03T01:18:20.179-03:00 DEBUG 24608 --- [quack] [           main] org.hibernate.SQL                        : 
    select
        sm1_0.id,
        sm1_0.description,
        sm1_0.image_path,
        sm1_0.status 
    from
        step sm1_0 
    where
        sm1_0.id=?
Hibernate: 
    select
        sm1_0.id,
        sm1_0.description,
        sm1_0.image_path,
        sm1_0.status 
    from
        step sm1_0 
    where
        sm1_0.id=?
2024-10-03T01:18:20.182-03:00 DEBUG 24608 --- [quack] [           main] org.hibernate.SQL                        : 
    select
        sm1_0.id,
        sm1_0.description,
        sm1_0.image_path,
        sm1_0.status 
    from
        step sm1_0 
    where
        sm1_0.id=?
Hibernate: 
    select
        sm1_0.id,
        sm1_0.description,
        sm1_0.image_path,
        sm1_0.status 
    from
        step sm1_0 
    where
        sm1_0.id=?
2024-10-03T01:18:20.185-03:00 DEBUG 24608 --- [quack] [           main] org.hibernate.SQL                        : 
    select
        sm1_0.id,
        sm1_0.description,
        sm1_0.image_path,
        sm1_0.status 
    from
        step sm1_0 
    where
        sm1_0.id=?
Hibernate: 
    select
        sm1_0.id,
        sm1_0.description,
        sm1_0.image_path,
        sm1_0.status 
    from
        step sm1_0 
    where
        sm1_0.id=?
2024-10-03T01:18:20.187-03:00 DEBUG 24608 --- [quack] [           main] org.hibernate.SQL                        : 
    select
        sm1_0.id,
        sm1_0.description,
        sm1_0.image_path,
        sm1_0.status 
    from
        step sm1_0 
    where
        sm1_0.id=?
Hibernate: 
    select
        sm1_0.id,
        sm1_0.description,
        sm1_0.image_path,
        sm1_0.status 
    from
        step sm1_0 
    where
        sm1_0.id=?
2024-10-03T01:18:20.189-03:00 DEBUG 24608 --- [quack] [           main] org.hibernate.SQL                        : 
    select
        sm1_0.id,
        sm1_0.description,
        sm1_0.image_path,
        sm1_0.status 
    from
        step sm1_0 
    where
        sm1_0.id=?
Hibernate: 
    select
        sm1_0.id,
        sm1_0.description,
        sm1_0.image_path,
        sm1_0.status 
    from
        step sm1_0 
    where
        sm1_0.id=?
2024-10-03T01:18:20.191-03:00 DEBUG 24608 --- [quack] [           main] org.hibernate.SQL                        : 
    select
        sm1_0.id,
        sm1_0.description,
        sm1_0.image_path,
        sm1_0.status 
    from
        step sm1_0 
    where
        sm1_0.id=?
Hibernate: 
    select
        sm1_0.id,
        sm1_0.description,
        sm1_0.image_path,
        sm1_0.status 
    from
        step sm1_0 
    where
        sm1_0.id=?
2024-10-03T01:18:20.193-03:00 DEBUG 24608 --- [quack] [           main] org.hibernate.SQL                        : 
    select
        sm1_0.id,
        sm1_0.description,
        sm1_0.image_path,
        sm1_0.status 
    from
        step sm1_0 
    where
        sm1_0.id=?
Hibernate: 
    select
        sm1_0.id,
        sm1_0.description,
        sm1_0.image_path,
        sm1_0.status 
    from
        step sm1_0 
    where
        sm1_0.id=?
2024-10-03T01:18:20.195-03:00 DEBUG 24608 --- [quack] [           main] org.hibernate.SQL                        : 
    select
        sm1_0.id,
        sm1_0.description,
        sm1_0.image_path,
        sm1_0.status 
    from
        step sm1_0 
    where
        sm1_0.id=?
Hibernate: 
    select
        sm1_0.id,
        sm1_0.description,
        sm1_0.image_path,
        sm1_0.status 
    from
        step sm1_0 
    where
        sm1_0.id=?
2024-10-03T01:18:20.196-03:00 DEBUG 24608 --- [quack] [           main] org.hibernate.SQL                        : 
    select
        sm1_0.id,
        sm1_0.description,
        sm1_0.image_path,
        sm1_0.status 
    from
        step sm1_0 
    where
        sm1_0.id=?
Hibernate: 
    select
        sm1_0.id,
        sm1_0.description,
        sm1_0.image_path,
        sm1_0.status 
    from
        step sm1_0 
    where
        sm1_0.id=?
2024-10-03T01:18:20.197-03:00 DEBUG 24608 --- [quack] [           main] org.hibernate.SQL                        : 
    insert 
    into
        task
        (description, image_path) 
    values
        (?, ?) 
    returning id
Hibernate: 
    insert 
    into
        task
        (description, image_path) 
    values
        (?, ?) 
    returning id
2024-10-03T01:18:20.203-03:00 DEBUG 24608 --- [quack] [           main] org.hibernate.SQL                        : 
    insert 
    into
        step
        (description, image_path, status) 
    values
        (?, ?, ?) 
    returning id
Hibernate: 
    insert 
    into
        step
        (description, image_path, status) 
    values
        (?, ?, ?) 
    returning id
2024-10-03T01:18:20.205-03:00 DEBUG 24608 --- [quack] [           main] org.hibernate.SQL                        : 
    insert 
    into
        step
        (description, image_path, status) 
    values
        (?, ?, ?) 
    returning id
Hibernate: 
    insert 
    into
        step
        (description, image_path, status) 
    values
        (?, ?, ?) 
    returning id
2024-10-03T01:18:20.211-03:00 DEBUG 24608 --- [quack] [           main] org.hibernate.SQL                        : 
    select
        um1_0.id,
        um1_0.born_at,
        um1_0.cpf,
        um1_0.email,
        um1_0.image_path,
        um1_0.name,
        um1_0.password,
        um1_0.phone,
        um1_0.points,
        um1_0.register_at,
        um1_0.status,
        ua1_0.user_id,
        ua1_0.id,
        ua1_0.achievement_id,
        a1_0.id,
        a1_0.description,
        a1_0.image_path,
        a1_0.name,
        ua1_0.earned_at,
        um1_0.username 
    from
        app_user um1_0 
    left join
        user_achievement ua1_0 
            on um1_0.id=ua1_0.user_id 
    left join
        achievement a1_0 
            on a1_0.id=ua1_0.achievement_id 
    where
        um1_0.id=?
Hibernate: 
    select
        um1_0.id,
        um1_0.born_at,
        um1_0.cpf,
        um1_0.email,
        um1_0.image_path,
        um1_0.name,
        um1_0.password,
        um1_0.phone,
        um1_0.points,
        um1_0.register_at,
        um1_0.status,
        ua1_0.user_id,
        ua1_0.id,
        ua1_0.achievement_id,
        a1_0.id,
        a1_0.description,
        a1_0.image_path,
        a1_0.name,
        ua1_0.earned_at,
        um1_0.username 
    from
        app_user um1_0 
    left join
        user_achievement ua1_0 
            on um1_0.id=ua1_0.user_id 
    left join
        achievement a1_0 
            on a1_0.id=ua1_0.achievement_id 
    where
        um1_0.id=?
2024-10-03T01:18:20.219-03:00 DEBUG 24608 --- [quack] [           main] org.hibernate.SQL                        : 
    insert 
    into
        address
        (city, country, number, state, status, street, user_id, zip_code) 
    values
        (?, ?, ?, ?, ?, ?, ?, ?) 
    returning id
Hibernate: 
    insert 
    into
        address
        (city, country, number, state, status, street, user_id, zip_code) 
    values
        (?, ?, ?, ?, ?, ?, ?, ?) 
    returning id
2024-10-03T01:18:20.224-03:00 DEBUG 24608 --- [quack] [           main] org.hibernate.SQL                        : 
    insert 
    into
        statistic
        (best_streak, challenges_completed, roadmaps_completed_count, streak_days, user_id, experience, level) 
    values
        (?, ?, ?, ?, ?, ?, ?) 
    returning id
Hibernate: 
    insert 
    into
        statistic
        (best_streak, challenges_completed, roadmaps_completed_count, streak_days, user_id, experience, level) 
    values
        (?, ?, ?, ?, ?, ?, ?) 
    returning id
2024-10-03T01:18:20.227-03:00 DEBUG 24608 --- [quack] [           main] org.hibernate.SQL                        : 
    select
        um1_0.id,
        um1_0.born_at,
        um1_0.cpf,
        um1_0.email,
        um1_0.image_path,
        um1_0.name,
        um1_0.password,
        um1_0.phone,
        um1_0.points,
        um1_0.register_at,
        um1_0.status,
        ua1_0.user_id,
        ua1_0.id,
        ua1_0.achievement_id,
        a1_0.id,
        a1_0.description,
        a1_0.image_path,
        a1_0.name,
        ua1_0.earned_at,
        um1_0.username 
    from
        app_user um1_0 
    left join
        user_achievement ua1_0 
            on um1_0.id=ua1_0.user_id 
    left join
        achievement a1_0 
            on a1_0.id=ua1_0.achievement_id 
    where
        um1_0.id=?
Hibernate: 
    select
        um1_0.id,
        um1_0.born_at,
        um1_0.cpf,
        um1_0.email,
        um1_0.image_path,
        um1_0.name,
        um1_0.password,
        um1_0.phone,
        um1_0.points,
        um1_0.register_at,
        um1_0.status,
        ua1_0.user_id,
        ua1_0.id,
        ua1_0.achievement_id,
        a1_0.id,
        a1_0.description,
        a1_0.image_path,
        a1_0.name,
        ua1_0.earned_at,
        um1_0.username 
    from
        app_user um1_0 
    left join
        user_achievement ua1_0 
            on um1_0.id=ua1_0.user_id 
    left join
        achievement a1_0 
            on a1_0.id=ua1_0.achievement_id 
    where
        um1_0.id=?
2024-10-03T01:18:20.231-03:00 DEBUG 24608 --- [quack] [           main] org.hibernate.SQL                        : 
    insert 
    into
        address
        (city, country, number, state, status, street, user_id, zip_code) 
    values
        (?, ?, ?, ?, ?, ?, ?, ?) 
    returning id
Hibernate: 
    insert 
    into
        address
        (city, country, number, state, status, street, user_id, zip_code) 
    values
        (?, ?, ?, ?, ?, ?, ?, ?) 
    returning id
2024-10-03T01:18:20.234-03:00 DEBUG 24608 --- [quack] [           main] org.hibernate.SQL                        : 
    insert 
    into
        statistic
        (best_streak, challenges_completed, roadmaps_completed_count, streak_days, user_id, experience, level) 
    values
        (?, ?, ?, ?, ?, ?, ?) 
    returning id
Hibernate: 
    insert 
    into
        statistic
        (best_streak, challenges_completed, roadmaps_completed_count, streak_days, user_id, experience, level) 
    values
        (?, ?, ?, ?, ?, ?, ?) 
    returning id
All fake data generated successfully.
]]></system-out>
    <system-err><![CDATA[WARNING: A Java agent has been loaded dynamically (C:\Users\José Henrique\.m2\repository\net\bytebuddy\byte-buddy-agent\1.14.19\byte-buddy-agent-1.14.19.jar)
WARNING: If a serviceability tool is in use, please run with -XX:+EnableDynamicAgentLoading to hide this warning
WARNING: If a serviceability tool is not in use, please run with -Djdk.instrument.traceUsage for more information
WARNING: Dynamic loading of agents will be disallowed by default in a future release
]]></system-err>
  </testcase>
</testsuite>